<?xml version="1.0" encoding="UTF-8"?>
<testsuite xmlns:xsi="http://www.w3.org/2001/XMLSchema-instance" xsi:noNamespaceSchemaLocation="https://maven.apache.org/surefire/maven-surefire-plugin/xsd/surefire-test-report-3.0.xsd" version="3.0" name="EvoMaster_Test" time="12.943" tests="70" errors="0" skipped="0" failures="0">
  <properties>
[...]
</properties>
  <testcase name="test_19_getOnV2LangReturns1Element" classname="EvoMaster_Test" time="0.561"/>
  <testcase name="test_7_getOnAlphaShowsFaults_100_101" classname="EvoMaster_Test" time="0.043"/>
  <testcase name="test_55_getOnV2SubregionWithQueryParamReturns404" classname="EvoMaster_Test" time="0.025"/>
  <testcase name="test_6_postOnV1Returns405" classname="EvoMaster_Test" time="0.029"/>
  <testcase name="test_14_getOnAlphaReturnsMismatchResponseWithSchema" classname="EvoMaster_Test" time="0.023"/>
  <testcase name="test_37_getOnV1NameReturns1Element" classname="EvoMaster_Test" time="0.267"/>
  <testcase name="test_21_getOnV2RegionWithQueryParamReturns53Elements" classname="EvoMaster_Test" time="0.129"/>
  <testcase name="test_13_getOnV1AllReturns250Elements" classname="EvoMaster_Test" time="0.867"/>
  <testcase name="test_64_getOnV1CallingcodReturns404" classname="EvoMaster_Test" time="0.02"/>
  <testcase name="test_3_postOnContributeReturnsMismatchResponseWithSchema" classname="EvoMaster_Test" time="0.234"/>
  <testcase name="test_31_getOnLangReturns24Elements" classname="EvoMaster_Test" time="0.633"/>
  <testcase name="test_50_getOnV1AlphaReturns400" classname="EvoMaster_Test" time="0.021"/>
  <testcase name="test_20_getOnV2SubregionWithQueryParamReturns9Elements" classname="EvoMaster_Test" time="0.076"/>
  <testcase name="test_34_getOnV1CapitReturns1Element" classname="EvoMaster_Test" time="0.218"/>
  <testcase name="test_62_getOnV1NameWithQueryParamReturns404" classname="EvoMaster_Test" time="0.023"/>
  <testcase name="test_44_getOnV2CurrencReturns36Elements" classname="EvoMaster_Test" time="0.967"/>
  <testcase name="test_17_getOnV2DemonymWithQueryParamReturns3Elements" classname="EvoMaster_Test" time="0.056"/>
  <testcase name="test_57_getOnV2CallingcodWithQueryParamReturns404" classname="EvoMaster_Test" time="0.02"/>
  <testcase name="test_2_getOnRestV2Returns250Elements" classname="EvoMaster_Test" time="0.959"/>
  <testcase name="test_66_getOnV2CurrencWithQueryParamReturns404" classname="EvoMaster_Test" time="0.021"/>
  <testcase name="test_39_getOnV1AlphaReturnsObject" classname="EvoMaster_Test" time="0.162"/>
  <testcase name="test_54_getOnV2LangWithQueryParamReturns404" classname="EvoMaster_Test" time="0.017"/>
  <testcase name="test_65_getOnV2CapitWithQueryParamReturns404" classname="EvoMaster_Test" time="0.019"/>
  <testcase name="test_32_getOnV1SubregionReturns9Elements" classname="EvoMaster_Test" time="0.474"/>
  <testcase name="test_60_getOnV1SubregionReturns404" classname="EvoMaster_Test" time="0.017"/>
  <testcase name="test_10_getOnV2AllWithQueryParamReturns250Elements" classname="EvoMaster_Test" time="0.147"/>
  <testcase name="test_46_getOnV2AlphaReturnsObject" classname="EvoMaster_Test" time="0.249"/>
  <testcase name="test_45_getOnV2CapitReturns1Element" classname="EvoMaster_Test" time="0.252"/>
  <testcase name="test_36_getOnV1NameWithQueryParamReturns1Element" classname="EvoMaster_Test" time="0.157"/>
  <testcase name="test_0_getOnRestV2WithQueryParamReturns250Elements" classname="EvoMaster_Test" time="0.095"/>
  <testcase name="test_68_getOnV2AlphaReturns404" classname="EvoMaster_Test" time="0.018"/>
  <testcase name="test_43_getOnV2NameWithQueryParamReturns1Element" classname="EvoMaster_Test" time="0.037"/>
  <testcase name="test_51_getOnV1CurrencReturns400" classname="EvoMaster_Test" time="0.017"/>
  <testcase name="test_22_getOnV2RegionReturns53Elements" classname="EvoMaster_Test" time="0.6"/>
  <testcase name="test_12_getOnAlphaReturns1Element" classname="EvoMaster_Test" time="0.013"/>
  <testcase name="test_49_getOnV2AlphaWithQueryParamReturns400" classname="EvoMaster_Test" time="0.013"/>
  <testcase name="test_33_getOnV1RegionReturns53Elements" classname="EvoMaster_Test" time="0.396"/>
  <testcase name="test_9_getOnV2AlphaWithQueryParamReturnsMismatchResponseWithSchema" classname="EvoMaster_Test" time="0.015"/>
  <testcase name="test_67_getOnV1AlphaReturns404" classname="EvoMaster_Test" time="0.016"/>
  <testcase name="test_42_getOnV2DemonymReturns3Elements" classname="EvoMaster_Test" time="0.624"/>
  <testcase name="test_40_getOnV1NameWithQueryParamFullTextReturns1Element" classname="EvoMaster_Test" time="0.162"/>
  <testcase name="test_25_getOnV2CallingcodReturns25Elements" classname="EvoMaster_Test" time="0.532"/>
  <testcase name="test_11_getOnV2AllReturns250Elements" classname="EvoMaster_Test" time="0.674"/>
  <testcase name="test_15_getOnV1AlphaWithQueryParamReturns400" classname="EvoMaster_Test" time="0.025"/>
  <testcase name="test_41_getOnV2RegionalblocReturns33Elements" classname="EvoMaster_Test" time="0.625"/>
  <testcase name="test_38_getOnCurrencReturns20Elements" classname="EvoMaster_Test" time="0.36"/>
  <testcase name="test_27_getOnV2NameWithQueryParamFullTextReturns1Element" classname="EvoMaster_Test" time="0.184"/>
  <testcase name="test_63_getOnV1CapitReturns404" classname="EvoMaster_Test" time="0.013"/>
  <testcase name="test_56_getOnV2RegionWithQueryParamReturns404" classname="EvoMaster_Test" time="0.012"/>
  <testcase name="test_29_getOnV2CurrencWithQueryParamReturns36Elements" classname="EvoMaster_Test" time="0.046"/>
  <testcase name="test_5_postOnV2Returns405" classname="EvoMaster_Test" time="0.013"/>
  <testcase name="test_28_getOnV2NameWithQueryParamsFullTextReturns1Element" classname="EvoMaster_Test" time="0.024"/>
  <testcase name="test_69_getOnV1CurrencReturns404" classname="EvoMaster_Test" time="0.011"/>
  <testcase name="test_8_getOnAlphaReturnsMismatchResponseWithSchema" classname="EvoMaster_Test" time="0.02"/>
  <testcase name="test_24_getOnV2CallingcodWithQueryParamReturns25Elements" classname="EvoMaster_Test" time="0.041"/>
  <testcase name="test_52_getOnRegionalblocReturns404" classname="EvoMaster_Test" time="0.012"/>
  <testcase name="test_48_getOnV2CurrencWithQueryParamReturns400" classname="EvoMaster_Test" time="0.013"/>
  <testcase name="test_35_getOnCallingcodReturns27Elements" classname="EvoMaster_Test" time="0.378"/>
  <testcase name="test_59_getOnV1LangReturns404" classname="EvoMaster_Test" time="0.013"/>
  <testcase name="test_61_getOnV1RegionReturns404" classname="EvoMaster_Test" time="0.012"/>
  <testcase name="test_1_getOnV1Returns250Elements" classname="EvoMaster_Test" time="0.427"/>
  <testcase name="test_23_getOnV2CapitWithQueryParamReturns1Element" classname="EvoMaster_Test" time="0.029"/>
  <testcase name="test_47_getOnV2SubregionReturns9Elements" classname="EvoMaster_Test" time="0.574"/>
  <testcase name="test_4_postOnContributeReturns400" classname="EvoMaster_Test" time="0.014"/>
  <testcase name="test_53_getOnDemonymReturns404" classname="EvoMaster_Test" time="0.017"/>
  <testcase name="test_16_getOnV2RegionalblocWithQueryParamReturns33Elements" classname="EvoMaster_Test" time="0.085"/>
  <testcase name="test_26_getOnV2NameWithQueryParamsReturns1Element" classname="EvoMaster_Test" time="0.026"/>
  <testcase name="test_18_getOnV2LangWithQueryParamReturns1Element" classname="EvoMaster_Test" time="0.032"/>
  <testcase name="test_30_getOnV2AlphaWithQueryParamReturnsObject" classname="EvoMaster_Test" time="0.02"/>
  <testcase name="test_58_getOnV2NameWithQueryParamsReturns404" classname="EvoMaster_Test" time="0.018"/>
</testsuite>