GROUP,PACKAGE,CLASS,INSTRUCTION_MISSED,INSTRUCTION_COVERED,BRANCH_MISSED,BRANCH_COVERED,LINE_MISSED,LINE_COVERED,COMPLEXITY_MISSED,COMPLEXITY_COVERED,METHOD_MISSED,METHOD_COVERED
JaCoCo Maven plug-in example with Offline Instrumentation,org.restncs.imp,TriangleClassification,3,64,2,26,1,10,3,13,1,1
JaCoCo Maven plug-in example with Offline Instrumentation,org.restncs.imp,Bessj,8,430,2,26,1,64,2,16,0,4
JaCoCo Maven plug-in example with Offline Instrumentation,org.restncs.imp,Fisher,5,233,1,15,2,37,2,8,1,1
JaCoCo Maven plug-in example with Offline Instrumentation,org.restncs.imp,Expint,13,200,5,25,3,35,6,11,1,1
JaCoCo Maven plug-in example with Offline Instrumentation,org.restncs.imp,Remainder,13,105,3,21,1,25,4,10,1,1
JaCoCo Maven plug-in example with Offline Instrumentation,org.restncs.imp,Gammq,14,288,5,21,0,48,5,13,0,5
JaCoCo Maven plug-in example with Offline Instrumentation,org.restncs,Dto,0,3,0,0,0,1,0,1,0,1
JaCoCo Maven plug-in example with Offline Instrumentation,org.restncs,NcsRest,5,165,1,15,2,32,1,14,0,7
JaCoCo Maven plug-in example with Offline Instrumentation,org.restncs,NcsApplication,0,32,0,0,0,13,0,4,0,4
