<?xml version="1.0" encoding="UTF-8"?>
<testsuite xmlns:xsi="http://www.w3.org/2001/XMLSchema-instance" xsi:noNamespaceSchemaLocation="https://maven.apache.org/surefire/maven-surefire-plugin/xsd/surefire-test-report-3.0.xsd" version="3.0" name="ts01qwen3_7_plus.CountryRestV2Test" time="0.021" tests="15" errors="0" skipped="1" failures="0">
  <properties>
[...]
</properties>
  <testcase name="testGetByDemonym_Exception" classname="ts01qwen3_7_plus.CountryRestV2Test" time="0.001">
    <system-out><![CDATA[Request method:	GET
Request URI:	http://localhost:8080/rest/v2/demonym/True
Proxy:			<none>
Request params:	<none>
Query params:	<none>
Form params:	<none>
Path params:	<none>
Headers:		Accept=*/*
Cookies:		<none>
Multiparts:		<none>
Body:			<none>
HTTP/1.1 404 
Content-Type: application/json;charset=utf-8
Content-Length: 36
Date: Sun, 12 Jul 2026 23:40:50 GMT
Keep-Alive: timeout=60
Connection: keep-alive

{
    "status": 404,
    "message": "Not Found"
}
]]></system-out>
  </testcase>
  <testcase name="testGetByRegion_Exception" classname="ts01qwen3_7_plus.CountryRestV2Test" time="0.001">
    <system-out><![CDATA[Request method:	GET
Request URI:	http://localhost:8080/rest/v2/region/True
Proxy:			<none>
Request params:	<none>
Query params:	<none>
Form params:	<none>
Path params:	<none>
Headers:		Accept=*/*
Cookies:		<none>
Multiparts:		<none>
Body:			<none>
HTTP/1.1 404 
Content-Type: application/json;charset=utf-8
Content-Length: 36
Date: Sun, 12 Jul 2026 23:40:50 GMT
Keep-Alive: timeout=60
Connection: keep-alive

{
    "status": 404,
    "message": "Not Found"
}
]]></system-out>
  </testcase>
  <testcase name="testGetByAlphaList_Exception" classname="ts01qwen3_7_plus.CountryRestV2Test" time="0">
    <skipped message="Illegal character in query at index 23: /rest/v2/alpha?codes=US|CA"/>
  </testcase>
  <testcase name="testGetByCurrency_Exception" classname="ts01qwen3_7_plus.CountryRestV2Test" time="0">
    <system-out><![CDATA[Request method:	GET
Request URI:	http://localhost:8080/rest/v2/currency/%7B%7D
Proxy:			<none>
Request params:	<none>
Query params:	<none>
Form params:	<none>
Path params:	<none>
Headers:		Accept=*/*
Cookies:		<none>
Multiparts:		<none>
Body:			<none>
HTTP/1.1 400 
Content-Type: application/json;charset=utf-8
Content-Length: 38
Date: Sun, 12 Jul 2026 23:40:50 GMT
Connection: close

{
    "status": 400,
    "message": "Bad Request"
}
]]></system-out>
  </testcase>
  <testcase name="testGetByName_Exception" classname="ts01qwen3_7_plus.CountryRestV2Test" time="0.001">
    <system-out><![CDATA[Request method:	GET
Request URI:	http://localhost:8080/rest/v2/name/True
Proxy:			<none>
Request params:	<none>
Query params:	<none>
Form params:	<none>
Path params:	<none>
Headers:		Accept=*/*
Cookies:		<none>
Multiparts:		<none>
Body:			<none>
HTTP/1.1 404 
Content-Type: application/json;charset=utf-8
Content-Length: 36
Date: Sun, 12 Jul 2026 23:40:50 GMT
Keep-Alive: timeout=60
Connection: keep-alive

{
    "status": 404,
    "message": "Not Found"
}
]]></system-out>
  </testcase>
  <testcase name="testGetByCapital_Exception" classname="ts01qwen3_7_plus.CountryRestV2Test" time="0">
    <system-out><![CDATA[Request method:	GET
Request URI:	http://localhost:8080/rest/v2/capital/True
Proxy:			<none>
Request params:	<none>
Query params:	<none>
Form params:	<none>
Path params:	<none>
Headers:		Accept=*/*
Cookies:		<none>
Multiparts:		<none>
Body:			<none>
HTTP/1.1 404 
Content-Type: application/json;charset=utf-8
Content-Length: 36
Date: Sun, 12 Jul 2026 23:40:50 GMT
Keep-Alive: timeout=60
Connection: keep-alive

{
    "status": 404,
    "message": "Not Found"
}
]]></system-out>
  </testcase>
  <testcase name="testParsedCountries_WithFields" classname="ts01qwen3_7_plus.CountryRestV2Test" time="0.012">
    <system-out><![CDATA[Request method:	GET
Request URI:	http://localhost:8080/rest/v2/all?fields=name
Proxy:			<none>
Request params:	<none>
Query params:	fields=name
Form params:	<none>
Path params:	<none>
Headers:		Accept=*/*
Cookies:		<none>
Multiparts:		<none>
Body:			<none>
HTTP/1.1 200 
Content-Type: application/json;charset=utf-8
Content-Length: 5867
Date: Sun, 12 Jul 2026 23:40:50 GMT
Keep-Alive: timeout=60
Connection: keep-alive

[
    {
        "name": "Afghanistan"
    },
    {
        "name": "Åland Islands"
    },
    {
        "name": "Albania"
    },
    {
        "name": "Algeria"
    },
    {
        "name": "American Samoa"
    },
    {
        "name": "Andorra"
    },
    {
        "name": "Angola"
    },
    {
        "name": "Anguilla"
    },
    {
        "name": "Antarctica"
    },
    {
        "name": "Antigua and Barbuda"
    },
    {
        "name": "Argentina"
    },
    {
        "name": "Armenia"
    },
    {
        "name": "Aruba"
    },
    {
        "name": "Australia"
    },
    {
        "name": "Austria"
    },
    {
        "name": "Azerbaijan"
    },
    {
        "name": "Bahamas"
    },
    {
        "name": "Bahrain"
    },
    {
        "name": "Bangladesh"
    },
    {
        "name": "Barbados"
    },
    {
        "name": "Belarus"
    },
    {
        "name": "Belgium"
    },
    {
        "name": "Belize"
    },
    {
        "name": "Benin"
    },
    {
        "name": "Bermuda"
    },
    {
        "name": "Bhutan"
    },
    {
        "name": "Bolivia (Plurinational State of)"
    },
    {
        "name": "Bonaire, Sint Eustatius and Saba"
    },
    {
        "name": "Bosnia and Herzegovina"
    },
    {
        "name": "Botswana"
    },
    {
        "name": "Bouvet Island"
    },
    {
        "name": "Brazil"
    },
    {
        "name": "British Indian Ocean Territory"
    },
    {
        "name": "United States Minor Outlying Islands"
    },
    {
        "name": "Virgin Islands (British)"
    },
    {
        "name": "Virgin Islands (U.S.)"
    },
    {
        "name": "Brunei Darussalam"
    },
    {
        "name": "Bulgaria"
    },
    {
        "name": "Burkina Faso"
    },
    {
        "name": "Burundi"
    },
    {
        "name": "Cambodia"
    },
    {
        "name": "Cameroon"
    },
    {
        "name": "Canada"
    },
    {
        "name": "Cabo Verde"
    },
    {
        "name": "Cayman Islands"
    },
    {
        "name": "Central African Republic"
    },
    {
        "name": "Chad"
    },
    {
        "name": "Chile"
    },
    {
        "name": "China"
    },
    {
        "name": "Christmas Island"
    },
    {
        "name": "Cocos (Keeling) Islands"
    },
    {
        "name": "Colombia"
    },
    {
        "name": "Comoros"
    },
    {
        "name": "Congo"
    },
    {
        "name": "Congo (Democratic Republic of the)"
    },
    {
        "name": "Cook Islands"
    },
    {
        "name": "Costa Rica"
    },
    {
        "name": "Croatia"
    },
    {
        "name": "Cuba"
    },
    {
        "name": "Curaçao"
    },
    {
        "name": "Cyprus"
    },
    {
        "name": "Czech Republic"
    },
    {
        "name": "Denmark"
    },
    {
        "name": "Djibouti"
    },
    {
        "name": "Dominica"
    },
    {
        "name": "Dominican Republic"
    },
    {
        "name": "Ecuador"
    },
    {
        "name": "Egypt"
    },
    {
        "name": "El Salvador"
    },
    {
        "name": "Equatorial Guinea"
    },
    {
        "name": "Eritrea"
    },
    {
        "name": "Estonia"
    },
    {
        "name": "Ethiopia"
    },
    {
        "name": "Falkland Islands (Malvinas)"
    },
    {
        "name": "Faroe Islands"
    },
    {
        "name": "Fiji"
    },
    {
        "name": "Finland"
    },
    {
        "name": "France"
    },
    {
        "name": "French Guiana"
    },
    {
        "name": "French Polynesia"
    },
    {
        "name": "French Southern Territories"
    },
    {
        "name": "Gabon"
    },
    {
        "name": "Gambia"
    },
    {
        "name": "Georgia"
    },
    {
        "name": "Germany"
    },
    {
        "name": "Ghana"
    },
    {
        "name": "Gibraltar"
    },
    {
        "name": "Greece"
    },
    {
        "name": "Greenland"
    },
    {
        "name": "Grenada"
    },
    {
        "name": "Guadeloupe"
    },
    {
        "name": "Guam"
    },
    {
        "name": "Guatemala"
    },
    {
        "name": "Guernsey"
    },
    {
        "name": "Guinea"
    },
    {
        "name": "Guinea-Bissau"
    },
    {
        "name": "Guyana"
    },
    {
        "name": "Haiti"
    },
    {
        "name": "Heard Island and McDonald Islands"
    },
    {
        "name": "Holy See"
    },
    {
        "name": "Honduras"
    },
    {
        "name": "Hong Kong"
    },
    {
        "name": "Hungary"
    },
    {
        "name": "Iceland"
    },
    {
        "name": "India"
    },
    {
        "name": "Indonesia"
    },
    {
        "name": "Côte d'Ivoire"
    },
    {
        "name": "Iran (Islamic Republic of)"
    },
    {
        "name": "Iraq"
    },
    {
        "name": "Ireland"
    },
    {
        "name": "Isle of Man"
    },
    {
        "name": "Israel"
    },
    {
        "name": "Italy"
    },
    {
        "name": "Jamaica"
    },
    {
        "name": "Japan"
    },
    {
        "name": "Jersey"
    },
    {
        "name": "Jordan"
    },
    {
        "name": "Kazakhstan"
    },
    {
        "name": "Kenya"
    },
    {
        "name": "Kiribati"
    },
    {
        "name": "Kuwait"
    },
    {
        "name": "Kyrgyzstan"
    },
    {
        "name": "Lao People's Democratic Republic"
    },
    {
        "name": "Latvia"
    },
    {
        "name": "Lebanon"
    },
    {
        "name": "Lesotho"
    },
    {
        "name": "Liberia"
    },
    {
        "name": "Libya"
    },
    {
        "name": "Liechtenstein"
    },
    {
        "name": "Lithuania"
    },
    {
        "name": "Luxembourg"
    },
    {
        "name": "Macao"
    },
    {
        "name": "Macedonia (the former Yugoslav Republic of)"
    },
    {
        "name": "Madagascar"
    },
    {
        "name": "Malawi"
    },
    {
        "name": "Malaysia"
    },
    {
        "name": "Maldives"
    },
    {
        "name": "Mali"
    },
    {
        "name": "Malta"
    },
    {
        "name": "Marshall Islands"
    },
    {
        "name": "Martinique"
    },
    {
        "name": "Mauritania"
    },
    {
        "name": "Mauritius"
    },
    {
        "name": "Mayotte"
    },
    {
        "name": "Mexico"
    },
    {
        "name": "Micronesia (Federated States of)"
    },
    {
        "name": "Moldova (Republic of)"
    },
    {
        "name": "Monaco"
    },
    {
        "name": "Mongolia"
    },
    {
        "name": "Montenegro"
    },
    {
        "name": "Montserrat"
    },
    {
        "name": "Morocco"
    },
    {
        "name": "Mozambique"
    },
    {
        "name": "Myanmar"
    },
    {
        "name": "Namibia"
    },
    {
        "name": "Nauru"
    },
    {
        "name": "Nepal"
    },
    {
        "name": "Netherlands"
    },
    {
        "name": "New Caledonia"
    },
    {
        "name": "New Zealand"
    },
    {
        "name": "Nicaragua"
    },
    {
        "name": "Niger"
    },
    {
        "name": "Nigeria"
    },
    {
        "name": "Niue"
    },
    {
        "name": "Norfolk Island"
    },
    {
        "name": "Korea (Democratic People's Republic of)"
    },
    {
        "name": "Northern Mariana Islands"
    },
    {
        "name": "Norway"
    },
    {
        "name": "Oman"
    },
    {
        "name": "Pakistan"
    },
    {
        "name": "Palau"
    },
    {
        "name": "Palestine, State of"
    },
    {
        "name": "Panama"
    },
    {
        "name": "Papua New Guinea"
    },
    {
        "name": "Paraguay"
    },
    {
        "name": "Peru"
    },
    {
        "name": "Philippines"
    },
    {
        "name": "Pitcairn"
    },
    {
        "name": "Poland"
    },
    {
        "name": "Portugal"
    },
    {
        "name": "Puerto Rico"
    },
    {
        "name": "Qatar"
    },
    {
        "name": "Republic of Kosovo"
    },
    {
        "name": "Réunion"
    },
    {
        "name": "Romania"
    },
    {
        "name": "Russian Federation"
    },
    {
        "name": "Rwanda"
    },
    {
        "name": "Saint Barthélemy"
    },
    {
        "name": "Saint Helena, Ascension and Tristan da Cunha"
    },
    {
        "name": "Saint Kitts and Nevis"
    },
    {
        "name": "Saint Lucia"
    },
    {
        "name": "Saint Martin (French part)"
    },
    {
        "name": "Saint Pierre and Miquelon"
    },
    {
        "name": "Saint Vincent and the Grenadines"
    },
    {
        "name": "Samoa"
    },
    {
        "name": "San Marino"
    },
    {
        "name": "Sao Tome and Principe"
    },
    {
        "name": "Saudi Arabia"
    },
    {
        "name": "Senegal"
    },
    {
        "name": "Serbia"
    },
    {
        "name": "Seychelles"
    },
    {
        "name": "Sierra Leone"
    },
    {
        "name": "Singapore"
    },
    {
        "name": "Sint Maarten (Dutch part)"
    },
    {
        "name": "Slovakia"
    },
    {
        "name": "Slovenia"
    },
    {
        "name": "Solomon Islands"
    },
    {
        "name": "Somalia"
    },
    {
        "name": "South Africa"
    },
    {
        "name": "South Georgia and the South Sandwich Islands"
    },
    {
        "name": "Korea (Republic of)"
    },
    {
        "name": "South Sudan"
    },
    {
        "name": "Spain"
    },
    {
        "name": "Sri Lanka"
    },
    {
        "name": "Sudan"
    },
    {
        "name": "Suriname"
    },
    {
        "name": "Svalbard and Jan Mayen"
    },
    {
        "name": "Swaziland"
    },
    {
        "name": "Sweden"
    },
    {
        "name": "Switzerland"
    },
    {
        "name": "Syrian Arab Republic"
    },
    {
        "name": "Taiwan"
    },
    {
        "name": "Tajikistan"
    },
    {
        "name": "Tanzania, United Republic of"
    },
    {
        "name": "Thailand"
    },
    {
        "name": "Timor-Leste"
    },
    {
        "name": "Togo"
    },
    {
        "name": "Tokelau"
    },
    {
        "name": "Tonga"
    },
    {
        "name": "Trinidad and Tobago"
    },
    {
        "name": "Tunisia"
    },
    {
        "name": "Turkey"
    },
    {
        "name": "Turkmenistan"
    },
    {
        "name": "Turks and Caicos Islands"
    },
    {
        "name": "Tuvalu"
    },
    {
        "name": "Uganda"
    },
    {
        "name": "Ukraine"
    },
    {
        "name": "United Arab Emirates"
    },
    {
        "name": "United Kingdom of Great Britain and Northern Ireland"
    },
    {
        "name": "United States of America"
    },
    {
        "name": "Uruguay"
    },
    {
        "name": "Uzbekistan"
    },
    {
        "name": "Vanuatu"
    },
    {
        "name": "Venezuela (Bolivarian Republic of)"
    },
    {
        "name": "Viet Nam"
    },
    {
        "name": "Wallis and Futuna"
    },
    {
        "name": "Western Sahara"
    },
    {
        "name": "Yemen"
    },
    {
        "name": "Zambia"
    },
    {
        "name": "Zimbabwe"
    }
]
]]></system-out>
  </testcase>
  <testcase name="testGetByAlphaList_EmptyCodes" classname="ts01qwen3_7_plus.CountryRestV2Test" time="0.001">
    <system-out><![CDATA[Request method:	GET
Request URI:	http://localhost:8080/rest/v2/alpha
Proxy:			<none>
Request params:	<none>
Query params:	<none>
Form params:	<none>
Path params:	<none>
Headers:		Accept=*/*
Cookies:		<none>
Multiparts:		<none>
Body:			<none>
HTTP/1.1 400 
Content-Type: application/json;charset=utf-8
Content-Length: 38
Date: Sun, 12 Jul 2026 23:40:50 GMT
Connection: close

{
    "status": 400,
    "message": "Bad Request"
}
]]></system-out>
  </testcase>
  <testcase name="testGetBySubRegion_Exception" classname="ts01qwen3_7_plus.CountryRestV2Test" time="0.001">
    <system-out><![CDATA[Request method:	GET
Request URI:	http://localhost:8080/rest/v2/subregion/True
Proxy:			<none>
Request params:	<none>
Query params:	<none>
Form params:	<none>
Path params:	<none>
Headers:		Accept=*/*
Cookies:		<none>
Multiparts:		<none>
Body:			<none>
HTTP/1.1 404 
Content-Type: application/json;charset=utf-8
Content-Length: 36
Date: Sun, 12 Jul 2026 23:40:50 GMT
Keep-Alive: timeout=60
Connection: keep-alive

{
    "status": 404,
    "message": "Not Found"
}
]]></system-out>
  </testcase>
  <testcase name="testGetByCallingCode_Exception" classname="ts01qwen3_7_plus.CountryRestV2Test" time="0.001">
    <system-out><![CDATA[Request method:	GET
Request URI:	http://localhost:8080/rest/v2/callingcode/True
Proxy:			<none>
Request params:	<none>
Query params:	<none>
Form params:	<none>
Path params:	<none>
Headers:		Accept=*/*
Cookies:		<none>
Multiparts:		<none>
Body:			<none>
HTTP/1.1 404 
Content-Type: application/json;charset=utf-8
Content-Length: 36
Date: Sun, 12 Jul 2026 23:40:50 GMT
Keep-Alive: timeout=60
Connection: keep-alive

{
    "status": 404,
    "message": "Not Found"
}
]]></system-out>
  </testcase>
  <testcase name="testParsedCountry_WithFields" classname="ts01qwen3_7_plus.CountryRestV2Test" time="0">
    <system-out><![CDATA[Request method:	GET
Request URI:	http://localhost:8080/rest/v2/alpha/US?fields=name
Proxy:			<none>
Request params:	<none>
Query params:	fields=name
Form params:	<none>
Path params:	<none>
Headers:		Accept=*/*
Cookies:		<none>
Multiparts:		<none>
Body:			<none>
HTTP/1.1 200 
Content-Type: application/json;charset=utf-8
Content-Length: 35
Date: Sun, 12 Jul 2026 23:40:50 GMT
Keep-Alive: timeout=60
Connection: keep-alive

{
    "name": "United States of America"
}
]]></system-out>
  </testcase>
  <testcase name="testGetByRegionalBloc_Exception" classname="ts01qwen3_7_plus.CountryRestV2Test" time="0.001">
    <system-out><![CDATA[Request method:	GET
Request URI:	http://localhost:8080/rest/v2/regionalbloc/True
Proxy:			<none>
Request params:	<none>
Query params:	<none>
Form params:	<none>
Path params:	<none>
Headers:		Accept=*/*
Cookies:		<none>
Multiparts:		<none>
Body:			<none>
HTTP/1.1 404 
Content-Type: application/json;charset=utf-8
Content-Length: 36
Date: Sun, 12 Jul 2026 23:40:50 GMT
Keep-Alive: timeout=60
Connection: keep-alive

{
    "status": 404,
    "message": "Not Found"
}
]]></system-out>
  </testcase>
  <testcase name="testGetByAlpha_InvalidLength" classname="ts01qwen3_7_plus.CountryRestV2Test" time="0.001">
    <system-out><![CDATA[Request method:	GET
Request URI:	http://localhost:8080/rest/v2/alpha/1
Proxy:			<none>
Request params:	<none>
Query params:	<none>
Form params:	<none>
Path params:	<none>
Headers:		Accept=*/*
Cookies:		<none>
Multiparts:		<none>
Body:			<none>
HTTP/1.1 400 
Content-Type: application/json;charset=utf-8
Content-Length: 38
Date: Sun, 12 Jul 2026 23:40:50 GMT
Connection: close

{
    "status": 400,
    "message": "Bad Request"
}
]]></system-out>
  </testcase>
  <testcase name="testGetByCurrency_InvalidLength" classname="ts01qwen3_7_plus.CountryRestV2Test" time="0.001">
    <system-out><![CDATA[Request method:	GET
Request URI:	http://localhost:8080/rest/v2/currency/12
Proxy:			<none>
Request params:	<none>
Query params:	<none>
Form params:	<none>
Path params:	<none>
Headers:		Accept=*/*
Cookies:		<none>
Multiparts:		<none>
Body:			<none>
HTTP/1.1 400 
Content-Type: application/json;charset=utf-8
Content-Length: 38
Date: Sun, 12 Jul 2026 23:40:50 GMT
Connection: close

{
    "status": 400,
    "message": "Bad Request"
}
]]></system-out>
  </testcase>
  <testcase name="testGetByLanguage_Exception" classname="ts01qwen3_7_plus.CountryRestV2Test" time="0">
    <system-out><![CDATA[Request method:	GET
Request URI:	http://localhost:8080/rest/v2/lang/True
Proxy:			<none>
Request params:	<none>
Query params:	<none>
Form params:	<none>
Path params:	<none>
Headers:		Accept=*/*
Cookies:		<none>
Multiparts:		<none>
Body:			<none>
HTTP/1.1 404 
Content-Type: application/json;charset=utf-8
Content-Length: 36
Date: Sun, 12 Jul 2026 23:40:50 GMT
Keep-Alive: timeout=60
Connection: keep-alive

{
    "status": 404,
    "message": "Not Found"
}
]]></system-out>
  </testcase>
</testsuite>