<?xml version="1.0" encoding="UTF-8"?>
<testsuite xmlns:xsi="http://www.w3.org/2001/XMLSchema-instance" xsi:noNamespaceSchemaLocation="https://maven.apache.org/surefire/maven-surefire-plugin/xsd/surefire-test-report-3.0.xsd" version="3.0" name="ts01glm_5_2.ContributionTest" time="0.113" tests="12" errors="0" skipped="1" failures="0">
  <properties>
[...]
</properties>
  <testcase name="contribute_missingAmount_returnsBadRequest" classname="ts01glm_5_2.ContributionTest" time="0.017">
    <system-out><![CDATA[Request method:	POST
Request URI:	http://localhost:8080/rest/contribute
Proxy:			<none>
Request params:	<none>
Query params:	<none>
Form params:	<none>
Path params:	<none>
Headers:		Accept=*/*
				Content-Type=application/json
Cookies:		<none>
Multiparts:		<none>
Body:
{
    "currency": "usd",
    "token": "tok_c791b954-ac88-4ebf-8e25-11562a42fae8"
}
HTTP/1.1 400 
Content-Type: text/html;charset=UTF-8
Content-Length: 119
Date: Sun, 12 Jul 2026 23:40:49 GMT
Connection: close

<html>
  <body>Unrecognized field "currency" (class eu.fayder.restcountries.v2.domain.Contribution), not marked as ignorable</body>
</html>
]]></system-out>
  </testcase>
  <testcase name="contribute_validPayload_responseBodyContainsStatusOrError" classname="ts01glm_5_2.ContributionTest" time="0">
    <skipped message="1 expectation failed. Expected status code a value less than &lt;300&gt; but &lt;400&gt; was greater than &lt;300&gt;."/>
  </testcase>
  <testcase name="contribute_negativeAmount_returnsBadRequest" classname="ts01glm_5_2.ContributionTest" time="0.008">
    <system-out><![CDATA[Request method:	POST
Request URI:	http://localhost:8080/rest/contribute
Proxy:			<none>
Request params:	<none>
Query params:	<none>
Form params:	<none>
Path params:	<none>
Headers:		Accept=*/*
				Content-Type=application/json
Cookies:		<none>
Multiparts:		<none>
Body:
{
    "amount": -50,
    "currency": "usd",
    "token": "tok_9ff61463-7c52-4925-bf13-ee27b0a8485a"
}
HTTP/1.1 400 
Content-Type: text/html;charset=UTF-8
Content-Length: 119
Date: Sun, 12 Jul 2026 23:40:49 GMT
Connection: close

<html>
  <body>Unrecognized field "currency" (class eu.fayder.restcountries.v2.domain.Contribution), not marked as ignorable</body>
</html>
]]></system-out>
  </testcase>
  <testcase name="contribute_invalidAmountType_returnsBadRequest" classname="ts01glm_5_2.ContributionTest" time="0.011">
    <system-out><![CDATA[Request method:	POST
Request URI:	http://localhost:8080/rest/contribute
Proxy:			<none>
Request params:	<none>
Query params:	<none>
Form params:	<none>
Path params:	<none>
Headers:		Accept=*/*
				Content-Type=application/json
Cookies:		<none>
Multiparts:		<none>
Body:
{
    "amount": "not-a-number",
    "currency": "usd",
    "token": "tok_7b787758-8350-4d9d-b411-a317a48c9b34"
}
HTTP/1.1 400 
Content-Type: text/html;charset=UTF-8
Content-Length: 340
Date: Sun, 12 Jul 2026 23:40:49 GMT
Connection: close

<html>
  <body>com.fasterxml.jackson.databind.exc.InvalidFormatException: Cannot deserialize value of type `int` from String "not-a-number": not a valid Integer value
 at [Source: (org.apache.catalina.connector.CoyoteInputStream); line: 1, column: 11] (through reference chain: eu.fayder.restcountries.v2.domain.Contribution["amount"])</body>
</html>
]]></system-out>
  </testcase>
  <testcase name="contribute_largeAmount_returnsAcceptedOrError" classname="ts01glm_5_2.ContributionTest" time="0.008">
    <system-out><![CDATA[Request method:	POST
Request URI:	http://localhost:8080/rest/contribute
Proxy:			<none>
Request params:	<none>
Query params:	<none>
Form params:	<none>
Path params:	<none>
Headers:		Accept=*/*
				Content-Type=application/json
Cookies:		<none>
Multiparts:		<none>
Body:
{
    "amount": 99999999,
    "currency": "usd",
    "token": "tok_0c6a6e82-eafa-4f91-9631-7f4c4ff7aad6"
}
HTTP/1.1 400 
Content-Type: text/html;charset=UTF-8
Content-Length: 119
Date: Sun, 12 Jul 2026 23:40:49 GMT
Connection: close

<html>
  <body>Unrecognized field "currency" (class eu.fayder.restcountries.v2.domain.Contribution), not marked as ignorable</body>
</html>
]]></system-out>
  </testcase>
  <testcase name="contribute_missingCurrency_returnsBadRequest" classname="ts01glm_5_2.ContributionTest" time="0.009">
    <system-out><![CDATA[Request method:	POST
Request URI:	http://localhost:8080/rest/contribute
Proxy:			<none>
Request params:	<none>
Query params:	<none>
Form params:	<none>
Path params:	<none>
Headers:		Accept=*/*
				Content-Type=application/json
Cookies:		<none>
Multiparts:		<none>
Body:
{
    "amount": 100,
    "token": "tok_5c4e06ad-1b24-4b04-8e48-843ae85044ff"
}
HTTP/1.1 400 
Content-Type: application/octet-stream
Content-Length: 38
Date: Sun, 12 Jul 2026 23:40:49 GMT
Connection: close

{"status":400,"message":"Bad Request"}
]]></system-out>
  </testcase>
  <testcase name="contribute_zeroAmount_returnsBadRequest" classname="ts01glm_5_2.ContributionTest" time="0.01">
    <system-out><![CDATA[Request method:	POST
Request URI:	http://localhost:8080/rest/contribute
Proxy:			<none>
Request params:	<none>
Query params:	<none>
Form params:	<none>
Path params:	<none>
Headers:		Accept=*/*
				Content-Type=application/json
Cookies:		<none>
Multiparts:		<none>
Body:
{
    "amount": 0,
    "currency": "usd",
    "token": "tok_f8f2c0dc-2d4b-4618-a1d1-c4e5f1978607"
}
HTTP/1.1 400 
Content-Type: text/html;charset=UTF-8
Content-Length: 119
Date: Sun, 12 Jul 2026 23:40:49 GMT
Connection: close

<html>
  <body>Unrecognized field "currency" (class eu.fayder.restcountries.v2.domain.Contribution), not marked as ignorable</body>
</html>
]]></system-out>
  </testcase>
  <testcase name="contribute_emptyToken_returnsBadRequest" classname="ts01glm_5_2.ContributionTest" time="0.009">
    <system-out><![CDATA[Request method:	POST
Request URI:	http://localhost:8080/rest/contribute
Proxy:			<none>
Request params:	<none>
Query params:	<none>
Form params:	<none>
Path params:	<none>
Headers:		Accept=*/*
				Content-Type=application/json
Cookies:		<none>
Multiparts:		<none>
Body:
{
    "amount": 100,
    "currency": "usd",
    "token": ""
}
HTTP/1.1 400 
Content-Type: text/html;charset=UTF-8
Content-Length: 119
Date: Sun, 12 Jul 2026 23:40:49 GMT
Connection: close

<html>
  <body>Unrecognized field "currency" (class eu.fayder.restcountries.v2.domain.Contribution), not marked as ignorable</body>
</html>
]]></system-out>
  </testcase>
  <testcase name="contribute_malformedJson_returnsBadRequest" classname="ts01glm_5_2.ContributionTest" time="0.008">
    <system-out><![CDATA[Request method:	POST
Request URI:	http://localhost:8080/rest/contribute
Proxy:			<none>
Request params:	<none>
Query params:	<none>
Form params:	<none>
Path params:	<none>
Headers:		Accept=*/*
				Content-Type=application/json
Cookies:		<none>
Multiparts:		<none>
Body:
{invalid json
HTTP/1.1 400 
Content-Type: text/html;charset=UTF-8
Content-Length: 226
Date: Sun, 12 Jul 2026 23:40:49 GMT
Connection: close

<html>
  <body>com.fasterxml.jackson.core.JsonParseException: Unexpected character ('i' (code 105)): was expecting double-quote to start field name
 at [Source: (org.apache.catalina.connector.CoyoteInputStream); line: 1, column: 3]</body>
</html>
]]></system-out>
  </testcase>
  <testcase name="contribute_emptyBody_returnsBadRequest" classname="ts01glm_5_2.ContributionTest" time="0.012">
    <system-out><![CDATA[Request method:	POST
Request URI:	http://localhost:8080/rest/contribute
Proxy:			<none>
Request params:	<none>
Query params:	<none>
Form params:	<none>
Path params:	<none>
Headers:		Accept=*/*
				Content-Type=application/json
Cookies:		<none>
Multiparts:		<none>
Body:
{
    
}
HTTP/1.1 400 
Content-Type: application/octet-stream
Content-Length: 38
Date: Sun, 12 Jul 2026 23:40:49 GMT
Connection: close

{"status":400,"message":"Bad Request"}
]]></system-out>
  </testcase>
  <testcase name="contribute_missingToken_returnsBadRequest" classname="ts01glm_5_2.ContributionTest" time="0.01">
    <system-out><![CDATA[Request method:	POST
Request URI:	http://localhost:8080/rest/contribute
Proxy:			<none>
Request params:	<none>
Query params:	<none>
Form params:	<none>
Path params:	<none>
Headers:		Accept=*/*
				Content-Type=application/json
Cookies:		<none>
Multiparts:		<none>
Body:
{
    "amount": 100,
    "currency": "usd"
}
HTTP/1.1 400 
Content-Type: text/html;charset=UTF-8
Content-Length: 119
Date: Sun, 12 Jul 2026 23:40:49 GMT
Connection: close

<html>
  <body>Unrecognized field "currency" (class eu.fayder.restcountries.v2.domain.Contribution), not marked as ignorable</body>
</html>
]]></system-out>
  </testcase>
  <testcase name="contribute_validPayload_returnsAccepted" classname="ts01glm_5_2.ContributionTest" time="0.009">
    <system-out><![CDATA[Request method:	POST
Request URI:	http://localhost:8080/rest/contribute
Proxy:			<none>
Request params:	<none>
Query params:	<none>
Form params:	<none>
Path params:	<none>
Headers:		Accept=*/*
				Content-Type=application/json
Cookies:		<none>
Multiparts:		<none>
Body:
{
    "amount": 100,
    "currency": "usd",
    "token": "tok_e72b244a-537e-4fb0-a060-5d9e5989e7b3"
}
HTTP/1.1 400 
Content-Type: text/html;charset=UTF-8
Content-Length: 119
Date: Sun, 12 Jul 2026 23:40:49 GMT
Connection: close

<html>
  <body>Unrecognized field "currency" (class eu.fayder.restcountries.v2.domain.Contribution), not marked as ignorable</body>
</html>
]]></system-out>
  </testcase>
</testsuite>