<?xml version="1.0" encoding="UTF-8"?>
<testsuite xmlns:xsi="http://www.w3.org/2001/XMLSchema-instance" xsi:noNamespaceSchemaLocation="https://maven.apache.org/surefire/maven-surefire-plugin/xsd/surefire-test-report-3.0.xsd" version="3.0" name="ts01glm_5_2.CountryRestV1Test" time="0.237" tests="15" errors="0" skipped="0" failures="0">
  <properties>
[...]
</properties>
  <testcase name="getByCurrency_invalidCurrencyLength_returns400" classname="ts01glm_5_2.CountryRestV1Test" time="0.001">
    <system-out><![CDATA[Request method:	GET
Request URI:	http://localhost:8080/rest/v1/currency/12
Proxy:			<none>
Request params:	<none>
Query params:	<none>
Form params:	<none>
Path params:	<none>
Headers:		Accept=application/json, application/javascript, text/javascript, text/json
Cookies:		<none>
Multiparts:		<none>
Body:			<none>
HTTP/1.1 400 
Content-Type: application/json;charset=utf-8
Content-Length: 38
Date: Sun, 12 Jul 2026 23:40:50 GMT
Connection: close

{
    "status": 400,
    "message": "Bad Request"
}
]]></system-out>
  </testcase>
  <testcase name="getByAlpha_validAlphaCode_returns200" classname="ts01glm_5_2.CountryRestV1Test" time="0.003">
    <system-out><![CDATA[Request method:	GET
Request URI:	http://localhost:8080/rest/v1/alpha/US
Proxy:			<none>
Request params:	<none>
Query params:	<none>
Form params:	<none>
Path params:	<none>
Headers:		Accept=application/json, application/javascript, text/javascript, text/json
Cookies:		<none>
Multiparts:		<none>
Body:			<none>
HTTP/1.1 200 
Content-Type: application/json;charset=utf-8
Content-Length: 780
Date: Sun, 12 Jul 2026 23:40:50 GMT
Keep-Alive: timeout=60
Connection: keep-alive

{
    "name": "United States",
    "topLevelDomain": [
        ".us"
    ],
    "alpha2Code": "US",
    "alpha3Code": "USA",
    "callingCodes": [
        "1"
    ],
    "capital": "Washington, D.C.",
    "altSpellings": [
        "US",
        "USA",
        "United States of America"
    ],
    "region": "Americas",
    "subregion": "Northern America",
    "population": 321645000,
    "latlng": [
        38.0,
        -97.0
    ],
    "demonym": "American",
    "area": 9629091.0,
    "gini": 48.0,
    "timezones": [
        "UTC-12:00",
        "UTC-11:00",
        "UTC-10:00",
        "UTC-09:00",
        "UTC-08:00",
        "UTC-07:00",
        "UTC-06:00",
        "UTC-05:00",
        "UTC-04:00",
        "UTC+10:00",
        "UTC+12:00"
    ],
    "borders": [
        "CAN",
        "MEX"
    ],
    "nativeName": "United States",
    "numericCode": "840",
    "currencies": [
        "USD",
        "USN",
        "USS"
    ],
    "languages": [
        "en"
    ],
    "translations": {
        "de": "Vereinigte Staaten von Amerika",
        "es": "Estados Unidos",
        "fr": "États-Unis",
        "ja": "アメリカ合衆国",
        "it": "Stati Uniti D'America"
    },
    "relevance": "3.5"
}
]]></system-out>
  </testcase>
  <testcase name="getByCurrency_notFoundCurrency_returns404" classname="ts01glm_5_2.CountryRestV1Test" time="0.001">
    <system-out><![CDATA[Request method:	GET
Request URI:	http://localhost:8080/rest/v1/currency/XYZ
Proxy:			<none>
Request params:	<none>
Query params:	<none>
Form params:	<none>
Path params:	<none>
Headers:		Accept=application/json, application/javascript, text/javascript, text/json
Cookies:		<none>
Multiparts:		<none>
Body:			<none>
HTTP/1.1 404 
Content-Type: application/json;charset=utf-8
Content-Length: 36
Date: Sun, 12 Jul 2026 23:40:50 GMT
Keep-Alive: timeout=60
Connection: keep-alive

{
    "status": 404,
    "message": "Not Found"
}
]]></system-out>
  </testcase>
  <testcase name="getBySubregion_validSubregion_returns200" classname="ts01glm_5_2.CountryRestV1Test" time="0.018">
    <system-out><![CDATA[Request method:	GET
Request URI:	http://localhost:8080/rest/v1/subregion/Western%20Europe
Proxy:			<none>
Request params:	<none>
Query params:	<none>
Form params:	<none>
Path params:	<none>
Headers:		Accept=application/json, application/javascript, text/javascript, text/json
Cookies:		<none>
Multiparts:		<none>
Body:			<none>
HTTP/1.1 200 
Content-Type: application/json;charset=utf-8
Content-Length: 5835
Date: Sun, 12 Jul 2026 23:40:50 GMT
Keep-Alive: timeout=60
Connection: keep-alive

[
    {
        "name": "Austria",
        "topLevelDomain": [
            ".at"
        ],
        "alpha2Code": "AT",
        "alpha3Code": "AUT",
        "callingCodes": [
            "43"
        ],
        "capital": "Vienna",
        "altSpellings": [
            "AT",
            "Österreich",
            "Osterreich",
            "Oesterreich"
        ],
        "region": "Europe",
        "subregion": "Western Europe",
        "population": 8602112,
        "latlng": [
            47.33333333,
            13.33333333
        ],
        "demonym": "Austrian",
        "area": 83871.0,
        "gini": 26.0,
        "timezones": [
            "UTC+01:00"
        ],
        "borders": [
            "CZE",
            "DEU",
            "HUN",
            "ITA",
            "LIE",
            "SVK",
            "SVN",
            "CHE"
        ],
        "nativeName": "Österreich",
        "numericCode": "040",
        "currencies": [
            "EUR"
        ],
        "languages": [
            "de"
        ],
        "translations": {
            "de": "Österreich",
            "es": "Austria",
            "fr": "Autriche",
            "ja": "オーストリア",
            "it": "Austria"
        },
        "relevance": "0"
    },
    {
        "name": "Belgium",
        "topLevelDomain": [
            ".be"
        ],
        "alpha2Code": "BE",
        "alpha3Code": "BEL",
        "callingCodes": [
            "32"
        ],
        "capital": "Brussels",
        "altSpellings": [
            "BE",
            "België",
            "Belgie",
            "Belgien",
            "Belgique",
            "Kingdom of Belgium",
            "Koninkrijk België",
            "Royaume de Belgique",
            "Königreich Belgien"
        ],
        "region": "Europe",
        "subregion": "Western Europe",
        "population": 11248330,
        "latlng": [
            50.83333333,
            4.0
        ],
        "demonym": "Belgian",
        "area": 30528.0,
        "gini": 33.0,
        "timezones": [
            "UTC+01:00"
        ],
        "borders": [
            "FRA",
            "DEU",
            "LUX",
            "NLD"
        ],
        "nativeName": "België",
        "numericCode": "056",
        "currencies": [
            "EUR"
        ],
        "languages": [
            "nl",
            "fr",
            "de"
        ],
        "translations": {
            "de": "Belgien",
            "es": "Bélgica",
            "fr": "Belgique",
            "ja": "ベルギー",
            "it": "Belgio"
        },
        "relevance": "1.5"
    },
    {
        "name": "France",
        "topLevelDomain": [
            ".fr"
        ],
        "alpha2Code": "FR",
        "alpha3Code": "FRA",
        "callingCodes": [
            "33"
        ],
        "capital": "Paris",
        "altSpellings": [
            "FR",
            "French Republic",
            "République française"
        ],
        "region": "Europe",
        "subregion": "Western Europe",
        "population": 66186000,
        "latlng": [
            46.0,
            2.0
        ],
        "demonym": "French",
        "area": 640679.0,
        "gini": 32.7,
        "timezones": [
            "UTC-10:00",
            "UTC-09:30",
            "UTC-09:00",
            "UTC-08:00",
            "UTC-04:00",
            "UTC-03:00",
            "UTC+01:00",
            "UTC+03:00",
            "UTC+04:00",
            "UTC+05:00",
            "UTC+11:00",
            "UTC+12:00"
        ],
        "borders": [
            "AND",
            "BEL",
            "DEU",
            "ITA",
            "LUX",
            "MCO",
            "ESP",
            "CHE"
        ],
        "nativeName": "France",
        "numericCode": "250",
        "currencies": [
            "EUR"
        ],
        "languages": [
            "fr"
        ],
        "translations": {
            "de": "Frankreich",
            "es": "Francia",
            "fr": "France",
            "ja": "フランス",
            "it": "Francia"
        },
        "relevance": "2.5"
    },
    {
        "name": "Germany",
        "topLevelDomain": [
            ".de"
        ],
        "alpha2Code": "DE",
        "alpha3Code": "DEU",
        "callingCodes": [
            "49"
        ],
        "capital": "Berlin",
        "altSpellings": [
            "DE",
            "Federal Republic of Germany",
            "Bundesrepublik Deutschland"
        ],
        "region": "Europe",
        "subregion": "Western Europe",
        "population": 81083600,
        "latlng": [
            51.0,
            9.0
        ],
        "demonym": "German",
        "area": 357114.0,
        "gini": 28.3,
        "timezones": [
            "UTC+01:00"
        ],
        "borders": [
            "AUT",
            "BEL",
            "CZE",
            "DNK",
            "FRA",
            "LUX",
            "NLD",
            "POL",
            "CHE"
        ],
        "nativeName": "Deutschland",
        "numericCode": "276",
        "currencies": [
            "EUR"
        ],
        "languages": [
            "de"
        ],
        "translations": {
            "de": "Deutschland",
            "es": "Alemania",
            "fr": "Allemagne",
            "ja": "ドイツ",
            "it": "Germania"
        },
        "relevance": "3"
    },
    {
        "name": "Liechtenstein",
        "topLevelDomain": [
            ".li"
        ],
        "alpha2Code": "LI",
        "alpha3Code": "LIE",
        "callingCodes": [
            "423"
        ],
        "capital": "Vaduz",
        "altSpellings": [
            "LI",
            "Principality of Liechtenstein",
            "Fürstentum Liechtenstein"
        ],
        "region": "Europe",
        "subregion": "Western Europe",
        "population": 37370,
        "latlng": [
            47.26666666,
            9.53333333
        ],
        "demonym": "Liechtensteiner",
        "area": 160.0,
        "gini": null,
        "timezones": [
            "UTC+01:00"
        ],
        "borders": [
            "AUT",
            "CHE"
        ],
        "nativeName": "Liechtenstein",
        "numericCode": "438",
        "currencies": [
            "CHF"
        ],
        "languages": [
            "de"
        ],
        "translations": {
            "de": "Liechtenstein",
            "es": "Liechtenstein",
            "fr": "Liechtenstein",
            "ja": "リヒテンシュタイン",
            "it": "Liechtenstein"
        },
        "relevance": "0"
    },
    {
        "name": "Luxembourg",
        "topLevelDomain": [
            ".lu"
        ],
        "alpha2Code": "LU",
        "alpha3Code": "LUX",
        "callingCodes": [
            "352"
        ],
        "capital": "Luxembourg",
        "altSpellings": [
            "LU",
            "Grand Duchy of Luxembourg",
            "Grand-Duché de Luxembourg",
            "Großherzogtum Luxemburg",
            "Groussherzogtum Lëtzebuerg"
        ],
        "region": "Europe",
        "subregion": "Western Europe",
        "population": 562958,
        "latlng": [
            49.75,
            6.16666666
        ],
        "demonym": "Luxembourger",
        "area": 2586.0,
        "gini": 30.8,
        "timezones": [
            "UTC+01:00"
        ],
        "borders": [
            "BEL",
            "FRA",
            "DEU"
        ],
        "nativeName": "Luxembourg",
        "numericCode": "442",
        "currencies": [
            "EUR"
        ],
        "languages": [
            "fr",
            "de",
            "lb"
        ],
        "translations": {
            "de": "Luxemburg",
            "es": "Luxemburgo",
            "fr": "Luxembourg",
            "ja": "ルクセンブルク",
            "it": "Lussemburgo"
        },
        "relevance": "0"
    },
    {
        "name": "Monaco",
        "topLevelDomain": [
            ".mc"
        ],
        "alpha2Code": "MC",
        "alpha3Code": "MCO",
        "callingCodes": [
            "377"
        ],
        "capital": "Monaco",
        "altSpellings": [
            "MC",
            "Principality of Monaco",
            "Principauté de Monaco"
        ],
        "region": "Europe",
        "subregion": "Western Europe",
        "population": 37800,
        "latlng": [
            43.73333333,
            7.4
        ],
        "demonym": "Monegasque",
        "area": 2.02,
        "gini": null,
        "timezones": [
            "UTC+01:00"
        ],
        "borders": [
            "FRA"
        ],
        "nativeName": "Monaco",
        "numericCode": "492",
        "currencies": [
            "EUR"
        ],
        "languages": [
            "fr"
        ],
        "translations": {
            "de": "Monaco",
            "es": "Mónaco",
            "fr": "Monaco",
            "ja": "モナコ",
            "it": "Principato di Monaco"
        },
        "relevance": "0"
    },
    {
        "name": "Netherlands",
        "topLevelDomain": [
            ".nl"
        ],
        "alpha2Code": "NL",
        "alpha3Code": "NLD",
        "callingCodes": [
            "31"
        ],
        "capital": "Amsterdam",
        "altSpellings": [
            "NL",
            "Holland",
            "Nederland"
        ],
        "region": "Europe",
        "subregion": "Western Europe",
        "population": 16916000,
        "latlng": [
            52.5,
            5.75
        ],
        "demonym": "Dutch",
        "area": 41850.0,
        "gini": 30.9,
        "timezones": [
            "UTC-04:00",
            "UTC+01:00"
        ],
        "borders": [
            "BEL",
            "DEU"
        ],
        "nativeName": "Nederland",
        "numericCode": "528",
        "currencies": [
            "EUR"
        ],
        "languages": [
            "nl"
        ],
        "translations": {
            "de": "Niederlande",
            "es": "Países Bajos",
            "fr": "Pays-Bas",
            "ja": "オランダ",
            "it": "Paesi Bassi"
        },
        "relevance": "1.5"
    },
    {
        "name": "Switzerland",
        "topLevelDomain": [
            ".ch"
        ],
        "alpha2Code": "CH",
        "alpha3Code": "CHE",
        "callingCodes": [
            "41"
        ],
        "capital": "Bern",
        "altSpellings": [
            "CH",
            "Swiss Confederation",
            "Schweiz",
            "Suisse",
            "Svizzera",
            "Svizra"
        ],
        "region": "Europe",
        "subregion": "Western Europe",
        "population": 8256000,
        "latlng": [
            47.0,
            8.0
        ],
        "demonym": "Swiss",
        "area": 41284.0,
        "gini": 33.7,
        "timezones": [
            "UTC+01:00"
        ],
        "borders": [
            "AUT",
            "FRA",
            "ITA",
            "LIE",
            "DEU"
        ],
        "nativeName": "Schweiz",
        "numericCode": "756",
        "currencies": [
            "CHE",
            "CHF",
            "CHW"
        ],
        "languages": [
            "de",
            "fr",
            "it"
        ],
        "translations": {
            "de": "Schweiz",
            "es": "Suiza",
            "fr": "Suisse",
            "ja": "スイス",
            "it": "Svizzera"
        },
        "relevance": "1.5"
    }
]
]]></system-out>
  </testcase>
  <testcase name="getByAlphaList_notFoundCodes_returns404" classname="ts01glm_5_2.CountryRestV1Test" time="0.001">
    <system-out><![CDATA[Request method:	GET
Request URI:	http://localhost:8080/rest/v1/alpha/?codes=XX;YY;ZZ
Proxy:			<none>
Request params:	<none>
Query params:	codes=XX;YY;ZZ
Form params:	<none>
Path params:	<none>
Headers:		Accept=application/json, application/javascript, text/javascript, text/json
Cookies:		<none>
Multiparts:		<none>
Body:			<none>
HTTP/1.1 200 
Content-Type: application/json;charset=utf-8
Content-Length: 6
Date: Sun, 12 Jul 2026 23:40:50 GMT
Keep-Alive: timeout=60
Connection: keep-alive

[
    null
]
]]></system-out>
  </testcase>
  <testcase name="getByLanguage_validLanguage_returns200" classname="ts01glm_5_2.CountryRestV1Test" time="0.041">
    <system-out><![CDATA[Request method:	GET
Request URI:	http://localhost:8080/rest/v1/lang/es
Proxy:			<none>
Request params:	<none>
Query params:	<none>
Form params:	<none>
Path params:	<none>
Headers:		Accept=application/json, application/javascript, text/javascript, text/json
Cookies:		<none>
Multiparts:		<none>
Body:			<none>
HTTP/1.1 200 
Content-Type: application/json;charset=utf-8
Transfer-Encoding: chunked
Date: Sun, 12 Jul 2026 23:40:50 GMT
Keep-Alive: timeout=60
Connection: keep-alive

[
    {
        "name": "Argentina",
        "topLevelDomain": [
            ".ar"
        ],
        "alpha2Code": "AR",
        "alpha3Code": "ARG",
        "callingCodes": [
            "54"
        ],
        "capital": "Buenos Aires",
        "altSpellings": [
            "AR",
            "Argentine Republic",
            "República Argentina"
        ],
        "region": "Americas",
        "subregion": "South America",
        "population": 43131966,
        "latlng": [
            -34.0,
            -64.0
        ],
        "demonym": "Argentinean",
        "area": 2780400.0,
        "gini": 44.5,
        "timezones": [
            "UTC-03:00"
        ],
        "borders": [
            "BOL",
            "BRA",
            "CHL",
            "PRY",
            "URY"
        ],
        "nativeName": "Argentina",
        "numericCode": "032",
        "currencies": [
            "ARS"
        ],
        "languages": [
            "es",
            "gn"
        ],
        "translations": {
            "de": "Argentinien",
            "es": "Argentina",
            "fr": "Argentine",
            "ja": "アルゼンチン",
            "it": "Argentina"
        },
        "relevance": "0"
    },
    {
        "name": "Belize",
        "topLevelDomain": [
            ".bz"
        ],
        "alpha2Code": "BZ",
        "alpha3Code": "BLZ",
        "callingCodes": [
            "501"
        ],
        "capital": "Belmopan",
        "altSpellings": [
            "BZ"
        ],
        "region": "Americas",
        "subregion": "Central America",
        "population": 368310,
        "latlng": [
            17.25,
            -88.75
        ],
        "demonym": "Belizean",
        "area": 22966.0,
        "gini": 53.1,
        "timezones": [
            "UTC-06:00"
        ],
        "borders": [
            "GTM",
            "MEX"
        ],
        "nativeName": "Belize",
        "numericCode": "084",
        "currencies": [
            "BZD"
        ],
        "languages": [
            "en",
            "es"
        ],
        "translations": {
            "de": "Belize",
            "es": "Belice",
            "fr": "Belize",
            "ja": "ベリーズ",
            "it": "Belize"
        },
        "relevance": "0"
    },
    {
        "name": "Bolivia",
        "topLevelDomain": [
            ".bo"
        ],
        "alpha2Code": "BO",
        "alpha3Code": "BOL",
        "callingCodes": [
            "591"
        ],
        "capital": "Sucre",
        "altSpellings": [
            "BO",
            "Buliwya",
            "Wuliwya",
            "Plurinational State of Bolivia",
            "Estado Plurinacional de Bolivia",
            "Buliwya Mamallaqta",
            "Wuliwya Suyu",
            "Tetã Volívia"
        ],
        "region": "Americas",
        "subregion": "South America",
        "population": 11410651,
        "latlng": [
            -17.0,
            -65.0
        ],
        "demonym": "Bolivian",
        "area": 1098581.0,
        "gini": 56.3,
        "timezones": [
            "UTC-04:00"
        ],
        "borders": [
            "ARG",
            "BRA",
            "CHL",
            "PRY",
            "PER"
        ],
        "nativeName": "Bolivia",
        "numericCode": "068",
        "currencies": [
            "BOB",
            "BOV"
        ],
        "languages": [
            "es",
            "ay",
            "qu"
        ],
        "translations": {
            "de": "Bolivien",
            "es": "Bolivia",
            "fr": "Bolivie",
            "ja": "ボリビア多民族国",
            "it": "Bolivia"
        },
        "relevance": "0"
    },
    {
        "name": "Chile",
        "topLevelDomain": [
            ".cl"
        ],
        "alpha2Code": "CL",
        "alpha3Code": "CHL",
        "callingCodes": [
            "56"
        ],
        "capital": "Santiago",
        "altSpellings": [
            "CL",
            "Republic of Chile",
            "República de Chile"
        ],
        "region": "Americas",
        "subregion": "South America",
        "population": 18006407,
        "latlng": [
            -30.0,
            -71.0
        ],
        "demonym": "Chilean",
        "area": 756102.0,
        "gini": 52.1,
        "timezones": [
            "UTC-06:00",
            "UTC-04:00"
        ],
        "borders": [
            "ARG",
            "BOL",
            "PER"
        ],
        "nativeName": "Chile",
        "numericCode": "152",
        "currencies": [
            "CLF",
            "CLP"
        ],
        "languages": [
            "es"
        ],
        "translations": {
            "de": "Chile",
            "es": "Chile",
            "fr": "Chili",
            "ja": "チリ",
            "it": "Cile"
        },
        "relevance": "0"
    },
    {
        "name": "Colombia",
        "topLevelDomain": [
            ".co"
        ],
        "alpha2Code": "CO",
        "alpha3Code": "COL",
        "callingCodes": [
            "57"
        ],
        "capital": "Bogotá",
        "altSpellings": [
            "CO",
            "Republic of Colombia",
            "República de Colombia"
        ],
        "region": "Americas",
        "subregion": "South America",
        "population": 48266600,
        "latlng": [
            4.0,
            -72.0
        ],
        "demonym": "Colombian",
        "area": 1141748.0,
        "gini": 55.9,
        "timezones": [
            "UTC-05:00"
        ],
        "borders": [
            "BRA",
            "ECU",
            "PAN",
            "PER",
            "VEN"
        ],
        "nativeName": "Colombia",
        "numericCode": "170",
        "currencies": [
            "COP"
        ],
        "languages": [
            "es"
        ],
        "translations": {
            "de": "Kolumbien",
            "es": "Colombia",
            "fr": "Colombie",
            "ja": "コロンビア",
            "it": "Colombia"
        },
        "relevance": "0"
    },
    {
        "name": "Costa Rica",
        "topLevelDomain": [
            ".cr"
        ],
        "alpha2Code": "CR",
        "alpha3Code": "CRI",
        "callingCodes": [
            "506"
        ],
        "capital": "San José",
        "altSpellings": [
            "CR",
            "Republic of Costa Rica",
            "República de Costa Rica"
        ],
        "region": "Americas",
        "subregion": "Central America",
        "population": 4773130,
        "latlng": [
            10.0,
            -84.0
        ],
        "demonym": "Costa Rican",
        "area": 51100.0,
        "gini": 50.7,
        "timezones": [
            "UTC-06:00"
        ],
        "borders": [
            "NIC",
            "PAN"
        ],
        "nativeName": "Costa Rica",
        "numericCode": "188",
        "currencies": [
            "CRC"
        ],
        "languages": [
            "es"
        ],
        "translations": {
            "de": "Costa Rica",
            "es": "Costa Rica",
            "fr": "Costa Rica",
            "ja": "コスタリカ",
            "it": "Costa Rica"
        },
        "relevance": "0"
    },
    {
        "name": "Cuba",
        "topLevelDomain": [
            ".cu"
        ],
        "alpha2Code": "CU",
        "alpha3Code": "CUB",
        "callingCodes": [
            "53"
        ],
        "capital": "Havana",
        "altSpellings": [
            "CU",
            "Republic of Cuba",
            "República de Cuba"
        ],
        "region": "Americas",
        "subregion": "Caribbean",
        "population": 11238317,
        "latlng": [
            21.5,
            -80.0
        ],
        "demonym": "Cuban",
        "area": 109884.0,
        "gini": null,
        "timezones": [
            "UTC-05:00"
        ],
        "borders": [
            
        ],
        "nativeName": "Cuba",
        "numericCode": "192",
        "currencies": [
            "CUC",
            "CUP"
        ],
        "languages": [
            "es"
        ],
        "translations": {
            "de": "Kuba",
            "es": "Cuba",
            "fr": "Cuba",
            "ja": "キューバ",
            "it": "Cuba"
        },
        "relevance": "0"
    },
    {
        "name": "Dominican Republic",
        "topLevelDomain": [
            ".do"
        ],
        "alpha2Code": "DO",
        "alpha3Code": "DOM",
        "callingCodes": [
            "1"
        ],
        "capital": "Santo Domingo",
        "altSpellings": [
            "DO"
        ],
        "region": "Americas",
        "subregion": "Caribbean",
        "population": 10528000,
        "latlng": [
            19.0,
            -70.66666666
        ],
        "demonym": "Dominican",
        "area": 48671.0,
        "gini": 47.2,
        "timezones": [
            "UTC-04:00"
        ],
        "borders": [
            "HTI"
        ],
        "nativeName": "República Dominicana",
        "numericCode": "214",
        "currencies": [
            "DOP"
        ],
        "languages": [
            "es"
        ],
        "translations": {
            "de": "Dominikanische Republik",
            "es": "República Dominicana",
            "fr": "République dominicaine",
            "ja": "ドミニカ共和国",
            "it": "Repubblica Dominicana"
        },
        "relevance": "0"
    },
    {
        "name": "Ecuador",
        "topLevelDomain": [
            ".ec"
        ],
        "alpha2Code": "EC",
        "alpha3Code": "ECU",
        "callingCodes": [
            "593"
        ],
        "capital": "Quito",
        "altSpellings": [
            "EC",
            "Republic of Ecuador",
            "República del Ecuador"
        ],
        "region": "Americas",
        "subregion": "South America",
        "population": 16027500,
        "latlng": [
            -2.0,
            -77.5
        ],
        "demonym": "Ecuadorean",
        "area": 276841.0,
        "gini": 49.3,
        "timezones": [
            "UTC-06:00",
            "UTC-05:00"
        ],
        "borders": [
            "COL",
            "PER"
        ],
        "nativeName": "Ecuador",
        "numericCode": "218",
        "currencies": [
            "USD"
        ],
        "languages": [
            "es"
        ],
        "translations": {
            "de": "Ecuador",
            "es": "Ecuador",
            "fr": "Équateur",
            "ja": "エクアドル",
            "it": "Ecuador"
        },
        "relevance": "0"
    },
    {
        "name": "El Salvador",
        "topLevelDomain": [
            ".sv"
        ],
        "alpha2Code": "SV",
        "alpha3Code": "SLV",
        "callingCodes": [
            "503"
        ],
        "capital": "San Salvador",
        "altSpellings": [
            "SV",
            "Republic of El Salvador",
            "República de El Salvador"
        ],
        "region": "Americas",
        "subregion": "Central America",
        "population": 6401240,
        "latlng": [
            13.83333333,
            -88.91666666
        ],
        "demonym": "Salvadoran",
        "area": 21041.0,
        "gini": 48.3,
        "timezones": [
            "UTC-06:00"
        ],
        "borders": [
            "GTM",
            "HND"
        ],
        "nativeName": "El Salvador",
        "numericCode": "222",
        "currencies": [
            "SVC",
            "USD"
        ],
        "languages": [
            "es"
        ],
        "translations": {
            "de": "El Salvador",
            "es": "El Salvador",
            "fr": "Salvador",
            "ja": "エルサルバドル",
            "it": "El Salvador"
        },
        "relevance": "0"
    },
    {
        "name": "Equatorial Guinea",
        "topLevelDomain": [
            ".gq"
        ],
        "alpha2Code": "GQ",
        "alpha3Code": "GNQ",
        "callingCodes": [
            "240"
        ],
        "capital": "Malabo",
        "altSpellings": [
            "GQ",
            "Republic of Equatorial Guinea",
            "República de Guinea Ecuatorial",
            "République de Guinée équatoriale",
            "República da Guiné Equatorial"
        ],
        "region": "Africa",
        "subregion": "Middle Africa",
        "population": 1430000,
        "latlng": [
            2.0,
            10.0
        ],
        "demonym": "Equatorial Guinean",
        "area": 28051.0,
        "gini": null,
        "timezones": [
            "UTC+01:00"
        ],
        "borders": [
            "CMR",
            "GAB"
        ],
        "nativeName": "Guinea Ecuatorial",
        "numericCode": "226",
        "currencies": [
            "XAF"
        ],
        "languages": [
            "es",
            "fr"
        ],
        "translations": {
            "de": "Äquatorial-Guinea",
            "es": "Guinea Ecuatorial",
            "fr": "Guinée-Équatoriale",
            "ja": "赤道ギニア",
            "it": "Guinea Equatoriale"
        },
        "relevance": "0"
    },
    {
        "name": "Guam",
        "topLevelDomain": [
            ".gu"
        ],
        "alpha2Code": "GU",
        "alpha3Code": "GUM",
        "callingCodes": [
            "1"
        ],
        "capital": "Hagåtña",
        "altSpellings": [
            "GU",
            "Guåhån"
        ],
        "region": "Oceania",
        "subregion": "Micronesia",
        "population": 159358,
        "latlng": [
            13.46666666,
            144.78333333
        ],
        "demonym": "Guamanian",
        "area": 549.0,
        "gini": null,
        "timezones": [
            "UTC+10:00"
        ],
        "borders": [
            
        ],
        "nativeName": "Guam",
        "numericCode": "316",
        "currencies": [
            "USD"
        ],
        "languages": [
            "en",
            "ch",
            "es"
        ],
        "translations": {
            "de": "Guam",
            "es": "Guam",
            "fr": "Guam",
            "ja": "グアム",
            "it": "Guam"
        },
        "relevance": "0"
    },
    {
        "name": "Guatemala",
        "topLevelDomain": [
            ".gt"
        ],
        "alpha2Code": "GT",
        "alpha3Code": "GTM",
        "callingCodes": [
            "502"
        ],
        "capital": "Guatemala City",
        "altSpellings": [
            "GT"
        ],
        "region": "Americas",
        "subregion": "Central America",
        "population": 16176133,
        "latlng": [
            15.5,
            -90.25
        ],
        "demonym": "Guatemalan",
        "area": 108889.0,
        "gini": 55.9,
        "timezones": [
            "UTC-06:00"
        ],
        "borders": [
            "BLZ",
            "SLV",
            "HND",
            "MEX"
        ],
        "nativeName": "Guatemala",
        "numericCode": "320",
        "currencies": [
            "GTQ"
        ],
        "languages": [
            "es"
        ],
        "translations": {
            "de": "Guatemala",
            "es": "Guatemala",
            "fr": "Guatemala",
            "ja": "グアテマラ",
            "it": "Guatemala"
        },
        "relevance": "0"
    },
    {
        "name": "Honduras",
        "topLevelDomain": [
            ".hn"
        ],
        "alpha2Code": "HN",
        "alpha3Code": "HND",
        "callingCodes": [
            "504"
        ],
        "capital": "Tegucigalpa",
        "altSpellings": [
            "HN",
            "Republic of Honduras",
            "República de Honduras"
        ],
        "region": "Americas",
        "subregion": "Central America",
        "population": 8725111,
        "latlng": [
            15.0,
            -86.5
        ],
        "demonym": "Honduran",
        "area": 112492.0,
        "gini": 57.0,
        "timezones": [
            "UTC-06:00"
        ],
        "borders": [
            "GTM",
            "SLV",
            "NIC"
        ],
        "nativeName": "Honduras",
        "numericCode": "340",
        "currencies": [
            "HNL"
        ],
        "languages": [
            "es"
        ],
        "translations": {
            "de": "Honduras",
            "es": "Honduras",
            "fr": "Honduras",
            "ja": "ホンジュラス",
            "it": "Honduras"
        },
        "relevance": "0"
    },
    {
        "name": "Mexico",
        "topLevelDomain": [
            ".mx"
        ],
        "alpha2Code": "MX",
        "alpha3Code": "MEX",
        "callingCodes": [
            "52"
        ],
        "capital": "Mexico City",
        "altSpellings": [
            "MX",
            "Mexicanos",
            "United Mexican States",
            "Estados Unidos Mexicanos"
        ],
        "region": "Americas",
        "subregion": "Central America",
        "population": 121740000,
        "latlng": [
            23.0,
            -102.0
        ],
        "demonym": "Mexican",
        "area": 1964375.0,
        "gini": 47.0,
        "timezones": [
            "UTC-08:00",
            "UTC-07:00",
            "UTC-06:00"
        ],
        "borders": [
            "BLZ",
            "GTM",
            "USA"
        ],
        "nativeName": "México",
        "numericCode": "484",
        "currencies": [
            "MXN"
        ],
        "languages": [
            "es"
        ],
        "translations": {
            "de": "Mexiko",
            "es": "México",
            "fr": "Mexique",
            "ja": "メキシコ",
            "it": "Messico"
        },
        "relevance": "1.5"
    },
    {
        "name": "Nicaragua",
        "topLevelDomain": [
            ".ni"
        ],
        "alpha2Code": "NI",
        "alpha3Code": "NIC",
        "callingCodes": [
            "505"
        ],
        "capital": "Managua",
        "altSpellings": [
            "NI",
            "Republic of Nicaragua",
            "República de Nicaragua"
        ],
        "region": "Americas",
        "subregion": "Central America",
        "population": 6198154,
        "latlng": [
            13.0,
            -85.0
        ],
        "demonym": "Nicaraguan",
        "area": 130373.0,
        "gini": 40.5,
        "timezones": [
            "UTC-06:00"
        ],
        "borders": [
            "CRI",
            "HND"
        ],
        "nativeName": "Nicaragua",
        "numericCode": "558",
        "currencies": [
            "NIO"
        ],
        "languages": [
            "es"
        ],
        "translations": {
            "de": "Nicaragua",
            "es": "Nicaragua",
            "fr": "Nicaragua",
            "ja": "ニカラグア",
            "it": "Nicaragua"
        },
        "relevance": "0"
    },
    {
        "name": "Panama",
        "topLevelDomain": [
            ".pa"
        ],
        "alpha2Code": "PA",
        "alpha3Code": "PAN",
        "callingCodes": [
            "507"
        ],
        "capital": "Panama City",
        "altSpellings": [
            "PA",
            "Republic of Panama",
            "República de Panamá"
        ],
        "region": "Americas",
        "subregion": "Central America",
        "population": 3764166,
        "latlng": [
            9.0,
            -80.0
        ],
        "demonym": "Panamanian",
        "area": 75417.0,
        "gini": 51.9,
        "timezones": [
            "UTC-05:00"
        ],
        "borders": [
            "COL",
            "CRI"
        ],
        "nativeName": "Panamá",
        "numericCode": "591",
        "currencies": [
            "PAB",
            "USD"
        ],
        "languages": [
            "es"
        ],
        "translations": {
            "de": "Panama",
            "es": "Panamá",
            "fr": "Panama",
            "ja": "パナマ",
            "it": "Panama"
        },
        "relevance": "0"
    },
    {
        "name": "Paraguay",
        "topLevelDomain": [
            ".py"
        ],
        "alpha2Code": "PY",
        "alpha3Code": "PRY",
        "callingCodes": [
            "595"
        ],
        "capital": "Asunción",
        "altSpellings": [
            "PY",
            "Republic of Paraguay",
            "República del Paraguay",
            "Tetã Paraguái"
        ],
        "region": "Americas",
        "subregion": "South America",
        "population": 7003406,
        "latlng": [
            -23.0,
            -58.0
        ],
        "demonym": "Paraguayan",
        "area": 406752.0,
        "gini": 52.4,
        "timezones": [
            "UTC-04:00"
        ],
        "borders": [
            "ARG",
            "BOL",
            "BRA"
        ],
        "nativeName": "Paraguay",
        "numericCode": "600",
        "currencies": [
            "PYG"
        ],
        "languages": [
            "es",
            "gn"
        ],
        "translations": {
            "de": "Paraguay",
            "es": "Paraguay",
            "fr": "Paraguay",
            "ja": "パラグアイ",
            "it": "Paraguay"
        },
        "relevance": "0"
    },
    {
        "name": "Peru",
        "topLevelDomain": [
            ".pe"
        ],
        "alpha2Code": "PE",
        "alpha3Code": "PER",
        "callingCodes": [
            "51"
        ],
        "capital": "Lima",
        "altSpellings": [
            "PE",
            "Republic of Peru",
            " República del Perú"
        ],
        "region": "Americas",
        "subregion": "South America",
        "population": 31151643,
        "latlng": [
            -10.0,
            -76.0
        ],
        "demonym": "Peruvian",
        "area": 1285216.0,
        "gini": 48.1,
        "timezones": [
            "UTC-05:00"
        ],
        "borders": [
            "BOL",
            "BRA",
            "CHL",
            "COL",
            "ECU"
        ],
        "nativeName": "Perú",
        "numericCode": "604",
        "currencies": [
            "PEN"
        ],
        "languages": [
            "es"
        ],
        "translations": {
            "de": "Peru",
            "es": "Perú",
            "fr": "Pérou",
            "ja": "ペルー",
            "it": "Perù"
        },
        "relevance": "0"
    },
    {
        "name": "Puerto Rico",
        "topLevelDomain": [
            ".pr"
        ],
        "alpha2Code": "PR",
        "alpha3Code": "PRI",
        "callingCodes": [
            "1",
            "1"
        ],
        "capital": "San Juan",
        "altSpellings": [
            "PR",
            "Commonwealth of Puerto Rico",
            "Estado Libre Asociado de Puerto Rico"
        ],
        "region": "Americas",
        "subregion": "Caribbean",
        "population": 3548397,
        "latlng": [
            18.25,
            -66.5
        ],
        "demonym": "Puerto Rican",
        "area": 8870.0,
        "gini": null,
        "timezones": [
            "UTC-04:00"
        ],
        "borders": [
            
        ],
        "nativeName": "Puerto Rico",
        "numericCode": "630",
        "currencies": [
            "USD"
        ],
        "languages": [
            "es",
            "en"
        ],
        "translations": {
            "de": "Puerto Rico",
            "es": "Puerto Rico",
            "fr": "Porto Rico",
            "ja": "プエルトリコ",
            "it": "Porto Rico"
        },
        "relevance": "0"
    },
    {
        "name": "Spain",
        "topLevelDomain": [
            ".es"
        ],
        "alpha2Code": "ES",
        "alpha3Code": "ESP",
        "callingCodes": [
            "34"
        ],
        "capital": "Madrid",
        "altSpellings": [
            "ES",
            "Kingdom of Spain",
            "Reino de España"
        ],
        "region": "Europe",
        "subregion": "Southern Europe",
        "population": 46439864,
        "latlng": [
            40.0,
            -4.0
        ],
        "demonym": "Spanish",
        "area": 505992.0,
        "gini": 34.7,
        "timezones": [
            "UTC",
            "UTC+01:00"
        ],
        "borders": [
            "AND",
            "FRA",
            "GIB",
            "PRT",
            "MAR"
        ],
        "nativeName": "España",
        "numericCode": "724",
        "currencies": [
            "EUR"
        ],
        "languages": [
            "es"
        ],
        "translations": {
            "de": "Spanien",
            "es": "España",
            "fr": "Espagne",
            "ja": "スペイン",
            "it": "Spagna"
        },
        "relevance": "2"
    },
    {
        "name": "Uruguay",
        "topLevelDomain": [
            ".uy"
        ],
        "alpha2Code": "UY",
        "alpha3Code": "URY",
        "callingCodes": [
            "598"
        ],
        "capital": "Montevideo",
        "altSpellings": [
            "UY",
            "Oriental Republic of Uruguay",
            "República Oriental del Uruguay"
        ],
        "region": "Americas",
        "subregion": "South America",
        "population": 3415866,
        "latlng": [
            -33.0,
            -56.0
        ],
        "demonym": "Uruguayan",
        "area": 181034.0,
        "gini": 39.7,
        "timezones": [
            "UTC-03:00"
        ],
        "borders": [
            "ARG",
            "BRA"
        ],
        "nativeName": "Uruguay",
        "numericCode": "858",
        "currencies": [
            "UYI",
            "UYU"
        ],
        "languages": [
            "es"
        ],
        "translations": {
            "de": "Uruguay",
            "es": "Uruguay",
            "fr": "Uruguay",
            "ja": "ウルグアイ",
            "it": "Uruguay"
        },
        "relevance": "0"
    },
    {
        "name": "Venezuela",
        "topLevelDomain": [
            ".ve"
        ],
        "alpha2Code": "VE",
        "alpha3Code": "VEN",
        "callingCodes": [
            "58"
        ],
        "capital": "Caracas",
        "altSpellings": [
            "VE",
            "Bolivarian Republic of Venezuela",
            "República Bolivariana de Venezuela"
        ],
        "region": "Americas",
        "subregion": "South America",
        "population": 30620404,
        "latlng": [
            8.0,
            -66.0
        ],
        "demonym": "Venezuelan",
        "area": 916445.0,
        "gini": 44.8,
        "timezones": [
            "UTC-04:30"
        ],
        "borders": [
            "BRA",
            "COL",
            "GUY"
        ],
        "nativeName": "Venezuela",
        "numericCode": "862",
        "currencies": [
            "VEF"
        ],
        "languages": [
            "es"
        ],
        "translations": {
            "de": "Venezuela",
            "es": "Venezuela",
            "fr": "Venezuela",
            "ja": "ベネズエラ・ボリバル共和国",
            "it": "Venezuela"
        },
        "relevance": "0"
    },
    {
        "name": "Western Sahara",
        "topLevelDomain": [
            ".eh"
        ],
        "alpha2Code": "EH",
        "alpha3Code": "ESH",
        "callingCodes": [
            "212"
        ],
        "capital": "El Aaiún",
        "altSpellings": [
            "EH",
            "Taneẓroft Tutrimt"
        ],
        "region": "Africa",
        "subregion": "Northern Africa",
        "population": 510713,
        "latlng": [
            24.5,
            -13.0
        ],
        "demonym": "Sahrawi",
        "area": 266000.0,
        "gini": null,
        "timezones": [
            "UTC+00:00"
        ],
        "borders": [
            "DZA",
            "MRT",
            "MAR"
        ],
        "nativeName": "الصحراء الغربية",
        "numericCode": "732",
        "currencies": [
            "MAD",
            "DZD",
            "MRO"
        ],
        "languages": [
            "es"
        ],
        "translations": {
            "de": "Westsahara",
            "es": "Sahara Occidental",
            "fr": "Sahara Occidental",
            "ja": "西サハラ",
            "it": "Sahara Occidentale"
        },
        "relevance": "0"
    }
]
]]></system-out>
  </testcase>
  <testcase name="getByCallingCode_validCallingCode_returns200" classname="ts01glm_5_2.CountryRestV1Test" time="0.047">
    <system-out><![CDATA[Request method:	GET
Request URI:	http://localhost:8080/rest/v1/callingcode/1
Proxy:			<none>
Request params:	<none>
Query params:	<none>
Form params:	<none>
Path params:	<none>
Headers:		Accept=application/json, application/javascript, text/javascript, text/json
Cookies:		<none>
Multiparts:		<none>
Body:			<none>
HTTP/1.1 200 
Content-Type: application/json;charset=utf-8
Transfer-Encoding: chunked
Date: Sun, 12 Jul 2026 23:40:50 GMT
Keep-Alive: timeout=60
Connection: keep-alive

[
    {
        "name": "American Samoa",
        "topLevelDomain": [
            ".as"
        ],
        "alpha2Code": "AS",
        "alpha3Code": "ASM",
        "callingCodes": [
            "1"
        ],
        "capital": "Pago Pago",
        "altSpellings": [
            "AS",
            "Amerika Sāmoa",
            "Amelika Sāmoa",
            "Sāmoa Amelika"
        ],
        "region": "Oceania",
        "subregion": "Polynesia",
        "population": 55519,
        "latlng": [
            -14.33333333,
            -170.0
        ],
        "demonym": "American Samoan",
        "area": 199.0,
        "gini": null,
        "timezones": [
            "UTC-11:00"
        ],
        "borders": [
            
        ],
        "nativeName": "American Samoa",
        "numericCode": "016",
        "currencies": [
            "USD"
        ],
        "languages": [
            "en",
            "sm"
        ],
        "translations": {
            "de": "Amerikanisch-Samoa",
            "es": "Samoa Americana",
            "fr": "Samoa américaines",
            "ja": "アメリカ領サモア",
            "it": "Samoa Americane"
        },
        "relevance": "0.5"
    },
    {
        "name": "Anguilla",
        "topLevelDomain": [
            ".ai"
        ],
        "alpha2Code": "AI",
        "alpha3Code": "AIA",
        "callingCodes": [
            "1"
        ],
        "capital": "The Valley",
        "altSpellings": [
            "AI"
        ],
        "region": "Americas",
        "subregion": "Caribbean",
        "population": 13452,
        "latlng": [
            18.25,
            -63.16666666
        ],
        "demonym": "Anguillian",
        "area": 91.0,
        "gini": null,
        "timezones": [
            "UTC-04:00"
        ],
        "borders": [
            
        ],
        "nativeName": "Anguilla",
        "numericCode": "660",
        "currencies": [
            "XCD"
        ],
        "languages": [
            "en"
        ],
        "translations": {
            "de": "Anguilla",
            "es": "Anguilla",
            "fr": "Anguilla",
            "ja": "アンギラ",
            "it": "Anguilla"
        },
        "relevance": "0.5"
    },
    {
        "name": "Antigua and Barbuda",
        "topLevelDomain": [
            ".ag"
        ],
        "alpha2Code": "AG",
        "alpha3Code": "ATG",
        "callingCodes": [
            "1"
        ],
        "capital": "Saint John's",
        "altSpellings": [
            "AG"
        ],
        "region": "Americas",
        "subregion": "Caribbean",
        "population": 86295,
        "latlng": [
            17.05,
            -61.8
        ],
        "demonym": "Antiguan, Barbudan",
        "area": 442.0,
        "gini": null,
        "timezones": [
            "UTC-04:00"
        ],
        "borders": [
            
        ],
        "nativeName": "Antigua and Barbuda",
        "numericCode": "028",
        "currencies": [
            "XCD"
        ],
        "languages": [
            "en"
        ],
        "translations": {
            "de": "Antigua und Barbuda",
            "es": "Antigua y Barbuda",
            "fr": "Antigua-et-Barbuda",
            "ja": "アンティグア・バーブーダ",
            "it": "Antigua e Barbuda"
        },
        "relevance": "0.5"
    },
    {
        "name": "The Bahamas",
        "topLevelDomain": [
            ".bs"
        ],
        "alpha2Code": "BS",
        "alpha3Code": "BHS",
        "callingCodes": [
            "1"
        ],
        "capital": "Nassau",
        "altSpellings": [
            "BS",
            "Commonwealth of the Bahamas"
        ],
        "region": "Americas",
        "subregion": "Caribbean",
        "population": 368390,
        "latlng": [
            24.25,
            -76.0
        ],
        "demonym": "Bahamian",
        "area": 13943.0,
        "gini": null,
        "timezones": [
            "UTC-05:00"
        ],
        "borders": [
            
        ],
        "nativeName": "Bahamas",
        "numericCode": "044",
        "currencies": [
            "BSD"
        ],
        "languages": [
            "en"
        ],
        "translations": {
            "de": "Bahamas",
            "es": "Bahamas",
            "fr": "Bahamas",
            "ja": "バハマ",
            "it": "Bahamas"
        },
        "relevance": "0"
    },
    {
        "name": "Barbados",
        "topLevelDomain": [
            ".bb"
        ],
        "alpha2Code": "BB",
        "alpha3Code": "BRB",
        "callingCodes": [
            "1"
        ],
        "capital": "Bridgetown",
        "altSpellings": [
            "BB"
        ],
        "region": "Americas",
        "subregion": "Caribbean",
        "population": 285000,
        "latlng": [
            13.16666666,
            -59.53333333
        ],
        "demonym": "Barbadian",
        "area": 430.0,
        "gini": null,
        "timezones": [
            "UTC-04:00"
        ],
        "borders": [
            
        ],
        "nativeName": "Barbados",
        "numericCode": "052",
        "currencies": [
            "BBD"
        ],
        "languages": [
            "en"
        ],
        "translations": {
            "de": "Barbados",
            "es": "Barbados",
            "fr": "Barbade",
            "ja": "バルバドス",
            "it": "Barbados"
        },
        "relevance": "0"
    },
    {
        "name": "Bermuda",
        "topLevelDomain": [
            ".bm"
        ],
        "alpha2Code": "BM",
        "alpha3Code": "BMU",
        "callingCodes": [
            "1"
        ],
        "capital": "Hamilton",
        "altSpellings": [
            "BM",
            "The Islands of Bermuda",
            "The Bermudas",
            "Somers Isles"
        ],
        "region": "Americas",
        "subregion": "Northern America",
        "population": 64237,
        "latlng": [
            32.33333333,
            -64.75
        ],
        "demonym": "Bermudian",
        "area": 54.0,
        "gini": null,
        "timezones": [
            "UTC-04:00"
        ],
        "borders": [
            
        ],
        "nativeName": "Bermuda",
        "numericCode": "060",
        "currencies": [
            "BMD"
        ],
        "languages": [
            "en"
        ],
        "translations": {
            "de": "Bermuda",
            "es": "Bermudas",
            "fr": "Bermudes",
            "ja": "バミューダ",
            "it": "Bermuda"
        },
        "relevance": "0.5"
    },
    {
        "name": "United States Minor Outlying Islands",
        "topLevelDomain": [
            ".us"
        ],
        "alpha2Code": "UM",
        "alpha3Code": "UMI",
        "callingCodes": [
            "1"
        ],
        "capital": "",
        "altSpellings": [
            "UM"
        ],
        "region": "Americas",
        "subregion": "Northern America",
        "population": 300,
        "latlng": [
            
        ],
        "demonym": "American",
        "area": null,
        "gini": null,
        "timezones": [
            "UTC-11:00",
            "UTC-10:00",
            "UTC+12:00"
        ],
        "borders": [
            
        ],
        "nativeName": "United States Minor Outlying Islands",
        "numericCode": "581",
        "currencies": [
            "USD"
        ],
        "languages": [
            "en"
        ],
        "translations": {
            "de": "Kleinere Inselbesitzungen der Vereinigten Staaten",
            "es": "Islas Ultramarinas Menores de Estados Unidos",
            "fr": "Îles mineures éloignées des États-Unis",
            "ja": "合衆国領有小離島",
            "it": "Isole minori esterne degli Stati Uniti d'America"
        },
        "relevance": "0"
    },
    {
        "name": "Virgin Islands (British)",
        "topLevelDomain": [
            ".vg"
        ],
        "alpha2Code": "VG",
        "alpha3Code": "VGB",
        "callingCodes": [
            "1"
        ],
        "capital": "Road Town",
        "altSpellings": [
            "VG"
        ],
        "region": "Americas",
        "subregion": "Caribbean",
        "population": 28054,
        "latlng": [
            18.431383,
            -64.62305
        ],
        "demonym": "Virgin Islander",
        "area": 151.0,
        "gini": null,
        "timezones": [
            "UTC-04:00"
        ],
        "borders": [
            
        ],
        "nativeName": "British Virgin Islands",
        "numericCode": "092",
        "currencies": [
            "USD"
        ],
        "languages": [
            "en"
        ],
        "translations": {
            "de": "Britische Jungferninseln",
            "es": "Islas Vírgenes del Reino Unido",
            "fr": "Îles Vierges britanniques",
            "ja": "イギリス領ヴァージン諸島",
            "it": "Isole Vergini Britanniche"
        },
        "relevance": "0.5"
    },
    {
        "name": "Virgin Islands (U.S.)",
        "topLevelDomain": [
            ".vi"
        ],
        "alpha2Code": "VI",
        "alpha3Code": "VIR",
        "callingCodes": [
            "1"
        ],
        "capital": "Charlotte Amalie",
        "altSpellings": [
            "VI",
            "USVI",
            "American Virgin Islands",
            "U.S. Virgin Islands"
        ],
        "region": "Americas",
        "subregion": "Caribbean",
        "population": 114743,
        "latlng": [
            18.34,
            -64.93
        ],
        "demonym": "Virgin Islander",
        "area": 346.36,
        "gini": null,
        "timezones": [
            "UTC-04:00"
        ],
        "borders": [
            
        ],
        "nativeName": "Virgin Islands of the United States",
        "numericCode": "850",
        "currencies": [
            "USD"
        ],
        "languages": [
            "en"
        ],
        "translations": {
            "de": "Amerikanische Jungferninseln",
            "es": "Islas Vírgenes de los Estados Unidos",
            "fr": "Îles Vierges des États-Unis",
            "ja": "アメリカ領ヴァージン諸島",
            "it": "Isole Vergini americane"
        },
        "relevance": "0.5"
    },
    {
        "name": "Canada",
        "topLevelDomain": [
            ".ca"
        ],
        "alpha2Code": "CA",
        "alpha3Code": "CAN",
        "callingCodes": [
            "1"
        ],
        "capital": "Ottawa",
        "altSpellings": [
            "CA"
        ],
        "region": "Americas",
        "subregion": "Northern America",
        "population": 35749600,
        "latlng": [
            60.0,
            -95.0
        ],
        "demonym": "Canadian",
        "area": 9984670.0,
        "gini": 32.6,
        "timezones": [
            "UTC-08:00",
            "UTC-07:00",
            "UTC-06:00",
            "UTC-05:00",
            "UTC-04:00",
            "UTC-03:30"
        ],
        "borders": [
            "USA"
        ],
        "nativeName": "Canada",
        "numericCode": "124",
        "currencies": [
            "CAD"
        ],
        "languages": [
            "en",
            "fr"
        ],
        "translations": {
            "de": "Kanada",
            "es": "Canadá",
            "fr": "Canada",
            "ja": "カナダ",
            "it": "Canada"
        },
        "relevance": "2"
    },
    {
        "name": "Cayman Islands",
        "topLevelDomain": [
            ".ky"
        ],
        "alpha2Code": "KY",
        "alpha3Code": "CYM",
        "callingCodes": [
            "1"
        ],
        "capital": "George Town",
        "altSpellings": [
            "KY"
        ],
        "region": "Americas",
        "subregion": "Caribbean",
        "population": 58238,
        "latlng": [
            19.5,
            -80.5
        ],
        "demonym": "Caymanian",
        "area": 264.0,
        "gini": null,
        "timezones": [
            "UTC-05:00"
        ],
        "borders": [
            
        ],
        "nativeName": "Cayman Islands",
        "numericCode": "136",
        "currencies": [
            "KYD"
        ],
        "languages": [
            "en"
        ],
        "translations": {
            "de": "Kaimaninseln",
            "es": "Islas Caimán",
            "fr": "Îles Caïmans",
            "ja": "ケイマン諸島",
            "it": "Isole Cayman"
        },
        "relevance": "0.5"
    },
    {
        "name": "Dominica",
        "topLevelDomain": [
            ".dm"
        ],
        "alpha2Code": "DM",
        "alpha3Code": "DMA",
        "callingCodes": [
            "1"
        ],
        "capital": "Roseau",
        "altSpellings": [
            "DM",
            "Dominique",
            "Wai‘tu kubuli",
            "Commonwealth of Dominica"
        ],
        "region": "Americas",
        "subregion": "Caribbean",
        "population": 71293,
        "latlng": [
            15.41666666,
            -61.33333333
        ],
        "demonym": "Dominican",
        "area": 751.0,
        "gini": null,
        "timezones": [
            "UTC-04:00"
        ],
        "borders": [
            
        ],
        "nativeName": "Dominica",
        "numericCode": "212",
        "currencies": [
            "XCD"
        ],
        "languages": [
            "en"
        ],
        "translations": {
            "de": "Dominica",
            "es": "Dominica",
            "fr": "Dominique",
            "ja": "ドミニカ国",
            "it": "Dominica"
        },
        "relevance": "0.5"
    },
    {
        "name": "Dominican Republic",
        "topLevelDomain": [
            ".do"
        ],
        "alpha2Code": "DO",
        "alpha3Code": "DOM",
        "callingCodes": [
            "1"
        ],
        "capital": "Santo Domingo",
        "altSpellings": [
            "DO"
        ],
        "region": "Americas",
        "subregion": "Caribbean",
        "population": 10528000,
        "latlng": [
            19.0,
            -70.66666666
        ],
        "demonym": "Dominican",
        "area": 48671.0,
        "gini": 47.2,
        "timezones": [
            "UTC-04:00"
        ],
        "borders": [
            "HTI"
        ],
        "nativeName": "República Dominicana",
        "numericCode": "214",
        "currencies": [
            "DOP"
        ],
        "languages": [
            "es"
        ],
        "translations": {
            "de": "Dominikanische Republik",
            "es": "República Dominicana",
            "fr": "République dominicaine",
            "ja": "ドミニカ共和国",
            "it": "Repubblica Dominicana"
        },
        "relevance": "0"
    },
    {
        "name": "Grenada",
        "topLevelDomain": [
            ".gd"
        ],
        "alpha2Code": "GD",
        "alpha3Code": "GRD",
        "callingCodes": [
            "1"
        ],
        "capital": "St. George's",
        "altSpellings": [
            "GD"
        ],
        "region": "Americas",
        "subregion": "Caribbean",
        "population": 103328,
        "latlng": [
            12.11666666,
            -61.66666666
        ],
        "demonym": "Grenadian",
        "area": 344.0,
        "gini": null,
        "timezones": [
            "UTC-04:00"
        ],
        "borders": [
            
        ],
        "nativeName": "Grenada",
        "numericCode": "308",
        "currencies": [
            "XCD"
        ],
        "languages": [
            "en"
        ],
        "translations": {
            "de": "Grenada",
            "es": "Grenada",
            "fr": "Grenade",
            "ja": "グレナダ",
            "it": "Grenada"
        },
        "relevance": "0"
    },
    {
        "name": "Guam",
        "topLevelDomain": [
            ".gu"
        ],
        "alpha2Code": "GU",
        "alpha3Code": "GUM",
        "callingCodes": [
            "1"
        ],
        "capital": "Hagåtña",
        "altSpellings": [
            "GU",
            "Guåhån"
        ],
        "region": "Oceania",
        "subregion": "Micronesia",
        "population": 159358,
        "latlng": [
            13.46666666,
            144.78333333
        ],
        "demonym": "Guamanian",
        "area": 549.0,
        "gini": null,
        "timezones": [
            "UTC+10:00"
        ],
        "borders": [
            
        ],
        "nativeName": "Guam",
        "numericCode": "316",
        "currencies": [
            "USD"
        ],
        "languages": [
            "en",
            "ch",
            "es"
        ],
        "translations": {
            "de": "Guam",
            "es": "Guam",
            "fr": "Guam",
            "ja": "グアム",
            "it": "Guam"
        },
        "relevance": "0"
    },
    {
        "name": "Jamaica",
        "topLevelDomain": [
            ".jm"
        ],
        "alpha2Code": "JM",
        "alpha3Code": "JAM",
        "callingCodes": [
            "1"
        ],
        "capital": "Kingston",
        "altSpellings": [
            "JM"
        ],
        "region": "Americas",
        "subregion": "Caribbean",
        "population": 2717991,
        "latlng": [
            18.25,
            -77.5
        ],
        "demonym": "Jamaican",
        "area": 10991.0,
        "gini": 45.5,
        "timezones": [
            "UTC-05:00"
        ],
        "borders": [
            
        ],
        "nativeName": "Jamaica",
        "numericCode": "388",
        "currencies": [
            "JMD"
        ],
        "languages": [
            "en"
        ],
        "translations": {
            "de": "Jamaika",
            "es": "Jamaica",
            "fr": "Jamaïque",
            "ja": "ジャマイカ",
            "it": "Giamaica"
        },
        "relevance": "0"
    },
    {
        "name": "Montserrat",
        "topLevelDomain": [
            ".ms"
        ],
        "alpha2Code": "MS",
        "alpha3Code": "MSR",
        "callingCodes": [
            "1"
        ],
        "capital": "Plymouth",
        "altSpellings": [
            "MS"
        ],
        "region": "Americas",
        "subregion": "Caribbean",
        "population": 4922,
        "latlng": [
            16.75,
            -62.2
        ],
        "demonym": "Montserratian",
        "area": 102.0,
        "gini": null,
        "timezones": [
            "UTC-04:00"
        ],
        "borders": [
            
        ],
        "nativeName": "Montserrat",
        "numericCode": "500",
        "currencies": [
            "XCD"
        ],
        "languages": [
            "en"
        ],
        "translations": {
            "de": "Montserrat",
            "es": "Montserrat",
            "fr": "Montserrat",
            "ja": "モントセラト",
            "it": "Montserrat"
        },
        "relevance": "0.5"
    },
    {
        "name": "Northern Mariana Islands",
        "topLevelDomain": [
            ".mp"
        ],
        "alpha2Code": "MP",
        "alpha3Code": "MNP",
        "callingCodes": [
            "1"
        ],
        "capital": "Saipan",
        "altSpellings": [
            "MP",
            "Commonwealth of the Northern Mariana Islands",
            "Sankattan Siha Na Islas Mariånas"
        ],
        "region": "Oceania",
        "subregion": "Micronesia",
        "population": 53883,
        "latlng": [
            15.2,
            145.75
        ],
        "demonym": "American",
        "area": 464.0,
        "gini": null,
        "timezones": [
            "UTC+10:00"
        ],
        "borders": [
            
        ],
        "nativeName": "Northern Mariana Islands",
        "numericCode": "580",
        "currencies": [
            "USD"
        ],
        "languages": [
            "en",
            "ch"
        ],
        "translations": {
            "de": "Nördliche Marianen",
            "es": "Islas Marianas del Norte",
            "fr": "Îles Mariannes du Nord",
            "ja": "北マリアナ諸島",
            "it": "Isole Marianne Settentrionali"
        },
        "relevance": "0.5"
    },
    {
        "name": "Puerto Rico",
        "topLevelDomain": [
            ".pr"
        ],
        "alpha2Code": "PR",
        "alpha3Code": "PRI",
        "callingCodes": [
            "1",
            "1"
        ],
        "capital": "San Juan",
        "altSpellings": [
            "PR",
            "Commonwealth of Puerto Rico",
            "Estado Libre Asociado de Puerto Rico"
        ],
        "region": "Americas",
        "subregion": "Caribbean",
        "population": 3548397,
        "latlng": [
            18.25,
            -66.5
        ],
        "demonym": "Puerto Rican",
        "area": 8870.0,
        "gini": null,
        "timezones": [
            "UTC-04:00"
        ],
        "borders": [
            
        ],
        "nativeName": "Puerto Rico",
        "numericCode": "630",
        "currencies": [
            "USD"
        ],
        "languages": [
            "es",
            "en"
        ],
        "translations": {
            "de": "Puerto Rico",
            "es": "Puerto Rico",
            "fr": "Porto Rico",
            "ja": "プエルトリコ",
            "it": "Porto Rico"
        },
        "relevance": "0"
    },
    {
        "name": "Puerto Rico",
        "topLevelDomain": [
            ".pr"
        ],
        "alpha2Code": "PR",
        "alpha3Code": "PRI",
        "callingCodes": [
            "1",
            "1"
        ],
        "capital": "San Juan",
        "altSpellings": [
            "PR",
            "Commonwealth of Puerto Rico",
            "Estado Libre Asociado de Puerto Rico"
        ],
        "region": "Americas",
        "subregion": "Caribbean",
        "population": 3548397,
        "latlng": [
            18.25,
            -66.5
        ],
        "demonym": "Puerto Rican",
        "area": 8870.0,
        "gini": null,
        "timezones": [
            "UTC-04:00"
        ],
        "borders": [
            
        ],
        "nativeName": "Puerto Rico",
        "numericCode": "630",
        "currencies": [
            "USD"
        ],
        "languages": [
            "es",
            "en"
        ],
        "translations": {
            "de": "Puerto Rico",
            "es": "Puerto Rico",
            "fr": "Porto Rico",
            "ja": "プエルトリコ",
            "it": "Porto Rico"
        },
        "relevance": "0"
    },
    {
        "name": "Saint Kitts and Nevis",
        "topLevelDomain": [
            ".kn"
        ],
        "alpha2Code": "KN",
        "alpha3Code": "KNA",
        "callingCodes": [
            "1"
        ],
        "capital": "Basseterre",
        "altSpellings": [
            "KN",
            "Federation of Saint Christopher and Nevis"
        ],
        "region": "Americas",
        "subregion": "Caribbean",
        "population": 56000,
        "latlng": [
            17.33333333,
            -62.75
        ],
        "demonym": "Kittian and Nevisian",
        "area": 261.0,
        "gini": null,
        "timezones": [
            "UTC-04:00"
        ],
        "borders": [
            
        ],
        "nativeName": "Saint Kitts and Nevis",
        "numericCode": "659",
        "currencies": [
            "XCD"
        ],
        "languages": [
            "en"
        ],
        "translations": {
            "de": "St. Kitts und Nevis",
            "es": "San Cristóbal y Nieves",
            "fr": "Saint-Christophe-et-Niévès",
            "ja": "セントクリストファー・ネイビス",
            "it": "Saint Kitts e Nevis"
        },
        "relevance": "0"
    },
    {
        "name": "Saint Lucia",
        "topLevelDomain": [
            ".lc"
        ],
        "alpha2Code": "LC",
        "alpha3Code": "LCA",
        "callingCodes": [
            "1"
        ],
        "capital": "Castries",
        "altSpellings": [
            "LC"
        ],
        "region": "Americas",
        "subregion": "Caribbean",
        "population": 185000,
        "latlng": [
            13.88333333,
            -60.96666666
        ],
        "demonym": "Saint Lucian",
        "area": 616.0,
        "gini": 42.6,
        "timezones": [
            "UTC-04:00"
        ],
        "borders": [
            
        ],
        "nativeName": "Saint Lucia",
        "numericCode": "662",
        "currencies": [
            "XCD"
        ],
        "languages": [
            "en"
        ],
        "translations": {
            "de": "Saint Lucia",
            "es": "Santa Lucía",
            "fr": "Saint-Lucie",
            "ja": "セントルシア",
            "it": "Santa Lucia"
        },
        "relevance": "0"
    },
    {
        "name": "Saint Vincent and the Grenadines",
        "topLevelDomain": [
            ".vc"
        ],
        "alpha2Code": "VC",
        "alpha3Code": "VCT",
        "callingCodes": [
            "1"
        ],
        "capital": "Kingstown",
        "altSpellings": [
            "VC"
        ],
        "region": "Americas",
        "subregion": "Caribbean",
        "population": 109991,
        "latlng": [
            13.25,
            -61.2
        ],
        "demonym": "Saint Vincentian",
        "area": 389.0,
        "gini": null,
        "timezones": [
            "UTC-04:00"
        ],
        "borders": [
            
        ],
        "nativeName": "Saint Vincent and the Grenadines",
        "numericCode": "670",
        "currencies": [
            "XCD"
        ],
        "languages": [
            "en"
        ],
        "translations": {
            "de": "Saint Vincent und die Grenadinen",
            "es": "San Vicente y Granadinas",
            "fr": "Saint-Vincent-et-les-Grenadines",
            "ja": "セントビンセントおよびグレナディーン諸島",
            "it": "Saint Vincent e Grenadine"
        },
        "relevance": "0"
    },
    {
        "name": "Sint Maarten",
        "topLevelDomain": [
            ".sx"
        ],
        "alpha2Code": "SX",
        "alpha3Code": "SXM",
        "callingCodes": [
            "1"
        ],
        "capital": "Philipsburg",
        "altSpellings": [
            "SX"
        ],
        "region": "Americas",
        "subregion": "Caribbean",
        "population": 37429,
        "latlng": [
            18.033333,
            -63.05
        ],
        "demonym": "Dutch",
        "area": 34.0,
        "gini": null,
        "timezones": [
            "UTC-04:00"
        ],
        "borders": [
            "MAF"
        ],
        "nativeName": "Sint Maarten",
        "numericCode": "534",
        "currencies": [
            "ANG"
        ],
        "languages": [
            "nl",
            "en"
        ],
        "translations": {
            "de": null,
            "es": null,
            "fr": null,
            "ja": null,
            "it": null
        },
        "relevance": "0"
    },
    {
        "name": "Trinidad and Tobago",
        "topLevelDomain": [
            ".tt"
        ],
        "alpha2Code": "TT",
        "alpha3Code": "TTO",
        "callingCodes": [
            "1"
        ],
        "capital": "Port of Spain",
        "altSpellings": [
            "TT",
            "Republic of Trinidad and Tobago"
        ],
        "region": "Americas",
        "subregion": "Caribbean",
        "population": 1340557,
        "latlng": [
            11.0,
            -61.0
        ],
        "demonym": "Trinidadian",
        "area": 5130.0,
        "gini": 40.3,
        "timezones": [
            "UTC-04:00"
        ],
        "borders": [
            
        ],
        "nativeName": "Trinidad and Tobago",
        "numericCode": "780",
        "currencies": [
            "TTD"
        ],
        "languages": [
            "en"
        ],
        "translations": {
            "de": "Trinidad und Tobago",
            "es": "Trinidad y Tobago",
            "fr": "Trinité et Tobago",
            "ja": "トリニダード・トバゴ",
            "it": "Trinidad e Tobago"
        },
        "relevance": "0"
    },
    {
        "name": "Turks and Caicos Islands",
        "topLevelDomain": [
            ".tc"
        ],
        "alpha2Code": "TC",
        "alpha3Code": "TCA",
        "callingCodes": [
            "1"
        ],
        "capital": "Cockburn Town",
        "altSpellings": [
            "TC"
        ],
        "region": "Americas",
        "subregion": "Caribbean",
        "population": 31458,
        "latlng": [
            21.75,
            -71.58333333
        ],
        "demonym": "Turks and Caicos Islander",
        "area": 948.0,
        "gini": null,
        "timezones": [
            "UTC-04:00"
        ],
        "borders": [
            
        ],
        "nativeName": "Turks and Caicos Islands",
        "numericCode": "796",
        "currencies": [
            "USD"
        ],
        "languages": [
            "en"
        ],
        "translations": {
            "de": "Turks- und Caicosinseln",
            "es": "Islas Turks y Caicos",
            "fr": "Îles Turques-et-Caïques",
            "ja": "タークス・カイコス諸島",
            "it": "Isole Turks e Caicos"
        },
        "relevance": "0.5"
    },
    {
        "name": "United States",
        "topLevelDomain": [
            ".us"
        ],
        "alpha2Code": "US",
        "alpha3Code": "USA",
        "callingCodes": [
            "1"
        ],
        "capital": "Washington, D.C.",
        "altSpellings": [
            "US",
            "USA",
            "United States of America"
        ],
        "region": "Americas",
        "subregion": "Northern America",
        "population": 321645000,
        "latlng": [
            38.0,
            -97.0
        ],
        "demonym": "American",
        "area": 9629091.0,
        "gini": 48.0,
        "timezones": [
            "UTC-12:00",
            "UTC-11:00",
            "UTC-10:00",
            "UTC-09:00",
            "UTC-08:00",
            "UTC-07:00",
            "UTC-06:00",
            "UTC-05:00",
            "UTC-04:00",
            "UTC+10:00",
            "UTC+12:00"
        ],
        "borders": [
            "CAN",
            "MEX"
        ],
        "nativeName": "United States",
        "numericCode": "840",
        "currencies": [
            "USD",
            "USN",
            "USS"
        ],
        "languages": [
            "en"
        ],
        "translations": {
            "de": "Vereinigte Staaten von Amerika",
            "es": "Estados Unidos",
            "fr": "États-Unis",
            "ja": "アメリカ合衆国",
            "it": "Stati Uniti D'America"
        },
        "relevance": "3.5"
    }
]
]]></system-out>
  </testcase>
  <testcase name="getByAlpha_invalidAlphaCodeTooLong_returns400" classname="ts01glm_5_2.CountryRestV1Test" time="0.001">
    <system-out><![CDATA[Request method:	GET
Request URI:	http://localhost:8080/rest/v1/alpha/1234
Proxy:			<none>
Request params:	<none>
Query params:	<none>
Form params:	<none>
Path params:	<none>
Headers:		Accept=application/json, application/javascript, text/javascript, text/json
Cookies:		<none>
Multiparts:		<none>
Body:			<none>
HTTP/1.1 400 
Content-Type: application/json;charset=utf-8
Content-Length: 38
Date: Sun, 12 Jul 2026 23:40:50 GMT
Connection: close

{
    "status": 400,
    "message": "Bad Request"
}
]]></system-out>
  </testcase>
  <testcase name="getByAlpha_notFoundAlphaCode_returns404" classname="ts01glm_5_2.CountryRestV1Test" time="0">
    <system-out><![CDATA[Request method:	GET
Request URI:	http://localhost:8080/rest/v1/alpha/XYZ
Proxy:			<none>
Request params:	<none>
Query params:	<none>
Form params:	<none>
Path params:	<none>
Headers:		Accept=application/json, application/javascript, text/javascript, text/json
Cookies:		<none>
Multiparts:		<none>
Body:			<none>
HTTP/1.1 404 
Content-Type: application/json;charset=utf-8
Content-Length: 36
Date: Sun, 12 Jul 2026 23:40:50 GMT
Keep-Alive: timeout=60
Connection: keep-alive

{
    "status": 404,
    "message": "Not Found"
}
]]></system-out>
  </testcase>
  <testcase name="getByCurrency_validCurrency_returns200" classname="ts01glm_5_2.CountryRestV1Test" time="0.034">
    <system-out><![CDATA[Request method:	GET
Request URI:	http://localhost:8080/rest/v1/currency/USD
Proxy:			<none>
Request params:	<none>
Query params:	<none>
Form params:	<none>
Path params:	<none>
Headers:		Accept=application/json, application/javascript, text/javascript, text/json
Cookies:		<none>
Multiparts:		<none>
Body:			<none>
HTTP/1.1 200 
Content-Type: application/json;charset=utf-8
Transfer-Encoding: chunked
Date: Sun, 12 Jul 2026 23:40:50 GMT
Keep-Alive: timeout=60
Connection: keep-alive

[
    {
        "name": "American Samoa",
        "topLevelDomain": [
            ".as"
        ],
        "alpha2Code": "AS",
        "alpha3Code": "ASM",
        "callingCodes": [
            "1"
        ],
        "capital": "Pago Pago",
        "altSpellings": [
            "AS",
            "Amerika Sāmoa",
            "Amelika Sāmoa",
            "Sāmoa Amelika"
        ],
        "region": "Oceania",
        "subregion": "Polynesia",
        "population": 55519,
        "latlng": [
            -14.33333333,
            -170.0
        ],
        "demonym": "American Samoan",
        "area": 199.0,
        "gini": null,
        "timezones": [
            "UTC-11:00"
        ],
        "borders": [
            
        ],
        "nativeName": "American Samoa",
        "numericCode": "016",
        "currencies": [
            "USD"
        ],
        "languages": [
            "en",
            "sm"
        ],
        "translations": {
            "de": "Amerikanisch-Samoa",
            "es": "Samoa Americana",
            "fr": "Samoa américaines",
            "ja": "アメリカ領サモア",
            "it": "Samoa Americane"
        },
        "relevance": "0.5"
    },
    {
        "name": "Bonaire",
        "topLevelDomain": [
            ".an",
            ".nl"
        ],
        "alpha2Code": "BQ",
        "alpha3Code": "BES",
        "callingCodes": [
            "599"
        ],
        "capital": "Kralendijk",
        "altSpellings": [
            "BQ",
            "Boneiru"
        ],
        "region": "Americas",
        "subregion": "Caribbean",
        "population": 17408,
        "latlng": [
            12.15,
            -68.266667
        ],
        "demonym": "Dutch",
        "area": 294.0,
        "gini": null,
        "timezones": [
            "UTC-04:00"
        ],
        "borders": [
            
        ],
        "nativeName": "Bonaire",
        "numericCode": "535",
        "currencies": [
            "USD"
        ],
        "languages": [
            "nl"
        ],
        "translations": {
            "de": null,
            "es": null,
            "fr": null,
            "ja": null,
            "it": null
        },
        "relevance": "0"
    },
    {
        "name": "British Indian Ocean Territory",
        "topLevelDomain": [
            ".io"
        ],
[...]
        "alpha3Code": "NOR",
        "callingCodes": [
            "47"
        ],
        "capital": "Oslo",
        "altSpellings": [
            "NO",
            "Norge",
            "Noreg",
            "Kingdom of Norway",
            "Kongeriket Norge",
            "Kongeriket Noreg"
        ],
        "region": "Europe",
        "subregion": "Northern Europe",
        "population": 5176998,
        "latlng": [
            62.0,
            10.0
        ],
        "demonym": "Norwegian",
        "area": 323802.0,
        "gini": 25.8,
        "timezones": [
            "UTC+01:00"
        ],
        "borders": [
            "FIN",
            "SWE",
            "RUS"
        ],
        "nativeName": "Norge",
        "numericCode": "578",
        "currencies": [
            "NOK"
        ],
        "languages": [
            "no",
            "nb",
            "nn"
        ],
        "translations": {
            "de": "Norwegen",
            "es": "Noruega",
            "fr": "Norvège",
            "ja": "ノルウェー",
            "it": "Norvegia"
        },
        "relevance": "1.5"
    },
    {
        "name": "Poland",
        "topLevelDomain": [
            ".pl"
        ],
        "alpha2Code": "PL",
        "alpha3Code": "POL",
        "callingCodes": [
            "48"
        ],
        "capital": "Warsaw",
        "altSpellings": [
            "PL",
            "Republic of Poland",
            "Rzeczpospolita Polska"
        ],
        "region": "Europe",
        "subregion": "Eastern Europe",
        "population": 38484000,
        "latlng": [
            52.0,
            20.0
        ],
        "demonym": "Polish",
        "area": 312679.0,
        "gini": 34.1,
        "timezones": [
            "UTC+01:00"
        ],
        "borders": [
            "BLR",
            "CZE",
            "DEU",
            "LTU",
            "RUS",
            "SVK",
            "UKR"
        ],
        "nativeName": "Polska",
        "numericCode": "616",
        "currencies": [
            "PLN"
        ],
        "languages": [
            "pl"
        ],
        "translations": {
            "de": "Polen",
            "es": "Polonia",
            "fr": "Pologne",
            "ja": "ポーランド",
            "it": "Polonia"
        },
        "relevance": "1.25"
    },
    {
        "name": "Portugal",
        "topLevelDomain": [
            ".pt"
        ],
        "alpha2Code": "PT",
        "alpha3Code": "PRT",
        "callingCodes": [
            "351"
        ],
        "capital": "Lisbon",
        "altSpellings": [
            "PT",
            "Portuguesa",
            "Portuguese Republic",
            "República Portuguesa"
        ],
        "region": "Europe",
        "subregion": "Southern Europe",
        "population": 10374822,
        "latlng": [
            39.5,
            -8.0
        ],
        "demonym": "Portuguese",
        "area": 92090.0,
        "gini": 38.5,
        "timezones": [
            "UTC-01:00",
            "UTC"
        ],
        "borders": [
            "ESP"
        ],
        "nativeName": "Portugal",
        "numericCode": "620",
        "currencies": [
            "EUR"
        ],
        "languages": [
            "pt"
        ],
        "translations": {
            "de": "Portugal",
            "es": "Portugal",
            "fr": "Portugal",
            "ja": "ポルトガル",
            "it": "Portogallo"
        },
        "relevance": "1.5"
    },
    {
        "name": "Republic of Kosovo",
        "topLevelDomain": [
            ""
        ],
        "alpha2Code": "XK",
        "alpha3Code": "KOS",
        "callingCodes": [
            "383"
        ],
        "capital": "Pristina",
        "altSpellings": [
            "XK",
            "Република Косово"
        ],
        "region": "Europe",
        "subregion": "Eastern Europe",
        "population": 1733842,
        "latlng": [
            42.666667,
            21.166667
        ],
        "demonym": "Kosovar",
        "area": 10908.0,
        "gini": null,
        "timezones": [
            "UTC+01:00"
        ],
        "borders": [
            "ALB",
            "MKD",
            "MNE",
            "SRB"
        ],
        "nativeName": "Republika e Kosovës",
        "numericCode": "780",
        "currencies": [
            "EUR"
        ],
        "languages": [
            "sq",
            "sr"
        ],
        "translations": {
            "de": null,
            "es": "Kosovo",
            "fr": null,
            "ja": null,
            "it": null
        },
        "relevance": "0"
    },
    {
        "name": "Romania",
        "topLevelDomain": [
            ".ro"
        ],
        "alpha2Code": "RO",
        "alpha3Code": "ROU",
        "callingCodes": [
            "40"
        ],
        "capital": "Bucharest",
        "altSpellings": [
            "RO",
            "Rumania",
            "Roumania",
            "România"
        ],
        "region": "Europe",
        "subregion": "Eastern Europe",
        "population": 19942642,
        "latlng": [
            46.0,
            25.0
        ],
        "demonym": "Romanian",
        "area": 238391.0,
        "gini": 30.0,
        "timezones": [
            "UTC+02:00"
        ],
        "borders": [
            "BGR",
            "HUN",
            "MDA",
            "SRB",
            "UKR"
        ],
        "nativeName": "România",
        "numericCode": "642",
        "currencies": [
            "RON"
        ],
        "languages": [
            "ro"
        ],
        "translations": {
            "de": "Rumänien",
            "es": "Rumania",
            "fr": "Roumanie",
            "ja": "ルーマニア",
            "it": "Romania"
        },
        "relevance": "0"
    },
    {
        "name": "Russia",
        "topLevelDomain": [
            ".ru"
        ],
        "alpha2Code": "RU",
        "alpha3Code": "RUS",
        "callingCodes": [
            "7"
        ],
        "capital": "Moscow",
        "altSpellings": [
            "RU",
            "Rossiya",
            "Russian Federation",
            "Российская Федерация",
            "Rossiyskaya Federatsiya"
        ],
        "region": "Europe",
        "subregion": "Eastern Europe",
        "population": 146556330,
        "latlng": [
            60.0,
            100.0
        ],
        "demonym": "Russian",
        "area": 1.7124442E7,
        "gini": 40.1,
        "timezones": [
            "UTC+03:00",
            "UTC+04:00",
            "UTC+06:00",
            "UTC+07:00",
            "UTC+08:00",
            "UTC+09:00",
            "UTC+10:00",
            "UTC+11:00",
            "UTC+12:00"
        ],
        "borders": [
            "AZE",
            "BLR",
            "CHN",
            "EST",
            "FIN",
            "GEO",
            "KAZ",
            "PRK",
            "LVA",
            "LTU",
            "MNG",
            "NOR",
            "POL",
            "UKR"
        ],
        "nativeName": "Россия",
        "numericCode": "643",
        "currencies": [
            "RUB"
        ],
        "languages": [
            "ru"
        ],
        "translations": {
            "de": "Russland",
            "es": "Rusia",
            "fr": "Russie",
            "ja": "ロシア連邦",
            "it": "Russia"
        },
        "relevance": "2.5"
    },
    {
        "name": "San Marino",
        "topLevelDomain": [
            ".sm"
        ],
        "alpha2Code": "SM",
        "alpha3Code": "SMR",
        "callingCodes": [
            "378"
        ],
        "capital": "City of San Marino",
        "altSpellings": [
            "SM",
            "Republic of San Marino",
            "Repubblica di San Marino"
        ],
        "region": "Europe",
        "subregion": "Southern Europe",
        "population": 32831,
        "latlng": [
            43.76666666,
            12.41666666
        ],
        "demonym": "Sammarinese",
        "area": 61.0,
        "gini": null,
        "timezones": [
            "UTC+01:00"
        ],
        "borders": [
            "ITA"
        ],
        "nativeName": "San Marino",
        "numericCode": "674",
        "currencies": [
            "EUR"
        ],
        "languages": [
            "it"
        ],
        "translations": {
            "de": "San Marino",
            "es": "San Marino",
            "fr": "Saint-Marin",
            "ja": "サンマリノ",
            "it": "San Marino"
        },
        "relevance": "0"
    },
    {
        "name": "Serbia",
        "topLevelDomain": [
            ".rs"
        ],
        "alpha2Code": "RS",
        "alpha3Code": "SRB",
        "callingCodes": [
            "381"
        ],
        "capital": "Belgrade",
        "altSpellings": [
            "RS",
            "Srbija",
            "Republic of Serbia",
            "Република Србија",
            "Republika Srbija"
        ],
        "region": "Europe",
        "subregion": "Southern Europe",
        "population": 7114393,
        "latlng": [
            44.0,
            21.0
        ],
        "demonym": "Serbian",
        "area": 88361.0,
        "gini": 27.8,
        "timezones": [
            "UTC+01:00"
        ],
        "borders": [
            "BIH",
            "BGR",
            "HRV",
            "HUN",
            "KOS",
            "MKD",
            "MNE",
            "ROU"
        ],
        "nativeName": "Србија",
        "numericCode": "688",
        "currencies": [
            "RSD"
        ],
        "languages": [
            "sr"
        ],
        "translations": {
            "de": "Serbien",
            "es": "Serbia",
            "fr": "Serbie",
            "ja": "セルビア",
            "it": "Serbia"
        },
        "relevance": "0"
    },
    {
        "name": "Slovakia",
        "topLevelDomain": [
            ".sk"
        ],
        "alpha2Code": "SK",
        "alpha3Code": "SVK",
        "callingCodes": [
            "421"
        ],
        "capital": "Bratislava",
        "altSpellings": [
            "SK",
            "Slovak Republic",
            "Slovenská republika"
        ],
        "region": "Europe",
        "subregion": "Eastern Europe",
        "population": 5421349,
        "latlng": [
            48.66666666,
            19.5
        ],
        "demonym": "Slovak",
        "area": 49037.0,
        "gini": 26.0,
        "timezones": [
            "UTC+01:00"
        ],
        "borders": [
            "AUT",
            "CZE",
            "HUN",
            "POL",
            "UKR"
        ],
        "nativeName": "Slovensko",
        "numericCode": "703",
        "currencies": [
            "EUR"
        ],
        "languages": [
            "sk"
        ],
        "translations": {
            "de": "Slowakei",
            "es": "República Eslovaca",
            "fr": "Slovaquie",
            "ja": "スロバキア",
            "it": "Slovacchia"
        },
        "relevance": "0"
    },
    {
        "name": "Slovenia",
        "topLevelDomain": [
            ".si"
        ],
        "alpha2Code": "SI",
        "alpha3Code": "SVN",
        "callingCodes": [
            "386"
        ],
        "capital": "Ljubljana",
        "altSpellings": [
            "SI",
            "Republic of Slovenia",
            "Republika Slovenija"
        ],
        "region": "Europe",
        "subregion": "Southern Europe",
        "population": 2067683,
        "latlng": [
            46.11666666,
            14.81666666
        ],
        "demonym": "Slovene",
        "area": 20273.0,
        "gini": 31.2,
        "timezones": [
            "UTC+01:00"
        ],
        "borders": [
            "AUT",
            "HRV",
            "ITA",
            "HUN"
        ],
        "nativeName": "Slovenija",
        "numericCode": "705",
        "currencies": [
            "EUR"
        ],
        "languages": [
            "sl"
        ],
        "translations": {
            "de": "Slowenien",
            "es": "Eslovenia",
            "fr": "Slovénie",
            "ja": "スロベニア",
            "it": "Slovenia"
        },
        "relevance": "0"
    },
    {
        "name": "Spain",
        "topLevelDomain": [
            ".es"
        ],
        "alpha2Code": "ES",
        "alpha3Code": "ESP",
        "callingCodes": [
            "34"
        ],
        "capital": "Madrid",
        "altSpellings": [
            "ES",
            "Kingdom of Spain",
            "Reino de España"
        ],
        "region": "Europe",
        "subregion": "Southern Europe",
        "population": 46439864,
        "latlng": [
            40.0,
            -4.0
        ],
        "demonym": "Spanish",
        "area": 505992.0,
        "gini": 34.7,
        "timezones": [
            "UTC",
            "UTC+01:00"
        ],
        "borders": [
            "AND",
            "FRA",
            "GIB",
            "PRT",
            "MAR"
        ],
        "nativeName": "España",
        "numericCode": "724",
        "currencies": [
            "EUR"
        ],
        "languages": [
            "es"
        ],
        "translations": {
            "de": "Spanien",
            "es": "España",
            "fr": "Espagne",
            "ja": "スペイン",
            "it": "Spagna"
        },
        "relevance": "2"
    },
    {
        "name": "Svalbard and Jan Mayen",
        "topLevelDomain": [
            ".sj"
        ],
        "alpha2Code": "SJ",
        "alpha3Code": "SJM",
        "callingCodes": [
            "47"
        ],
        "capital": "Longyearbyen",
        "altSpellings": [
            "SJ",
            "Svalbard and Jan Mayen Islands"
        ],
        "region": "Europe",
        "subregion": "Northern Europe",
        "population": 2562,
        "latlng": [
            78.0,
            20.0
        ],
        "demonym": "Norwegian",
        "area": null,
        "gini": null,
        "timezones": [
            "UTC+01:00"
        ],
        "borders": [
            
        ],
        "nativeName": "Svalbard og Jan Mayen",
        "numericCode": "744",
        "currencies": [
            "NOK"
        ],
        "languages": [
            "no"
        ],
        "translations": {
            "de": "Svalbard und Jan Mayen",
            "es": "Islas Svalbard y Jan Mayen",
            "fr": "Svalbard et Jan Mayen",
            "ja": "スヴァールバル諸島およびヤンマイエン島",
            "it": "Svalbard e Jan Mayen"
        },
        "relevance": "0.5"
    },
    {
        "name": "Sweden",
        "topLevelDomain": [
            ".se"
        ],
        "alpha2Code": "SE",
        "alpha3Code": "SWE",
        "callingCodes": [
            "46"
        ],
        "capital": "Stockholm",
        "altSpellings": [
            "SE",
            "Kingdom of Sweden",
            "Konungariket Sverige"
        ],
        "region": "Europe",
        "subregion": "Northern Europe",
        "population": 9793172,
        "latlng": [
            62.0,
            15.0
        ],
        "demonym": "Swedish",
        "area": 450295.0,
        "gini": 25.0,
        "timezones": [
            "UTC+01:00"
        ],
        "borders": [
            "FIN",
            "NOR"
        ],
        "nativeName": "Sverige",
        "numericCode": "752",
        "currencies": [
            "SEK"
        ],
        "languages": [
            "sv"
        ],
        "translations": {
            "de": "Schweden",
            "es": "Suecia",
            "fr": "Suède",
            "ja": "スウェーデン",
            "it": "Svezia"
        },
        "relevance": "1.5"
    },
    {
        "name": "Switzerland",
        "topLevelDomain": [
            ".ch"
        ],
        "alpha2Code": "CH",
        "alpha3Code": "CHE",
        "callingCodes": [
            "41"
        ],
        "capital": "Bern",
        "altSpellings": [
            "CH",
            "Swiss Confederation",
            "Schweiz",
            "Suisse",
            "Svizzera",
            "Svizra"
        ],
        "region": "Europe",
        "subregion": "Western Europe",
        "population": 8256000,
        "latlng": [
            47.0,
            8.0
        ],
        "demonym": "Swiss",
        "area": 41284.0,
        "gini": 33.7,
        "timezones": [
            "UTC+01:00"
        ],
        "borders": [
            "AUT",
            "FRA",
            "ITA",
            "LIE",
            "DEU"
        ],
        "nativeName": "Schweiz",
        "numericCode": "756",
        "currencies": [
            "CHE",
            "CHF",
            "CHW"
        ],
        "languages": [
            "de",
            "fr",
            "it"
        ],
        "translations": {
            "de": "Schweiz",
            "es": "Suiza",
            "fr": "Suisse",
            "ja": "スイス",
            "it": "Svizzera"
        },
        "relevance": "1.5"
    },
    {
        "name": "Ukraine",
        "topLevelDomain": [
            ".ua"
        ],
        "alpha2Code": "UA",
        "alpha3Code": "UKR",
        "callingCodes": [
            "380"
        ],
        "capital": "Kiev",
        "altSpellings": [
            "UA",
            "Ukrayina"
        ],
        "region": "Europe",
        "subregion": "Eastern Europe",
        "population": 42836922,
        "latlng": [
            49.0,
            32.0
        ],
        "demonym": "Ukrainian",
        "area": 603700.0,
        "gini": 26.4,
        "timezones": [
            "UTC+02:00"
        ],
        "borders": [
            "BLR",
            "HUN",
            "MDA",
            "POL",
            "ROU",
            "RUS",
            "SVK"
        ],
        "nativeName": "Україна",
        "numericCode": "804",
        "currencies": [
            "UAH"
        ],
        "languages": [
            "uk"
        ],
        "translations": {
            "de": "Ukraine",
            "es": "Ucrania",
            "fr": "Ukraine",
            "ja": "ウクライナ",
            "it": "Ucraina"
        },
        "relevance": "0"
    },
    {
        "name": "United Kingdom",
        "topLevelDomain": [
            ".uk"
        ],
        "alpha2Code": "GB",
        "alpha3Code": "GBR",
        "callingCodes": [
            "44"
        ],
        "capital": "London",
        "altSpellings": [
            "GB",
            "UK",
            "Great Britain"
        ],
        "region": "Europe",
        "subregion": "Northern Europe",
        "population": 64800000,
        "latlng": [
            54.0,
            -2.0
        ],
        "demonym": "British",
        "area": 242900.0,
        "gini": 34.0,
        "timezones": [
            "UTC-08:00",
            "UTC-05:00",
            "UTC-04:00",
            "UTC-03:00",
            "UTC-02:00",
            "UTC",
            "UTC+01:00",
            "UTC+02:00",
            "UTC+06:00"
        ],
        "borders": [
            "IRL"
        ],
        "nativeName": "United Kingdom",
        "numericCode": "826",
        "currencies": [
            "GBP"
        ],
        "languages": [
            "en"
        ],
        "translations": {
            "de": "Vereinigtes Königreich",
            "es": "Reino Unido",
            "fr": "Royaume-Uni",
            "ja": "イギリス",
            "it": "Regno Unito"
        },
        "relevance": "2.5"
    }
]
]]></system-out>
  </testcase>
  <testcase name="getByAlphaList_invalidCodesTooLongNoSemicolon_returns400" classname="ts01glm_5_2.CountryRestV1Test" time="0.001">
    <system-out><![CDATA[Request method:	GET
Request URI:	http://localhost:8080/rest/v1/alpha/?codes=1234
Proxy:			<none>
Request params:	<none>
Query params:	codes=1234
Form params:	<none>
Path params:	<none>
Headers:		Accept=application/json, application/javascript, text/javascript, text/json
Cookies:		<none>
Multiparts:		<none>
Body:			<none>
HTTP/1.1 400 
Content-Type: application/json;charset=utf-8
Content-Length: 38
Date: Sun, 12 Jul 2026 23:40:50 GMT
Connection: close

{
    "status": 400,
    "message": "Bad Request"
}
]]></system-out>
  </testcase>
</testsuite>