<?xml version="1.0" encoding="UTF-8"?>
<testsuite xmlns:xsi="http://www.w3.org/2001/XMLSchema-instance" xsi:noNamespaceSchemaLocation="https://maven.apache.org/surefire/maven-surefire-plugin/xsd/surefire-test-report-3.0.xsd" version="3.0" name="ts01glm_5_2.LanguageTest" time="0.234" tests="12" errors="0" skipped="0" failures="0">
  <properties>
[...]
</properties>
  <testcase name="testV2CurrencyReturnsLanguageData" classname="ts01glm_5_2.LanguageTest" time="0.014">
    <system-out><![CDATA[Request method:	GET
Request URI:	http://localhost:8080/rest/v2/currency/EUR?fields=name;languages
Proxy:			<none>
Request params:	<none>
Query params:	fields=name;languages
Form params:	<none>
Path params:	<none>
Headers:		Accept=*/*
Cookies:		<none>
Multiparts:		<none>
Body:			<none>
HTTP/1.1 200 
Content-Type: application/json;charset=utf-8
Content-Length: 5650
Date: Sun, 12 Jul 2026 23:40:50 GMT
Keep-Alive: timeout=60
Connection: keep-alive

[
    {
        "languages": [
            {
                "iso639_1": "sv",
                "iso639_2": "swe",
                "name": "Swedish",
                "nativeName": "svenska"
            }
        ],
        "name": "Åland Islands"
    },
    {
        "languages": [
            {
                "iso639_1": "ca",
                "iso639_2": "cat",
                "name": "Catalan",
                "nativeName": "català"
            }
        ],
        "name": "Andorra"
    },
    {
        "languages": [
            {
                "iso639_1": "de",
                "iso639_2": "deu",
                "name": "German",
                "nativeName": "Deutsch"
            }
        ],
        "name": "Austria"
    },
    {
        "languages": [
            {
                "iso639_1": "nl",
                "iso639_2": "nld",
                "name": "Dutch",
                "nativeName": "Nederlands"
            },
            {
                "iso639_1": "fr",
                "iso639_2": "fra",
                "name": "French",
                "nativeName": "français"
            },
            {
                "iso639_1": "de",
                "iso639_2": "deu",
                "name": "German",
                "nativeName": "Deutsch"
            }
        ],
        "name": "Belgium"
    },
    {
        "languages": [
            {
                "iso639_1": "el",
                "iso639_2": "ell",
                "name": "Greek (modern)",
                "nativeName": "ελληνικά"
            },
            {
                "iso639_1": "tr",
                "iso639_2": "tur",
                "name": "Turkish",
                "nativeName": "Türkçe"
            },
            {
                "iso639_1": "hy",
                "iso639_2": "hye",
                "name": "Armenian",
                "nativeName": "Հայերեն"
            }
        ],
        "name": "Cyprus"
    },
    {
        "languages": [
            {
                "iso639_1": "et",
                "iso639_2": "est",
                "name": "Estonian",
                "nativeName": "eesti"
            }
        ],
        "name": "Estonia"
    },
    {
        "languages": [
            {
                "iso639_1": "fi",
                "iso639_2": "fin",
                "name": "Finnish",
                "nativeName": "suomi"
            },
            {
                "iso639_1": "sv",
                "iso639_2": "swe",
                "name": "Swedish",
                "nativeName": "svenska"
            }
        ],
        "name": "Finland"
    },
    {
        "languages": [
            {
                "iso639_1": "fr",
                "iso639_2": "fra",
                "name": "French",
                "nativeName": "français"
            }
        ],
        "name": "France"
    },
    {
        "languages": [
            {
                "iso639_1": "fr",
                "iso639_2": "fra",
                "name": "French",
                "nativeName": "français"
            }
        ],
        "name": "French Guiana"
    },
    {
        "languages": [
            {
                "iso639_1": "fr",
                "iso639_2": "fra",
                "name": "French",
                "nativeName": "français"
            }
        ],
        "name": "French Southern Territories"
    },
    {
        "languages": [
            {
                "iso639_1": "de",
                "iso639_2": "deu",
                "name": "German",
                "nativeName": "Deutsch"
            }
        ],
        "name": "Germany"
    },
    {
        "languages": [
            {
                "iso639_1": "el",
                "iso639_2": "ell",
                "name": "Greek (modern)",
                "nativeName": "ελληνικά"
            }
        ],
        "name": "Greece"
    },
    {
        "languages": [
            {
                "iso639_1": "fr",
                "iso639_2": "fra",
                "name": "French",
                "nativeName": "français"
            }
        ],
        "name": "Guadeloupe"
    },
    {
        "languages": [
            {
                "iso639_1": "la",
                "iso639_2": "lat",
                "name": "Latin",
                "nativeName": "latine"
            },
            {
                "iso639_1": "it",
                "iso639_2": "ita",
                "name": "Italian",
                "nativeName": "Italiano"
            },
            {
                "iso639_1": "fr",
                "iso639_2": "fra",
                "name": "French",
                "nativeName": "français"
            },
            {
                "iso639_1": "de",
                "iso639_2": "deu",
                "name": "German",
                "nativeName": "Deutsch"
            }
        ],
        "name": "Holy See"
    },
    {
        "languages": [
            {
                "iso639_1": "ga",
                "iso639_2": "gle",
                "name": "Irish",
                "nativeName": "Gaeilge"
            },
            {
                "iso639_1": "en",
                "iso639_2": "eng",
                "name": "English",
                "nativeName": "English"
            }
        ],
        "name": "Ireland"
    },
    {
        "languages": [
            {
                "iso639_1": "it",
                "iso639_2": "ita",
                "name": "Italian",
                "nativeName": "Italiano"
            }
        ],
        "name": "Italy"
    },
    {
        "languages": [
            {
                "iso639_1": "lv",
                "iso639_2": "lav",
                "name": "Latvian",
                "nativeName": "latviešu valoda"
            }
        ],
        "name": "Latvia"
    },
    {
        "languages": [
            {
                "iso639_1": "lt",
                "iso639_2": "lit",
                "name": "Lithuanian",
                "nativeName": "lietuvių kalba"
            }
        ],
        "name": "Lithuania"
    },
    {
        "languages": [
            {
                "iso639_1": "fr",
                "iso639_2": "fra",
                "name": "French",
                "nativeName": "français"
            },
            {
                "iso639_1": "de",
                "iso639_2": "deu",
                "name": "German",
                "nativeName": "Deutsch"
            },
            {
                "iso639_1": "lb",
                "iso639_2": "ltz",
                "name": "Luxembourgish",
                "nativeName": "Lëtzebuergesch"
            }
        ],
        "name": "Luxembourg"
    },
    {
        "languages": [
            {
                "iso639_1": "mt",
                "iso639_2": "mlt",
                "name": "Maltese",
                "nativeName": "Malti"
            },
            {
                "iso639_1": "en",
                "iso639_2": "eng",
                "name": "English",
                "nativeName": "English"
            }
        ],
        "name": "Malta"
    },
    {
        "languages": [
            {
                "iso639_1": "fr",
                "iso639_2": "fra",
                "name": "French",
                "nativeName": "français"
            }
        ],
        "name": "Martinique"
    },
    {
        "languages": [
            {
                "iso639_1": "fr",
                "iso639_2": "fra",
                "name": "French",
                "nativeName": "français"
            }
        ],
        "name": "Mayotte"
    },
    {
        "languages": [
            {
                "iso639_1": "fr",
                "iso639_2": "fra",
                "name": "French",
                "nativeName": "français"
            }
        ],
        "name": "Monaco"
    },
    {
        "languages": [
            {
                "iso639_1": "sr",
                "iso639_2": "srp",
                "name": "Serbian",
                "nativeName": "српски језик"
            },
            {
                "iso639_1": "bs",
                "iso639_2": "bos",
                "name": "Bosnian",
                "nativeName": "bosanski jezik"
            },
            {
                "iso639_1": "sq",
                "iso639_2": "sqi",
                "name": "Albanian",
                "nativeName": "Shqip"
            },
            {
                "iso639_1": "hr",
                "iso639_2": "hrv",
                "name": "Croatian",
                "nativeName": "hrvatski jezik"
            }
        ],
        "name": "Montenegro"
    },
    {
        "languages": [
            {
                "iso639_1": "nl",
                "iso639_2": "nld",
                "name": "Dutch",
                "nativeName": "Nederlands"
            }
        ],
        "name": "Netherlands"
    },
    {
        "languages": [
            {
                "iso639_1": "pt",
                "iso639_2": "por",
                "name": "Portuguese",
                "nativeName": "Português"
            }
        ],
        "name": "Portugal"
    },
    {
        "languages": [
            {
                "iso639_1": "sq",
                "iso639_2": "sqi",
                "name": "Albanian",
                "nativeName": "Shqip"
            },
            {
                "iso639_1": "sr",
                "iso639_2": "srp",
                "name": "Serbian",
                "nativeName": "српски језик"
            }
        ],
        "name": "Republic of Kosovo"
    },
    {
        "languages": [
            {
                "iso639_1": "fr",
                "iso639_2": "fra",
                "name": "French",
                "nativeName": "français"
            }
        ],
        "name": "Réunion"
    },
    {
        "languages": [
            {
                "iso639_1": "fr",
                "iso639_2": "fra",
                "name": "French",
                "nativeName": "français"
            }
        ],
        "name": "Saint Barthélemy"
    },
    {
        "languages": [
            {
                "iso639_1": "en",
                "iso639_2": "eng",
                "name": "English",
                "nativeName": "English"
            },
            {
                "iso639_1": "fr",
                "iso639_2": "fra",
                "name": "French",
                "nativeName": "français"
            },
            {
                "iso639_1": "nl",
                "iso639_2": "nld",
                "name": "Dutch",
                "nativeName": "Nederlands"
            }
        ],
        "name": "Saint Martin (French part)"
    },
    {
        "languages": [
            {
                "iso639_1": "fr",
                "iso639_2": "fra",
                "name": "French",
                "nativeName": "français"
            }
        ],
        "name": "Saint Pierre and Miquelon"
    },
    {
        "languages": [
            {
                "iso639_1": "it",
                "iso639_2": "ita",
                "name": "Italian",
                "nativeName": "Italiano"
            }
        ],
        "name": "San Marino"
    },
    {
        "languages": [
            {
                "iso639_1": "sk",
                "iso639_2": "slk",
                "name": "Slovak",
                "nativeName": "slovenčina"
            }
        ],
        "name": "Slovakia"
    },
    {
        "languages": [
            {
                "iso639_1": "sl",
                "iso639_2": "slv",
                "name": "Slovene",
                "nativeName": "slovenski jezik"
            }
        ],
        "name": "Slovenia"
    },
    {
        "languages": [
            {
                "iso639_1": "es",
                "iso639_2": "spa",
                "name": "Spanish",
                "nativeName": "Español"
            }
        ],
        "name": "Spain"
    },
    {
        "languages": [
            {
                "iso639_1": "en",
                "iso639_2": "eng",
                "name": "English",
                "nativeName": "English"
            },
            {
                "iso639_1": "sn",
                "iso639_2": "sna",
                "name": "Shona",
                "nativeName": "chiShona"
            },
            {
                "iso639_1": "nd",
                "iso639_2": "nde",
                "name": "Northern Ndebele",
                "nativeName": "isiNdebele"
            }
        ],
        "name": "Zimbabwe"
    }
]
]]></system-out>
  </testcase>
  <testcase name="testV2AlphaByCodeReturnsLanguageData" classname="ts01glm_5_2.LanguageTest" time="0.003">
    <system-out><![CDATA[Request method:	GET
Request URI:	http://localhost:8080/rest/v2/alpha/US
Proxy:			<none>
Request params:	<none>
Query params:	<none>
Form params:	<none>
Path params:	<none>
Headers:		Accept=*/*
Cookies:		<none>
Multiparts:		<none>
Body:			<none>
HTTP/1.1 200 
Content-Type: application/json;charset=utf-8
Content-Length: 1301
Date: Sun, 12 Jul 2026 23:40:50 GMT
Keep-Alive: timeout=60
Connection: keep-alive

{
    "name": "United States of America",
    "topLevelDomain": [
        ".us"
    ],
    "alpha2Code": "US",
    "alpha3Code": "USA",
    "callingCodes": [
        "1"
    ],
    "capital": "Washington, D.C.",
    "altSpellings": [
        "US",
        "USA",
        "United States of America"
    ],
    "region": "Americas",
    "subregion": "Northern America",
    "population": 323947000,
    "latlng": [
        38.0,
        -97.0
    ],
    "demonym": "American",
    "area": 9629091.0,
    "gini": 48.0,
    "timezones": [
        "UTC-12:00",
        "UTC-11:00",
        "UTC-10:00",
        "UTC-09:00",
        "UTC-08:00",
        "UTC-07:00",
        "UTC-06:00",
        "UTC-05:00",
        "UTC-04:00",
        "UTC+10:00",
        "UTC+12:00"
    ],
    "borders": [
        "CAN",
        "MEX"
    ],
    "nativeName": "United States",
    "numericCode": "840",
    "currencies": [
        {
            "code": "USD",
            "name": "United States dollar",
            "symbol": "$"
        }
    ],
    "languages": [
        {
            "iso639_1": "en",
            "iso639_2": "eng",
            "name": "English",
            "nativeName": "English"
        }
    ],
    "translations": {
        "de": "Vereinigte Staaten von Amerika",
        "es": "Estados Unidos",
        "fr": "États-Unis",
        "ja": "アメリカ合衆国",
        "it": "Stati Uniti D'America",
        "br": "Estados Unidos",
        "pt": "Estados Unidos",
        "nl": "Verenigde Staten",
        "hr": "Sjedinjene Američke Države",
        "fa": "ایالات متحده آمریکا"
    },
    "flag": "https://restcountries.eu/data/usa.svg",
    "regionalBlocs": [
        {
            "acronym": "NAFTA",
            "name": "North American Free Trade Agreement",
            "otherAcronyms": [
                
            ],
            "otherNames": [
                "Tratado de Libre Comercio de América del Norte",
                "Accord de Libre-échange Nord-Américain"
            ]
        }
    ],
    "cioc": "USA"
}
]]></system-out>
  </testcase>
  <testcase name="testV2CapitalReturnsLanguageData" classname="ts01glm_5_2.LanguageTest" time="0.002">
    <system-out><![CDATA[Request method:	GET
Request URI:	http://localhost:8080/rest/v2/capital/London?fields=name;languages
Proxy:			<none>
Request params:	<none>
Query params:	fields=name;languages
Form params:	<none>
Path params:	<none>
Headers:		Accept=*/*
Cookies:		<none>
Multiparts:		<none>
Body:			<none>
HTTP/1.1 200 
Content-Type: application/json;charset=utf-8
Content-Length: 154
Date: Sun, 12 Jul 2026 23:40:50 GMT
Keep-Alive: timeout=60
Connection: keep-alive

[
    {
        "languages": [
            {
                "iso639_1": "en",
                "iso639_2": "eng",
                "name": "English",
                "nativeName": "English"
            }
        ],
        "name": "United Kingdom of Great Britain and Northern Ireland"
    }
]
]]></system-out>
  </testcase>
  <testcase name="testV2AllReturnsLanguageData" classname="ts01glm_5_2.LanguageTest" time="0.104">
    <system-out><![CDATA[Request method:	GET
Request URI:	http://localhost:8080/rest/v2/all?fields=name;languages
Proxy:			<none>
Request params:	<none>
Query params:	fields=name;languages
Form params:	<none>
Path params:	<none>
Headers:		Accept=*/*
Cookies:		<none>
Multiparts:		<none>
Body:			<none>
HTTP/1.1 200 
Content-Type: application/json;charset=utf-8
Transfer-Encoding: chunked
Date: Sun, 12 Jul 2026 23:40:50 GMT
Keep-Alive: timeout=60
Connection: keep-alive

[
    {
        "languages": [
            {
                "iso639_1": "ps",
                "iso639_2": "pus",
                "name": "Pashto",
                "nativeName": "پښتو"
            },
            {
                "iso639_1": "uz",
                "iso639_2": "uzb",
                "name": "Uzbek",
                "nativeName": "Oʻzbek"
            },
            {
                "iso639_1": "tk",
                "iso639_2": "tuk",
                "name": "Turkmen",
                "nativeName": "Türkmen"
            }
        ],
        "name": "Afghanistan"
    },
    {
        "languages": [
            {
                "iso639_1": "sv",
                "iso639_2": "swe",
                "name": "Swedish",
                "nativeName": "svenska"
            }
        ],
        "name": "Åland Islands"
    },
    {
        "languages": [
            {
                "iso639_1": "sq",
                "iso639_2": "sqi",
                "name": "Albanian",
                "nativeName": "Shqip"
            }
        ],
        "name": "Albania"
    },
    {
        "languages": [
            {
                "iso639_1": "ar",
                "iso639_2": "ara",
                "name": "Arabic",
                "nativeName": "العربية"
            }
        ],
        "name": "Algeria"
    },
    {
        "languages": [
            {
                "iso639_1": "en",
                "iso639_2": "eng",
                "name": "English",
                "nativeName": "English"
            },
            {
                "iso639_1": "sm",
                "iso639_2": "smo",
                "name": "Samoan",
                "nativeName": "gagana fa'a Samoa"
            }
        ],
        "name": "American Samoa"
    },
    {
        "languages": [
            {
                "iso639_1": "ca",
                "iso639_2": "cat",
                "name": "Catalan",
                "nativeName": "català"
            }
        ],
        "name": "Andorra"
    },
    {
        "languages": [
            {
                "iso639_1": "pt",
                "iso639_2": "por",
                "name": "Portuguese",
                "nativeName": "Português"
            }
        ],
        "name": "Angola"
    },
    {
        "languages": [
            {
                "iso639_1": "en",
                "iso639_2": "eng",
                "name": "English",
                "nativeName": "English"
            }
        ],
        "name": "Anguilla"
    },
    {
        "languages": [
            {
                "iso639_1": "en",
                "iso639_2": "eng",
                "name": "English",
                "nativeName": "English"
            },
            {
                "iso639_1": "ru",
                "iso639_2": "rus",
                "name": "Russian",
                "nativeName": "Русский"
            }
        ],
        "name": "Antarctica"
    },
    {
        "languages": [
            {
                "iso639_1": "en",
                "iso639_2": "eng",
                "name": "English",
                "nativeName": "English"
            }
        ],
        "name": "Antigua and Barbuda"
    },
    {
        "languages": [
            {
                "iso639_1": "es",
                "iso639_2": "spa",
                "name": "Spanish",
                "nativeName": "Español"
            },
            {
                "iso639_1": "gn",
                "iso639_2": "grn",
                "name": "Guaraní",
                "nativeName": "Avañe'ẽ"
            }
        ],
        "name": "Argentina"
    },
    {
        "languages": [
            {
                "iso639_1": "hy",
                "iso639_2": "hye",
                "name": "Armenian",
                "nativeName": "Հայերեն"
            },
            {
                "iso639_1": "ru",
                "iso639_2": "rus",
                "name": "Russian",
                "nativeName": "Русский"
            }
        ],
        "name": "Armenia"
    },
    {
        "languages": [
            {
                "iso639_1": "nl",
                "iso639_2": "nld",
                "name": "Dutch",
                "nativeName": "Nederlands"
            },
            {
                "iso639_1": "pa",
                "iso639_2": "pan",
                "name": "(Eastern) Punjabi",
                "nativeName": "ਪੰਜਾਬੀ"
            }
        ],
        "name": "Aruba"
    },
    {
        "languages": [
            {
                "iso639_1": "en",
                "iso639_2": "eng",
                "name": "English",
                "nativeName": "English"
            }
        ],
        "name": "Australia"
    },
    {
        "languages": [
            {
                "iso639_1": "de",
                "iso639_2": "deu",
                "name": "German",
                "nativeName": "Deutsch"
            }
        ],
        "name": "Austria"
    },
    {
        "languages": [
            {
                "iso639_1": "az",
                "iso639_2": "aze",
                "name": "Azerbaijani",
                "nativeName": "azərbaycan dili"
            }
        ],
        "name": "Azerbaijan"
    },
    {
        "languages": [
            {
                "iso639_1": "en",
                "iso639_2": "eng",
                "name": "English",
                "nativeName": "English"
            }
        ],
        "name": "Bahamas"
    },
    {
        "languages": [
            {
                "iso639_1": "ar",
                "iso639_2": "ara",
                "name": "Arabic",
                "nativeName": "العربية"
            }
        ],
        "name": "Bahrain"
    },
    {
        "languages": [
            {
                "iso639_1": "bn",
                "iso639_2": "ben",
                "name": "Bengali",
                "nativeName": "বাংলা"
            }
        ],
        "name": "Bangladesh"
    },
    {
        "languages": [
            {
                "iso639_1": "en",
                "iso639_2": "eng",
                "name": "English",
                "nativeName": "English"
            }
        ],
        "name": "Barbados"
    },
    {
        "languages": [
            {
                "iso639_1": "be",
                "iso639_2": "bel",
                "name": "Belarusian",
                "nativeName": "беларуская мова"
            },
            {
                "iso639_1": "ru",
                "iso639_2": "rus",
                "name": "Russian",
                "nativeName": "Русский"
            }
        ],
        "name": "Belarus"
    },
    {
        "languages": [
            {
                "iso639_1": "nl",
                "iso639_2": "nld",
                "name": "Dutch",
                "nativeName": "Nederlands"
            },
            {
                "iso639_1": "fr",
                "iso639_2": "fra",
                "name": "French",
                "nativeName": "français"
            },
            {
                "iso639_1": "de",
                "iso639_2": "deu",
                "name": "German",
                "nativeName": "Deutsch"
            }
        ],
        "name": "Belgium"
    },
    {
        "languages": [
            {
                "iso639_1": "en",
                "iso639_2": "eng",
                "name": "English",
                "nativeName": "English"
            },
            {
                "iso639_1": "es",
                "iso639_2": "spa",
                "name": "Spanish",
                "nativeName": "Español"
            }
        ],
        "name": "Belize"
    },
    {
        "languages": [
            {
                "iso639_1": "fr",
                "iso639_2": "fra",
                "name": "French",
                "nativeName": "français"
            }
        ],
        "name": "Benin"
    },
    {
        "languages": [
            {
                "iso639_1": "en",
                "iso639_2": "eng",
                "name": "English",
                "nativeName": "English"
            }
        ],
        "name": "Bermuda"
    },
    {
        "languages": [
            {
                "iso639_1": "dz",
                "iso639_2": "dzo",
                "name": "Dzongkha",
                "nativeName": "རྫོང་ཁ"
            }
        ],
        "name": "Bhutan"
    },
    {
        "languages": [
            {
                "iso639_1": "es",
                "iso639_2": "spa",
                "name": "Spanish",
                "nativeName": "Español"
            },
            {
                "iso639_1": "ay",
                "iso639_2": "aym",
                "name": "Aymara",
                "nativeName": "aymar aru"
            },
            {
                "iso639_1": "qu",
                "iso639_2": "que",
                "name": "Quechua",
                "nativeName": "Runa Simi"
            }
        ],
        "name": "Bolivia (Plurinational State of)"
    },
    {
        "languages": [
            {
                "iso639_1": "nl",
                "iso639_2": "nld",
                "name": "Dutch",
                "nativeName": "Nederlands"
            }
        ],
        "name": "Bonaire, Sint Eustatius and Saba"
    },
    {
        "languages": [
            {
                "iso639_1": "bs",
                "iso639_2": "bos",
                "name": "Bosnian",
                "nativeName": "bosanski jezik"
            },
            {
                "iso639_1": "hr",
                "iso639_2": "hrv",
                "name": "Croatian",
                "nativeName": "hrvatski jezik"
            },
            {
                "iso639_1": "sr",
                "iso639_2": "srp",
                "name": "Serbian",
                "nativeName": "српски језик"
            }
        ],
        "name": "Bosnia and Herzegovina"
    },
    {
        "languages": [
            {
                "iso639_1": "en",
                "iso639_2": "eng",
                "name": "English",
                "nativeName": "English"
            },
            {
                "iso639_1": "tn",
                "iso639_2": "tsn",
                "name": "Tswana",
                "nativeName": "Setswana"
            }
        ],
        "name": "Botswana"
    },
    {
        "languages": [
            {
                "iso639_1": "no",
                "iso639_2": "nor",
                "name": "Norwegian",
                "nativeName": "Norsk"
            },
            {
                "iso639_1": "nb",
                "iso639_2": "nob",
                "name": "Norwegian Bokmål",
                "nativeName": "Norsk bokmål"
            },
            {
                "iso639_1": "nn",
                "iso639_2": "nno",
                "name": "Norwegian Nynorsk",
                "nativeName": "Norsk nynorsk"
            }
        ],
        "name": "Bouvet Island"
    },
    {
        "languages": [
            {
                "iso639_1": "pt",
                "iso639_2": "por",
                "name": "Portuguese",
                "nativeName": "Português"
            }
        ],
        "name": "Brazil"
    },
    {
        "languages": [
            {
                "iso639_1": "en",
                "iso639_2": "eng",
                "name": "English",
                "nativeName": "English"
            }
        ],
        "name": "British Indian Ocean Territory"
    },
    {
        "languages": [
            {
                "iso639_1": "en",
                "iso639_2": "eng",
                "name": "English",
                "nativeName": "English"
            }
        ],
        "name": "United States Minor Outlying Islands"
    },
    {
        "languages": [
            {
                "iso639_1": "en",
                "iso639_2": "eng",
                "name": "English",
                "nativeName": "English"
            }
        ],
        "name": "Virgin Islands (British)"
    },
    {
        "languages": [
            {
                "iso639_1": "en",
                "iso639_2": "eng",
                "name": "English",
                "nativeName": "English"
            }
        ],
        "name": "Virgin Islands (U.S.)"
    },
    {
        "languages": [
            {
                "iso639_1": "ms",
                "iso639_2": "msa",
                "name": "Malay",
                "nativeName": "bahasa Melayu"
            }
        ],
        "name": "Brunei Darussalam"
    },
    {
        "languages": [
            {
                "iso639_1": "bg",
                "iso639_2": "bul",
                "name": "Bulgarian",
                "nativeName": "български език"
            }
        ],
        "name": "Bulgaria"
    },
    {
        "languages": [
            {
                "iso639_1": "fr",
                "iso639_2": "fra",
                "name": "French",
                "nativeName": "français"
            },
            {
                "iso639_1": "ff",
                "iso639_2": "ful",
                "name": "Fula",
                "nativeName": "Fulfulde"
            }
        ],
        "name": "Burkina Faso"
    },
    {
        "languages": [
            {
                "iso639_1": "fr",
                "iso639_2": "fra",
                "name": "French",
                "nativeName": "français"
            },
            {
                "iso639_1": "rn",
                "iso639_2": "run",
                "name": "Kirundi",
                "nativeName": "Ikirundi"
            }
        ],
        "name": "Burundi"
    },
    {
        "languages": [
            {
                "iso639_1": "km",
                "iso639_2": "khm",
                "name": "Khmer",
                "nativeName": "ខ្មែរ"
            }
        ],
        "name": "Cambodia"
    },
    {
        "languages": [
            {
                "iso639_1": "en",
                "iso639_2": "eng",
                "name": "English",
                "nativeName": "English"
            },
            {
                "iso639_1": "fr",
                "iso639_2": "fra",
                "name": "French",
                "nativeName": "français"
            }
        ],
        "name": "Cameroon"
    },
    {
        "languages": [
            {
                "iso639_1": "en",
                "iso639_2": "eng",
                "name": "English",
                "nativeName": "English"
            },
            {
                "iso639_1": "fr",
                "iso639_2": "fra",
                "name": "French",
                "nativeName": "français"
            }
        ],
        "name": "Canada"
    },
    {
        "languages": [
            {
                "iso639_1": "pt",
                "iso639_2": "por",
                "name": "Portuguese",
                "nativeName": "Português"
            }
        ],
        "name": "Cabo Verde"
    },
    {
        "languages": [
            {
                "iso639_1": "en",
                "iso639_2": "eng",
                "name": "English",
                "nativeName": "English"
            }
        ],
        "name": "Cayman Islands"
    },
    {
        "languages": [
            {
                "iso639_1": "fr",
                "iso639_2": "fra",
                "name": "French",
                "nativeName": "français"
            },
            {
                "iso639_1": "sg",
                "iso639_2": "sag",
                "name": "Sango",
                "nativeName": "yângâ tî sängö"
            }
        ],
        "name": "Central African Republic"
    },
    {
        "languages": [
            {
                "iso639_1": "fr",
                "iso639_2": "fra",
                "name": "French",
                "nativeName": "français"
            },
            {
                "iso639_1": "ar",
                "iso639_2": "ara",
                "name": "Arabic",
                "nativeName": "العربية"
            }
        ],
        "name": "Chad"
    },
    {
        "languages": [
            {
                "iso639_1": "es",
                "iso639_2": "spa",
                "name": "Spanish",
                "nativeName": "Español"
            }
        ],
        "name": "Chile"
    },
    {
        "languages": [
            {
                "iso639_1": "zh",
                "iso639_2": "zho",
                "name": "Chinese",
                "nativeName": "中文 (Zhōngwén)"
            }
        ],
        "name": "China"
    },
    {
        "languages": [
            {
                "iso639_1": "en",
                "iso639_2": "eng",
                "name": "English",
                "nativeName": "English"
            }
        ],
        "name": "Christmas Island"
    },
    {
        "languages": [
            {
                "iso639_1": "en",
                "iso639_2": "eng",
                "name": "English",
                "nativeName": "English"
            }
        ],
        "name": "Cocos (Keeling) Islands"
    },
    {
        "languages": [
            {
                "iso639_1": "es",
                "iso639_2": "spa",
                "name": "Spanish",
                "nativeName": "Español"
            }
        ],
        "name": "Colombia"
    },
    {
        "languages": [
            {
                "iso639_1": "ar",
                "iso639_2": "ara",
                "name": "Arabic",
                "nativeName": "العربية"
            },
            {
                "iso639_1": "fr",
                "iso639_2": "fra",
                "name": "French",
                "nativeName": "français"
            }
        ],
        "name": "Comoros"
    },
    {
        "languages": [
            {
                "iso639_1": "fr",
                "iso639_2": "fra",
                "name": "French",
                "nativeName": "français"
            },
            {
                "iso639_1": "ln",
                "iso639_2": "lin",
                "name": "Lingala",
                "nativeName": "Lingála"
            }
        ],
        "name": "Congo"
    },
    {
        "languages": [
            {
                "iso639_1": "fr",
                "iso639_2": "fra",
                "name": "French",
                "nativeName": "français"
            },
            {
                "iso639_1": "ln",
                "iso639_2": "lin",
                "name": "Lingala",
                "nativeName": "Lingála"
            },
            {
                "iso639_1": "kg",
                "iso639_2": "kon",
                "name": "Kongo",
                "nativeName": "Kikongo"
            },
            {
                "iso639_1": "sw",
                "iso639_2": "swa",
                "name": "Swahili",
                "nativeName": "Kiswahili"
            },
            {
                "iso639_1": "lu",
                "iso639_2": "lub",
                "name": "Luba-Katanga",
                "nativeName": "Tshiluba"
            }
        ],
        "name": "Congo (Democratic Republic of the)"
    },
    {
        "languages": [
            {
                "iso639_1": "en",
                "iso639_2": "eng",
                "name": "English",
                "nativeName": "English"
            }
        ],
        "name": "Cook Islands"
    },
    {
        "languages": [
            {
                "iso639_1": "es",
                "iso639_2": "spa",
                "name": "Spanish",
                "nativeName": "Español"
            }
        ],
        "name": "Costa Rica"
    },
    {
        "languages": [
            {
                "iso639_1": "hr",
                "iso639_2": "hrv",
                "name": "Croatian",
                "nativeName": "hrvatski jezik"
            }
        ],
        "name": "Croatia"
    },
    {
        "languages": [
            {
                "iso639_1": "es",
                "iso639_2": "spa",
                "name": "Spanish",
                "nativeName": "Español"
            }
        ],
        "name": "Cuba"
    },
    {
        "languages": [
            {
                "iso639_1": "nl",
                "iso639_2": "nld",
                "name": "Dutch",
                "nativeName": "Nederlands"
            },
            {
                "iso639_1": "pa",
                "iso639_2": "pan",
                "name": "(Eastern) Punjabi",
                "nativeName": "ਪੰਜਾਬੀ"
            },
            {
                "iso639_1": "en",
                "iso639_2": "eng",
                "name": "English",
                "nativeName": "English"
            }
        ],
        "name": "Curaçao"
    },
    {
        "languages": [
            {
                "iso639_1": "el",
                "iso639_2": "ell",
                "name": "Greek (modern)",
                "nativeName": "ελληνικά"
            },
            {
                "iso639_1": "tr",
                "iso639_2": "tur",
                "name": "Turkish",
                "nativeName": "Türkçe"
            },
            {
                "iso639_1": "hy",
                "iso639_2": "hye",
                "name": "Armenian",
                "nativeName": "Հայերեն"
            }
        ],
        "name": "Cyprus"
    },
    {
        "languages": [
            {
                "iso639_1": "cs",
                "iso639_2": "ces",
                "name": "Czech",
                "nativeName": "čeština"
            },
            {
                "iso639_1": "sk",
                "iso639_2": "slk",
                "name": "Slovak",
                "nativeName": "slovenčina"
            }
        ],
        "name": "Czech Republic"
    },
    {
        "languages": [
            {
                "iso639_1": "da",
                "iso639_2": "dan",
                "name": "Danish",
                "nativeName": "dansk"
            }
        ],
        "name": "Denmark"
    },
    {
        "languages": [
            {
                "iso639_1": "fr",
                "iso639_2": "fra",
                "name": "French",
                "nativeName": "français"
            },
            {
                "iso639_1": "ar",
                "iso639_2": "ara",
                "name": "Arabic",
                "nativeName": "العربية"
            }
        ],
        "name": "Djibouti"
    },
    {
        "languages": [
            {
                "iso639_1": "en",
                "iso639_2": "eng",
                "name": "English",
                "nativeName": "English"
            }
        ],
        "name": "Dominica"
    },
    {
        "languages": [
            {
                "iso639_1": "es",
                "iso639_2": "spa",
                "name": "Spanish",
                "nativeName": "Español"
            }
        ],
        "name": "Dominican Republic"
    },
    {
        "languages": [
            {
                "iso639_1": "es",
                "iso639_2": "spa",
                "name": "Spanish",
                "nativeName": "Español"
            }
        ],
        "name": "Ecuador"
    },
    {
        "languages": [
            {
                "iso639_1": "ar",
                "iso639_2": "ara",
                "name": "Arabic",
                "nativeName": "العربية"
            }
        ],
        "name": "Egypt"
    },
    {
        "languages": [
            {
                "iso639_1": "es",
                "iso639_2": "spa",
                "name": "Spanish",
                "nativeName": "Español"
            }
        ],
        "name": "El Salvador"
    },
    {
        "languages": [
            {
                "iso639_1": "es",
                "iso639_2": "spa",
                "name": "Spanish",
                "nativeName": "Español"
            },
            {
                "iso639_1": "fr",
                "iso639_2": "fra",
                "name": "French",
                "nativeName": "français"
            }
        ],
        "name": "Equatorial Guinea"
    },
    {
        "languages": [
            {
                "iso639_1": "ti",
                "iso639_2": "tir",
                "name": "Tigrinya",
                "nativeName": "ትግርኛ"
            },
            {
                "iso639_1": "ar",
                "iso639_2": "ara",
                "name": "Arabic",
                "nativeName": "العربية"
            },
            {
                "iso639_1": "en",
                "iso639_2": "eng",
                "name": "English",
                "nativeName": "English"
            }
        ],
        "name": "Eritrea"
    },
    {
        "languages": [
            {
                "iso639_1": "et",
                "iso639_2": "est",
                "name": "Estonian",
                "nativeName": "eesti"
            }
        ],
        "name": "Estonia"
    },
    {
        "languages": [
            {
                "iso639_1": "am",
                "iso639_2": "amh",
                "name": "Amharic",
                "nativeName": "አማርኛ"
            }
        ],
        "name": "Ethiopia"
    },
    {
        "languages": [
            {
                "iso639_1": "en",
                "iso639_2": "eng",
                "name": "English",
                "nativeName": "English"
            }
        ],
        "name": "Falkland Islands (Malvinas)"
    },
    {
        "languages": [
            {
                "iso639_1": "fo",
                "iso639_2": "fao",
                "name": "Faroese",
                "nativeName": "føroyskt"
            }
        ],
        "name": "Faroe Islands"
    },
    {
        "languages": [
            {
                "iso639_1": "en",
                "iso639_2": "eng",
                "name": "English",
                "nativeName": "English"
            },
            {
                "iso639_1": "fj",
                "iso639_2": "fij",
                "name": "Fijian",
                "nativeName": "vosa Vakaviti"
            },
            {
                "iso639_1": "hi",
                "iso639_2": "hin",
                "name": "Hindi",
                "nativeName": "हिन्दी"
            },
            {
                "iso639_1": "ur",
                "iso639_2": "urd",
                "name": "Urdu",
                "nativeName": "اردو"
            }
        ],
        "name": "Fiji"
    },
    {
        "languages": [
            {
                "iso639_1": "fi",
                "iso639_2": "fin",
                "name": "Finnish",
                "nativeName": "suomi"
            },
            {
                "iso639_1": "sv",
                "iso639_2": "swe",
                "name": "Swedish",
                "nativeName": "svenska"
            }
        ],
        "name": "Finland"
    },
    {
        "languages": [
            {
                "iso639_1": "fr",
                "iso639_2": "fra",
                "name": "French",
                "nativeName": "français"
            }
        ],
        "name": "France"
    },
    {
        "languages": [
            {
                "iso639_1": "fr",
                "iso639_2": "fra",
                "name": "French",
                "nativeName": "français"
            }
        ],
        "name": "French Guiana"
    },
    {
        "languages": [
            {
                "iso639_1": "fr",
                "iso639_2": "fra",
                "name": "French",
                "nativeName": "français"
            }
        ],
        "name": "French Polynesia"
    },
    {
        "languages": [
            {
                "iso639_1": "fr",
                "iso639_2": "fra",
                "name": "French",
                "nativeName": "français"
            }
        ],
        "name": "French Southern Territories"
    },
    {
        "languages": [
            {
                "iso639_1": "fr",
                "iso639_2": "fra",
                "name": "French",
                "nativeName": "français"
            }
        ],
        "name": "Gabon"
    },
    {
        "languages": [
            {
                "iso639_1": "en",
                "iso639_2": "eng",
                "name": "English",
                "nativeName": "English"
            }
        ],
        "name": "Gambia"
    },
    {
        "languages": [
            {
                "iso639_1": "ka",
                "iso639_2": "kat",
                "name": "Georgian",
                "nativeName": "ქართული"
            }
        ],
        "name": "Georgia"
    },
    {
        "languages": [
            {
                "iso639_1": "de",
                "iso639_2": "deu",
                "name": "German",
                "nativeName": "Deutsch"
            }
        ],
        "name": "Germany"
    },
    {
        "languages": [
            {
                "iso639_1": "en",
                "iso639_2": "eng",
                "name": "English",
                "nativeName": "English"
            }
        ],
        "name": "Ghana"
    },
    {
        "languages": [
            {
                "iso639_1": "en",
                "iso639_2": "eng",
                "name": "English",
                "nativeName": "English"
            }
        ],
        "name": "Gibraltar"
    },
    {
        "languages": [
            {
                "iso639_1": "el",
                "iso639_2": "ell",
                "name": "Greek (modern)",
                "nativeName": "ελληνικά"
            }
        ],
        "name": "Greece"
    },
    {
        "languages": [
            {
                "iso639_1": "kl",
                "iso639_2": "kal",
                "name": "Kalaallisut",
                "nativeName": "kalaallisut"
            }
        ],
        "name": "Greenland"
    },
    {
        "languages": [
            {
                "iso639_1": "en",
                "iso639_2": "eng",
                "name": "English",
                "nativeName": "English"
            }
        ],
        "name": "Grenada"
    },
    {
        "languages": [
            {
                "iso639_1": "fr",
                "iso639_2": "fra",
                "name": "French",
                "nativeName": "français"
            }
        ],
        "name": "Guadeloupe"
    },
    {
        "languages": [
            {
                "iso639_1": "en",
                "iso639_2": "eng",
                "name": "English",
                "nativeName": "English"
            },
            {
                "iso639_1": "ch",
                "iso639_2": "cha",
                "name": "Chamorro",
                "nativeName": "Chamoru"
            },
            {
                "iso639_1": "es",
                "iso639_2": "spa",
                "name": "Spanish",
                "nativeName": "Español"
            }
        ],
        "name": "Guam"
    },
    {
        "languages": [
            {
                "iso639_1": "es",
                "iso639_2": "spa",
                "name": "Spanish",
                "nativeName": "Español"
            }
        ],
        "name": "Guatemala"
    },
    {
        "languages": [
            {
                "iso639_1": "en",
                "iso639_2": "eng",
                "name": "English",
                "nativeName": "English"
            },
            {
                "iso639_1": "fr",
                "iso639_2": "fra",
                "name": "French",
                "nativeName": "français"
            }
        ],
        "name": "Guernsey"
    },
    {
        "languages": [
            {
                "iso639_1": "fr",
                "iso639_2": "fra",
                "name": "French",
                "nativeName": "français"
            },
            {
                "iso639_1": "ff",
                "iso639_2": "ful",
                "name": "Fula",
                "nativeName": "Fulfulde"
            }
        ],
        "name": "Guinea"
    },
    {
        "languages": [
            {
                "iso639_1": "pt",
                "iso639_2": "por",
                "name": "Portuguese",
                "nativeName": "Português"
            }
        ],
        "name": "Guinea-Bissau"
    },
    {
        "languages": [
            {
                "iso639_1": "en",
                "iso639_2": "eng",
                "name": "English",
                "nativeName": "English"
            }
        ],
        "name": "Guyana"
    },
    {
        "languages": [
            {
                "iso639_1": "fr",
                "iso639_2": "fra",
                "name": "French",
                "nativeName": "français"
            },
            {
                "iso639_1": "ht",
                "iso639_2": "hat",
                "name": "Haitian",
                "nativeName": "Kreyòl ayisyen"
            }
        ],
        "name": "Haiti"
    },
    {
        "languages": [
            {
                "iso639_1": "en",
                "iso639_2": "eng",
                "name": "English",
                "nativeName": "English"
            }
        ],
        "name": "Heard Island and McDonald Islands"
    },
    {
        "languages": [
            {
                "iso639_1": "la",
                "iso639_2": "lat",
                "name": "Latin",
                "nativeName": "latine"
            },
            {
                "iso639_1": "it",
                "iso639_2": "ita",
                "name": "Italian",
                "nativeName": "Italiano"
            },
            {
                "iso639_1": "fr",
                "iso639_2": "fra",
                "name": "French",
                "nativeName": "français"
            },
            {
                "iso639_1": "de",
                "iso639_2": "deu",
                "name": "German",
                "nativeName": "Deutsch"
            }
        ],
        "name": "Holy See"
    },
    {
        "languages": [
            {
                "iso639_1": "es",
                "iso639_2": "spa",
                "name": "Spanish",
                "nativeName": "Español"
            }
        ],
        "name": "Honduras"
    },
    {
        "languages": [
            {
                "iso639_1": "en",
                "iso639_2": "eng",
                "name": "English",
                "nativeName": "English"
            },
            {
                "iso639_1": "zh",
                "iso639_2": "zho",
                "name": "Chinese",
                "nativeName": "中文 (Zhōngwén)"
            }
        ],
        "name": "Hong Kong"
    },
    {
        "languages": [
            {
                "iso639_1": "hu",
                "iso639_2": "hun",
                "name": "Hungarian",
                "nativeName": "magyar"
            }
        ],
        "name": "Hungary"
    },
    {
        "languages": [
            {
                "iso639_1": "is",
                "iso639_2": "isl",
                "name": "Icelandic",
                "nativeName": "Íslenska"
            }
        ],
        "name": "Iceland"
    },
    {
        "languages": [
            {
                "iso639_1": "hi",
                "iso639_2": "hin",
                "name": "Hindi",
                "nativeName": "हिन्दी"
            },
            {
                "iso639_1": "en",
                "iso639_2": "eng",
                "name": "English",
                "nativeName": "English"
            }
        ],
        "name": "India"
    },
    {
        "languages": [
            {
                "iso639_1": "id",
                "iso639_2": "ind",
                "name": "Indonesian",
                "nativeName": "Bahasa Indonesia"
            }
        ],
        "name": "Indonesia"
    },
    {
        "languages": [
            {
                "iso639_1": "fr",
                "iso639_2": "fra",
                "name": "French",
                "nativeName": "français"
            }
        ],
        "name": "Côte d'Ivoire"
    },
    {
        "languages": [
            {
                "iso639_1": "fa",
                "iso639_2": "fas",
                "name": "Persian (Farsi)",
                "nativeName": "فارسی"
            }
        ],
        "name": "Iran (Islamic Republic of)"
    },
    {
        "languages": [
            {
                "iso639_1": "ar",
                "iso639_2": "ara",
                "name": "Arabic",
                "nativeName": "العربية"
            },
            {
                "iso639_1": "ku",
                "iso639_2": "kur",
                "name": "Kurdish",
                "nativeName": "Kurdî"
            }
        ],
        "name": "Iraq"
    },
    {
        "languages": [
            {
                "iso639_1": "ga",
                "iso639_2": "gle",
                "name": "Irish",
                "nativeName": "Gaeilge"
            },
            {
                "iso639_1": "en",
                "iso639_2": "eng",
                "name": "English",
                "nativeName": "English"
            }
        ],
        "name": "Ireland"
    },
    {
        "languages": [
            {
                "iso639_1": "en",
                "iso639_2": "eng",
                "name": "English",
                "nativeName": "English"
            },
            {
                "iso639_1": "gv",
                "iso639_2": "glv",
                "name": "Manx",
                "nativeName": "Gaelg"
            }
        ],
        "name": "Isle of Man"
    },
    {
        "languages": [
            {
                "iso639_1": "he",
                "iso639_2": "heb",
                "name": "Hebrew (modern)",
                "nativeName": "עברית"
            },
            {
                "iso639_1": "ar",
                "iso639_2": "ara",
                "name": "Arabic",
                "nativeName": "العربية"
            }
        ],
        "name": "Israel"
    },
    {
        "languages": [
            {
                "iso639_1": "it",
                "iso639_2": "ita",
                "name": "Italian",
                "nativeName": "Italiano"
            }
        ],
        "name": "Italy"
    },
    {
        "languages": [
            {
                "iso639_1": "en",
                "iso639_2": "eng",
                "name": "English",
                "nativeName": "English"
            }
        ],
        "name": "Jamaica"
    },
    {
        "languages": [
            {
                "iso639_1": "ja",
                "iso639_2": "jpn",
                "name": "Japanese",
                "nativeName": "日本語 (にほんご)"
            }
        ],
        "name": "Japan"
    },
    {
        "languages": [
            {
                "iso639_1": "en",
                "iso639_2": "eng",
                "name": "English",
                "nativeName": "English"
            },
            {
                "iso639_1": "fr",
                "iso639_2": "fra",
                "name": "French",
                "nativeName": "français"
            }
        ],
        "name": "Jersey"
    },
    {
        "languages": [
            {
                "iso639_1": "ar",
                "iso639_2": "ara",
                "name": "Arabic",
                "nativeName": "العربية"
            }
        ],
        "name": "Jordan"
    },
    {
        "languages": [
            {
                "iso639_1": "kk",
                "iso639_2": "kaz",
                "name": "Kazakh",
                "nativeName": "қазақ тілі"
            },
            {
                "iso639_1": "ru",
                "iso639_2": "rus",
                "name": "Russian",
                "nativeName": "Русский"
            }
        ],
        "name": "Kazakhstan"
    },
    {
        "languages": [
            {
                "iso639_1": "en",
                "iso639_2": "eng",
                "name": "English",
                "nativeName": "English"
            },
            {
                "iso639_1": "sw",
                "iso639_2": "swa",
                "name": "Swahili",
                "nativeName": "Kiswahili"
            }
        ],
        "name": "Kenya"
    },
    {
        "languages": [
            {
                "iso639_1": "en",
                "iso639_2": "eng",
                "name": "English",
                "nativeName": "English"
            }
        ],
        "name": "Kiribati"
    },
    {
        "languages": [
            {
                "iso639_1": "ar",
                "iso639_2": "ara",
                "name": "Arabic",
                "nativeName": "العربية"
            }
        ],
        "name": "Kuwait"
    },
    {
        "languages": [
            {
                "iso639_1": "ky",
                "iso639_2": "kir",
                "name": "Kyrgyz",
                "nativeName": "Кыргызча"
            },
            {
                "iso639_1": "ru",
                "iso639_2": "rus",
                "name": "Russian",
                "nativeName": "Русский"
            }
        ],
        "name": "Kyrgyzstan"
    },
    {
        "languages": [
            {
                "iso639_1": "lo",
                "iso639_2": "lao",
                "name": "Lao",
                "nativeName": "ພາສາລາວ"
            }
        ],
        "name": "Lao People's Democratic Republic"
    },
    {
        "languages": [
            {
                "iso639_1": "lv",
                "iso639_2": "lav",
                "name": "Latvian",
                "nativeName": "latviešu valoda"
            }
        ],
        "name": "Latvia"
    },
    {
        "languages": [
            {
                "iso639_1": "ar",
                "iso639_2": "ara",
                "name": "Arabic",
                "nativeName": "العربية"
            },
            {
                "iso639_1": "fr",
                "iso639_2": "fra",
                "name": "French",
                "nativeName": "français"
            }
        ],
        "name": "Lebanon"
    },
    {
        "languages": [
            {
                "iso639_1": "en",
                "iso639_2": "eng",
                "name": "English",
                "nativeName": "English"
            },
            {
                "iso639_1": "st",
                "iso639_2": "sot",
                "name": "Southern Sotho",
                "nativeName": "Sesotho"
            }
        ],
        "name": "Lesotho"
    },
    {
        "languages": [
            {
                "iso639_1": "en",
                "iso639_2": "eng",
                "name": "English",
                "nativeName": "English"
            }
        ],
        "name": "Liberia"
    },
    {
        "languages": [
            {
                "iso639_1": "ar",
                "iso639_2": "ara",
                "name": "Arabic",
                "nativeName": "العربية"
            }
        ],
        "name": "Libya"
    },
    {
        "languages": [
            {
                "iso639_1": "de",
                "iso639_2": "deu",
                "name": "German",
                "nativeName": "Deutsch"
            }
        ],
        "name": "Liechtenstein"
    },
    {
        "languages": [
            {
                "iso639_1": "lt",
                "iso639_2": "lit",
                "name": "Lithuanian",
                "nativeName": "lietuvių kalba"
            }
        ],
        "name": "Lithuania"
    },
    {
        "languages": [
            {
                "iso639_1": "fr",
                "iso639_2": "fra",
                "name": "French",
                "nativeName": "français"
            },
            {
                "iso639_1": "de",
                "iso639_2": "deu",
                "name": "German",
                "nativeName": "Deutsch"
            },
            {
                "iso639_1": "lb",
                "iso639_2": "ltz",
                "name": "Luxembourgish",
                "nativeName": "Lëtzebuergesch"
            }
        ],
        "name": "Luxembourg"
    },
    {
        "languages": [
            {
                "iso639_1": "zh",
                "iso639_2": "zho",
                "name": "Chinese",
                "nativeName": "中文 (Zhōngwén)"
            },
            {
                "iso639_1": "pt",
                "iso639_2": "por",
                "name": "Portuguese",
                "nativeName": "Português"
            }
        ],
        "name": "Macao"
    },
    {
        "languages": [
            {
                "iso639_1": "mk",
                "iso639_2": "mkd",
                "name": "Macedonian",
                "nativeName": "македонски јазик"
            }
        ],
        "name": "Macedonia (the former Yugoslav Republic of)"
    },
    {
        "languages": [
            {
                "iso639_1": "fr",
                "iso639_2": "fra",
                "name": "French",
                "nativeName": "français"
            },
            {
                "iso639_1": "mg",
                "iso639_2": "mlg",
                "name": "Malagasy",
                "nativeName": "fiteny malagasy"
            }
        ],
        "name": "Madagascar"
    },
    {
        "languages": [
            {
                "iso639_1": "en",
                "iso639_2": "eng",
                "name": "English",
                "nativeName": "English"
            },
            {
                "iso639_1": "ny",
                "iso639_2": "nya",
                "name": "Chichewa",
                "nativeName": "chiCheŵa"
            }
        ],
        "name": "Malawi"
    },
    {
        "languages": [
            {
                "iso639_2": "zsm",
                "name": "Malaysian",
                "nativeName": "بهاس مليسيا"
            }
        ],
        "name": "Malaysia"
    },
    {
        "languages": [
            {
                "iso639_1": "dv",
                "iso639_2": "div",
                "name": "Divehi",
                "nativeName": "ދިވެހި"
            }
        ],
        "name": "Maldives"
    },
    {
        "languages": [
            {
                "iso639_1": "fr",
                "iso639_2": "fra",
                "name": "French",
                "nativeName": "français"
            }
        ],
        "name": "Mali"
    },
    {
        "languages": [
            {
                "iso639_1": "mt",
                "iso639_2": "mlt",
                "name": "Maltese",
                "nativeName": "Malti"
            },
            {
                "iso639_1": "en",
                "iso639_2": "eng",
                "name": "English",
                "nativeName": "English"
            }
        ],
        "name": "Malta"
    },
    {
        "languages": [
            {
                "iso639_1": "en",
                "iso639_2": "eng",
                "name": "English",
                "nativeName": "English"
            },
            {
                "iso639_1": "mh",
                "iso639_2": "mah",
                "name": "Marshallese",
                "nativeName": "Kajin M̧ajeļ"
            }
        ],
        "name": "Marshall Islands"
    },
    {
        "languages": [
            {
                "iso639_1": "fr",
                "iso639_2": "fra",
                "name": "French",
                "nativeName": "français"
            }
        ],
        "name": "Martinique"
    },
    {
        "languages": [
            {
                "iso639_1": "ar",
                "iso639_2": "ara",
                "name": "Arabic",
                "nativeName": "العربية"
            }
        ],
        "name": "Mauritania"
    },
    {
        "languages": [
            {
                "iso639_1": "en",
                "iso639_2": "eng",
                "name": "English",
                "nativeName": "English"
            }
        ],
        "name": "Mauritius"
    },
    {
        "languages": [
            {
                "iso639_1": "fr",
                "iso639_2": "fra",
                "name": "French",
                "nativeName": "français"
            }
        ],
        "name": "Mayotte"
    },
    {
        "languages": [
            {
                "iso639_1": "es",
                "iso639_2": "spa",
                "name": "Spanish",
                "nativeName": "Español"
            }
        ],
        "name": "Mexico"
    },
    {
        "languages": [
            {
                "iso639_1": "en",
                "iso639_2": "eng",
                "name": "English",
                "nativeName": "English"
            }
        ],
        "name": "Micronesia (Federated States of)"
    },
    {
        "languages": [
            {
                "iso639_1": "ro",
                "iso639_2": "ron",
                "name": "Romanian",
                "nativeName": "Română"
            }
        ],
        "name": "Moldova (Republic of)"
    },
    {
        "languages": [
            {
                "iso639_1": "fr",
                "iso639_2": "fra",
                "name": "French",
                "nativeName": "français"
            }
        ],
        "name": "Monaco"
    },
    {
        "languages": [
            {
                "iso639_1": "mn",
                "iso639_2": "mon",
                "name": "Mongolian",
                "nativeName": "Монгол хэл"
            }
        ],
        "name": "Mongolia"
    },
    {
        "languages": [
            {
                "iso639_1": "sr",
                "iso639_2": "srp",
                "name": "Serbian",
                "nativeName": "српски језик"
            },
            {
                "iso639_1": "bs",
                "iso639_2": "bos",
                "name": "Bosnian",
                "nativeName": "bosanski jezik"
            },
            {
                "iso639_1": "sq",
                "iso639_2": "sqi",
                "name": "Albanian",
                "nativeName": "Shqip"
            },
            {
                "iso639_1": "hr",
                "iso639_2": "hrv",
                "name": "Croatian",
                "nativeName": "hrvatski jezik"
            }
        ],
        "name": "Montenegro"
    },
    {
        "languages": [
            {
                "iso639_1": "en",
                "iso639_2": "eng",
                "name": "English",
                "nativeName": "English"
            }
        ],
        "name": "Montserrat"
    },
    {
        "languages": [
            {
                "iso639_1": "ar",
                "iso639_2": "ara",
                "name": "Arabic",
                "nativeName": "العربية"
            }
        ],
        "name": "Morocco"
    },
    {
        "languages": [
            {
                "iso639_1": "pt",
                "iso639_2": "por",
                "name": "Portuguese",
                "nativeName": "Português"
            }
        ],
        "name": "Mozambique"
    },
    {
        "languages": [
            {
                "iso639_1": "my",
                "iso639_2": "mya",
                "name": "Burmese",
                "nativeName": "ဗမာစာ"
            }
        ],
        "name": "Myanmar"
    },
    {
        "languages": [
            {
                "iso639_1": "en",
                "iso639_2": "eng",
                "name": "English",
                "nativeName": "English"
            },
            {
                "iso639_1": "af",
                "iso639_2": "afr",
                "name": "Afrikaans",
                "nativeName": "Afrikaans"
            }
        ],
        "name": "Namibia"
    },
    {
        "languages": [
            {
                "iso639_1": "en",
                "iso639_2": "eng",
                "name": "English",
                "nativeName": "English"
            },
            {
                "iso639_1": "na",
                "iso639_2": "nau",
                "name": "Nauruan",
                "nativeName": "Dorerin Naoero"
            }
        ],
        "name": "Nauru"
    },
    {
        "languages": [
            {
                "iso639_1": "ne",
                "iso639_2": "nep",
                "name": "Nepali",
                "nativeName": "नेपाली"
            }
        ],
        "name": "Nepal"
    },
    {
        "languages": [
            {
                "iso639_1": "nl",
                "iso639_2": "nld",
                "name": "Dutch",
                "nativeName": "Nederlands"
            }
        ],
        "name": "Netherlands"
    },
    {
        "languages": [
            {
                "iso639_1": "fr",
                "iso639_2": "fra",
                "name": "French",
                "nativeName": "français"
            }
        ],
        "name": "New Caledonia"
    },
    {
        "languages": [
            {
                "iso639_1": "en",
                "iso639_2": "eng",
                "name": "English",
                "nativeName": "English"
            },
            {
                "iso639_1": "mi",
                "iso639_2": "mri",
                "name": "Māori",
                "nativeName": "te reo Māori"
            }
        ],
        "name": "New Zealand"
    },
    {
        "languages": [
            {
                "iso639_1": "es",
                "iso639_2": "spa",
                "name": "Spanish",
                "nativeName": "Español"
            }
        ],
        "name": "Nicaragua"
    },
    {
        "languages": [
            {
                "iso639_1": "fr",
                "iso639_2": "fra",
                "name": "French",
                "nativeName": "français"
            }
        ],
        "name": "Niger"
    },
    {
        "languages": [
            {
                "iso639_1": "en",
                "iso639_2": "eng",
                "name": "English",
                "nativeName": "English"
            }
        ],
        "name": "Nigeria"
    },
    {
        "languages": [
            {
                "iso639_1": "en",
                "iso639_2": "eng",
                "name": "English",
                "nativeName": "English"
            }
        ],
        "name": "Niue"
    },
    {
        "languages": [
            {
                "iso639_1": "en",
                "iso639_2": "eng",
                "name": "English",
                "nativeName": "English"
            }
        ],
        "name": "Norfolk Island"
    },
    {
        "languages": [
            {
                "iso639_1": "ko",
                "iso639_2": "kor",
                "name": "Korean",
                "nativeName": "한국어"
            }
        ],
        "name": "Korea (Democratic People's Republic of)"
    },
    {
        "languages": [
            {
                "iso639_1": "en",
                "iso639_2": "eng",
                "name": "English",
                "nativeName": "English"
            },
            {
                "iso639_1": "ch",
                "iso639_2": "cha",
                "name": "Chamorro",
                "nativeName": "Chamoru"
            }
        ],
        "name": "Northern Mariana Islands"
    },
    {
        "languages": [
            {
                "iso639_1": "no",
                "iso639_2": "nor",
                "name": "Norwegian",
                "nativeName": "Norsk"
            },
            {
                "iso639_1": "nb",
                "iso639_2": "nob",
                "name": "Norwegian Bokmål",
                "nativeName": "Norsk bokmål"
            },
            {
                "iso639_1": "nn",
                "iso639_2": "nno",
                "name": "Norwegian Nynorsk",
                "nativeName": "Norsk nynorsk"
            }
        ],
        "name": "Norway"
    },
    {
        "languages": [
            {
                "iso639_1": "ar",
                "iso639_2": "ara",
                "name": "Arabic",
                "nativeName": "العربية"
            }
        ],
        "name": "Oman"
    },
    {
        "languages": [
            {
                "iso639_1": "en",
                "iso639_2": "eng",
                "name": "English",
                "nativeName": "English"
            },
            {
                "iso639_1": "ur",
                "iso639_2": "urd",
                "name": "Urdu",
                "nativeName": "اردو"
            }
        ],
        "name": "Pakistan"
    },
    {
        "languages": [
            {
                "iso639_1": "en",
                "iso639_2": "eng",
                "name": "English",
                "nativeName": "English"
            }
        ],
        "name": "Palau"
    },
    {
        "languages": [
            {
                "iso639_1": "ar",
                "iso639_2": "ara",
                "name": "Arabic",
                "nativeName": "العربية"
            }
        ],
        "name": "Palestine, State of"
    },
    {
        "languages": [
            {
                "iso639_1": "es",
                "iso639_2": "spa",
                "name": "Spanish",
                "nativeName": "Español"
            }
        ],
        "name": "Panama"
    },
    {
        "languages": [
            {
                "iso639_1": "en",
                "iso639_2": "eng",
                "name": "English",
                "nativeName": "English"
            }
        ],
        "name": "Papua New Guinea"
    },
    {
        "languages": [
            {
                "iso639_1": "es",
                "iso639_2": "spa",
                "name": "Spanish",
                "nativeName": "Español"
            },
            {
                "iso639_1": "gn",
                "iso639_2": "grn",
                "name": "Guaraní",
                "nativeName": "Avañe'ẽ"
            }
        ],
        "name": "Paraguay"
    },
    {
        "languages": [
            {
                "iso639_1": "es",
                "iso639_2": "spa",
                "name": "Spanish",
                "nativeName": "Español"
            }
        ],
        "name": "Peru"
    },
    {
        "languages": [
            {
                "iso639_1": "en",
                "iso639_2": "eng",
                "name": "English",
                "nativeName": "English"
            }
        ],
        "name": "Philippines"
    },
    {
        "languages": [
            {
                "iso639_1": "en",
                "iso639_2": "eng",
                "name": "English",
                "nativeName": "English"
            }
        ],
        "name": "Pitcairn"
    },
    {
        "languages": [
            {
                "iso639_1": "pl",
                "iso639_2": "pol",
                "name": "Polish",
                "nativeName": "język polski"
            }
        ],
        "name": "Poland"
    },
    {
        "languages": [
            {
                "iso639_1": "pt",
                "iso639_2": "por",
                "name": "Portuguese",
                "nativeName": "Português"
            }
        ],
        "name": "Portugal"
    },
    {
        "languages": [
            {
                "iso639_1": "es",
                "iso639_2": "spa",
                "name": "Spanish",
                "nativeName": "Español"
            },
            {
                "iso639_1": "en",
                "iso639_2": "eng",
                "name": "English",
                "nativeName": "English"
            }
        ],
        "name": "Puerto Rico"
    },
    {
        "languages": [
            {
                "iso639_1": "ar",
                "iso639_2": "ara",
                "name": "Arabic",
                "nativeName": "العربية"
            }
        ],
        "name": "Qatar"
    },
    {
        "languages": [
            {
                "iso639_1": "sq",
                "iso639_2": "sqi",
                "name": "Albanian",
                "nativeName": "Shqip"
            },
            {
                "iso639_1": "sr",
                "iso639_2": "srp",
                "name": "Serbian",
                "nativeName": "српски језик"
            }
        ],
        "name": "Republic of Kosovo"
    },
    {
        "languages": [
            {
                "iso639_1": "fr",
                "iso639_2": "fra",
                "name": "French",
                "nativeName": "français"
            }
        ],
        "name": "Réunion"
    },
    {
        "languages": [
            {
                "iso639_1": "ro",
                "iso639_2": "ron",
                "name": "Romanian",
                "nativeName": "Română"
            }
        ],
        "name": "Romania"
    },
    {
        "languages": [
            {
                "iso639_1": "ru",
                "iso639_2": "rus",
                "name": "Russian",
                "nativeName": "Русский"
            }
        ],
        "name": "Russian Federation"
    },
    {
        "languages": [
            {
                "iso639_1": "rw",
                "iso639_2": "kin",
                "name": "Kinyarwanda",
                "nativeName": "Ikinyarwanda"
            },
            {
                "iso639_1": "en",
                "iso639_2": "eng",
                "name": "English",
                "nativeName": "English"
            },
            {
                "iso639_1": "fr",
                "iso639_2": "fra",
                "name": "French",
                "nativeName": "français"
            }
        ],
        "name": "Rwanda"
    },
    {
        "languages": [
            {
                "iso639_1": "fr",
                "iso639_2": "fra",
                "name": "French",
                "nativeName": "français"
            }
        ],
        "name": "Saint Barthélemy"
    },
    {
        "languages": [
            {
                "iso639_1": "en",
                "iso639_2": "eng",
                "name": "English",
                "nativeName": "English"
            }
        ],
        "name": "Saint Helena, Ascension and Tristan da Cunha"
    },
    {
        "languages": [
            {
                "iso639_1": "en",
                "iso639_2": "eng",
                "name": "English",
                "nativeName": "English"
            }
        ],
        "name": "Saint Kitts and Nevis"
    },
    {
        "languages": [
            {
                "iso639_1": "en",
                "iso639_2": "eng",
                "name": "English",
                "nativeName": "English"
            }
[...]
            }
        ],
        "languages": [
            {
                "iso639_1": "es",
                "iso639_2": "spa",
                "name": "Spanish",
                "nativeName": "Español"
            }
        ],
        "translations": {
            "de": "Peru",
            "es": "Perú",
            "fr": "Pérou",
            "ja": "ペルー",
            "it": "Perù",
            "br": "Peru",
            "pt": "Peru",
            "nl": "Peru",
            "hr": "Peru",
            "fa": "پرو"
        },
        "flag": "https://restcountries.eu/data/per.svg",
        "regionalBlocs": [
            {
                "acronym": "PA",
                "name": "Pacific Alliance",
                "otherAcronyms": [
                    
                ],
                "otherNames": [
                    "Alianza del Pacífico"
                ]
            },
            {
                "acronym": "USAN",
                "name": "Union of South American Nations",
                "otherAcronyms": [
                    "UNASUR",
                    "UNASUL",
                    "UZAN"
                ],
                "otherNames": [
                    "Unión de Naciones Suramericanas",
                    "União de Nações Sul-Americanas",
                    "Unie van Zuid-Amerikaanse Naties",
                    "South American Union"
                ]
            }
        ],
        "cioc": "PER"
    },
    {
        "name": "Puerto Rico",
        "topLevelDomain": [
            ".pr"
        ],
        "alpha2Code": "PR",
        "alpha3Code": "PRI",
        "callingCodes": [
            "1"
        ],
        "capital": "San Juan",
        "altSpellings": [
            "PR",
            "Commonwealth of Puerto Rico",
            "Estado Libre Asociado de Puerto Rico"
        ],
        "region": "Americas",
        "subregion": "Caribbean",
        "population": 3474182,
        "latlng": [
            18.25,
            -66.5
        ],
        "demonym": "Puerto Rican",
        "area": 8870.0,
        "gini": null,
        "timezones": [
            "UTC-04:00"
        ],
        "borders": [
            
        ],
        "nativeName": "Puerto Rico",
        "numericCode": "630",
        "currencies": [
            {
                "code": "USD",
                "name": "United States dollar",
                "symbol": "$"
            }
        ],
        "languages": [
            {
                "iso639_1": "es",
                "iso639_2": "spa",
                "name": "Spanish",
                "nativeName": "Español"
            },
            {
                "iso639_1": "en",
                "iso639_2": "eng",
                "name": "English",
                "nativeName": "English"
            }
        ],
        "translations": {
            "de": "Puerto Rico",
            "es": "Puerto Rico",
            "fr": "Porto Rico",
            "ja": "プエルトリコ",
            "it": "Porto Rico",
            "br": "Porto Rico",
            "pt": "Porto Rico",
            "nl": "Puerto Rico",
            "hr": "Portoriko",
            "fa": "پورتو ریکو"
        },
        "flag": "https://restcountries.eu/data/pri.svg",
        "regionalBlocs": [
            
        ],
        "cioc": "PUR"
    },
    {
        "name": "Spain",
        "topLevelDomain": [
            ".es"
        ],
        "alpha2Code": "ES",
        "alpha3Code": "ESP",
        "callingCodes": [
            "34"
        ],
        "capital": "Madrid",
        "altSpellings": [
            "ES",
            "Kingdom of Spain",
            "Reino de España"
        ],
        "region": "Europe",
        "subregion": "Southern Europe",
        "population": 46438422,
        "latlng": [
            40.0,
            -4.0
        ],
        "demonym": "Spanish",
        "area": 505992.0,
        "gini": 34.7,
        "timezones": [
            "UTC",
            "UTC+01:00"
        ],
        "borders": [
            "AND",
            "FRA",
            "GIB",
            "PRT",
            "MAR"
        ],
        "nativeName": "España",
        "numericCode": "724",
        "currencies": [
            {
                "code": "EUR",
                "name": "Euro",
                "symbol": "€"
            }
        ],
        "languages": [
            {
                "iso639_1": "es",
                "iso639_2": "spa",
                "name": "Spanish",
                "nativeName": "Español"
            }
        ],
        "translations": {
            "de": "Spanien",
            "es": "España",
            "fr": "Espagne",
            "ja": "スペイン",
            "it": "Spagna",
            "br": "Espanha",
            "pt": "Espanha",
            "nl": "Spanje",
            "hr": "Španjolska",
            "fa": "اسپانیا"
        },
        "flag": "https://restcountries.eu/data/esp.svg",
        "regionalBlocs": [
            {
                "acronym": "EU",
                "name": "European Union",
                "otherAcronyms": [
                    
                ],
                "otherNames": [
                    
                ]
            }
        ],
        "cioc": "ESP"
    },
    {
        "name": "Uruguay",
        "topLevelDomain": [
            ".uy"
        ],
        "alpha2Code": "UY",
        "alpha3Code": "URY",
        "callingCodes": [
            "598"
        ],
        "capital": "Montevideo",
        "altSpellings": [
            "UY",
            "Oriental Republic of Uruguay",
            "República Oriental del Uruguay"
        ],
        "region": "Americas",
        "subregion": "South America",
        "population": 3480222,
        "latlng": [
            -33.0,
            -56.0
        ],
        "demonym": "Uruguayan",
        "area": 181034.0,
        "gini": 39.7,
        "timezones": [
            "UTC-03:00"
        ],
        "borders": [
            "ARG",
            "BRA"
        ],
        "nativeName": "Uruguay",
        "numericCode": "858",
        "currencies": [
            {
                "code": "UYU",
                "name": "Uruguayan peso",
                "symbol": "$"
            }
        ],
        "languages": [
            {
                "iso639_1": "es",
                "iso639_2": "spa",
                "name": "Spanish",
                "nativeName": "Español"
            }
        ],
        "translations": {
            "de": "Uruguay",
            "es": "Uruguay",
            "fr": "Uruguay",
            "ja": "ウルグアイ",
            "it": "Uruguay",
            "br": "Uruguai",
            "pt": "Uruguai",
            "nl": "Uruguay",
            "hr": "Urugvaj",
            "fa": "اروگوئه"
        },
        "flag": "https://restcountries.eu/data/ury.svg",
        "regionalBlocs": [
            {
                "acronym": "USAN",
                "name": "Union of South American Nations",
                "otherAcronyms": [
                    "UNASUR",
                    "UNASUL",
                    "UZAN"
                ],
                "otherNames": [
                    "Unión de Naciones Suramericanas",
                    "União de Nações Sul-Americanas",
                    "Unie van Zuid-Amerikaanse Naties",
                    "South American Union"
                ]
            }
        ],
        "cioc": "URU"
    },
    {
        "name": "Venezuela (Bolivarian Republic of)",
        "topLevelDomain": [
            ".ve"
        ],
        "alpha2Code": "VE",
        "alpha3Code": "VEN",
        "callingCodes": [
            "58"
        ],
        "capital": "Caracas",
        "altSpellings": [
            "VE",
            "Bolivarian Republic of Venezuela",
            "República Bolivariana de Venezuela"
        ],
        "region": "Americas",
        "subregion": "South America",
        "population": 31028700,
        "latlng": [
            8.0,
            -66.0
        ],
        "demonym": "Venezuelan",
        "area": 916445.0,
        "gini": 44.8,
        "timezones": [
            "UTC-04:00"
        ],
        "borders": [
            "BRA",
            "COL",
            "GUY"
        ],
        "nativeName": "Venezuela",
        "numericCode": "862",
        "currencies": [
            {
                "code": "VEF",
                "name": "Venezuelan bolívar",
                "symbol": "Bs F"
            }
        ],
        "languages": [
            {
                "iso639_1": "es",
                "iso639_2": "spa",
                "name": "Spanish",
                "nativeName": "Español"
            }
        ],
        "translations": {
            "de": "Venezuela",
            "es": "Venezuela",
            "fr": "Venezuela",
            "ja": "ベネズエラ・ボリバル共和国",
            "it": "Venezuela",
            "br": "Venezuela",
            "pt": "Venezuela",
            "nl": "Venezuela",
            "hr": "Venezuela",
            "fa": "ونزوئلا"
        },
        "flag": "https://restcountries.eu/data/ven.svg",
        "regionalBlocs": [
            {
                "acronym": "USAN",
                "name": "Union of South American Nations",
                "otherAcronyms": [
                    "UNASUR",
                    "UNASUL",
                    "UZAN"
                ],
                "otherNames": [
                    "Unión de Naciones Suramericanas",
                    "União de Nações Sul-Americanas",
                    "Unie van Zuid-Amerikaanse Naties",
                    "South American Union"
                ]
            }
        ],
        "cioc": "VEN"
    },
    {
        "name": "Western Sahara",
        "topLevelDomain": [
            ".eh"
        ],
        "alpha2Code": "EH",
        "alpha3Code": "ESH",
        "callingCodes": [
            "212"
        ],
        "capital": "El Aaiún",
        "altSpellings": [
            "EH",
            "Taneẓroft Tutrimt"
        ],
        "region": "Africa",
        "subregion": "Northern Africa",
        "population": 510713,
        "latlng": [
            24.5,
            -13.0
        ],
        "demonym": "Sahrawi",
        "area": 266000.0,
        "gini": null,
        "timezones": [
            "UTC+00:00"
        ],
        "borders": [
            "DZA",
            "MRT",
            "MAR"
        ],
        "nativeName": "الصحراء الغربية",
        "numericCode": "732",
        "currencies": [
            {
                "code": "MAD",
                "name": "Moroccan dirham",
                "symbol": "د.م."
            },
            {
                "code": "DZD",
                "name": "Algerian dinar",
                "symbol": "د.ج"
            }
        ],
        "languages": [
            {
                "iso639_1": "es",
                "iso639_2": "spa",
                "name": "Spanish",
                "nativeName": "Español"
            }
        ],
        "translations": {
            "de": "Westsahara",
            "es": "Sahara Occidental",
            "fr": "Sahara Occidental",
            "ja": "西サハラ",
            "it": "Sahara Occidentale",
            "br": "Saara Ocidental",
            "pt": "Saara Ocidental",
            "nl": "Westelijke Sahara",
            "hr": "Zapadna Sahara",
            "fa": "جمهوری دموکراتیک عربی صحرا"
        },
        "flag": "https://restcountries.eu/data/esh.svg",
        "regionalBlocs": [
            {
                "acronym": "AU",
                "name": "African Union",
                "otherAcronyms": [
                    
                ],
                "otherNames": [
                    "الاتحاد الأفريقي",
                    "Union africaine",
                    "União Africana",
                    "Unión Africana",
                    "Umoja wa Afrika"
                ]
            }
        ],
        "cioc": ""
    }
]
]]></system-out>
  </testcase>
  <testcase name="testV2DemonymReturnsLanguageData" classname="ts01glm_5_2.LanguageTest" time="0.002">
    <system-out><![CDATA[Request method:	GET
Request URI:	http://localhost:8080/rest/v2/demonym/American?fields=name;languages
Proxy:			<none>
Request params:	<none>
Query params:	fields=name;languages
Form params:	<none>
Path params:	<none>
Headers:		Accept=*/*
Cookies:		<none>
Multiparts:		<none>
Body:			<none>
HTTP/1.1 200 
Content-Type: application/json;charset=utf-8
Content-Length: 464
Date: Sun, 12 Jul 2026 23:40:50 GMT
Keep-Alive: timeout=60
Connection: keep-alive

[
    {
        "languages": [
            {
                "iso639_1": "en",
                "iso639_2": "eng",
                "name": "English",
                "nativeName": "English"
            }
        ],
        "name": "United States Minor Outlying Islands"
    },
    {
        "languages": [
            {
                "iso639_1": "en",
                "iso639_2": "eng",
                "name": "English",
                "nativeName": "English"
            },
            {
                "iso639_1": "ch",
                "iso639_2": "cha",
                "name": "Chamorro",
                "nativeName": "Chamoru"
            }
        ],
        "name": "Northern Mariana Islands"
    },
    {
        "languages": [
            {
                "iso639_1": "en",
                "iso639_2": "eng",
                "name": "English",
                "nativeName": "English"
            }
        ],
        "name": "United States of America"
    }
]
]]></system-out>
  </testcase>
  <testcase name="testV2SubregionReturnsLanguageData" classname="ts01glm_5_2.LanguageTest" time="0.005">
    <system-out><![CDATA[Request method:	GET
Request URI:	http://localhost:8080/rest/v2/subregion/Western%20Europe?fields=name;languages
Proxy:			<none>
Request params:	<none>
Query params:	fields=name;languages
Form params:	<none>
Path params:	<none>
Headers:		Accept=*/*
Cookies:		<none>
Multiparts:		<none>
Body:			<none>
HTTP/1.1 200 
Content-Type: application/json;charset=utf-8
Content-Length: 1454
Date: Sun, 12 Jul 2026 23:40:50 GMT
Keep-Alive: timeout=60
Connection: keep-alive

[
    {
        "languages": [
            {
                "iso639_1": "de",
                "iso639_2": "deu",
                "name": "German",
                "nativeName": "Deutsch"
            }
        ],
        "name": "Austria"
    },
    {
        "languages": [
            {
                "iso639_1": "nl",
                "iso639_2": "nld",
                "name": "Dutch",
                "nativeName": "Nederlands"
            },
            {
                "iso639_1": "fr",
                "iso639_2": "fra",
                "name": "French",
                "nativeName": "français"
            },
            {
                "iso639_1": "de",
                "iso639_2": "deu",
                "name": "German",
                "nativeName": "Deutsch"
            }
        ],
        "name": "Belgium"
    },
    {
        "languages": [
            {
                "iso639_1": "fr",
                "iso639_2": "fra",
                "name": "French",
                "nativeName": "français"
            }
        ],
        "name": "France"
    },
    {
        "languages": [
            {
                "iso639_1": "de",
                "iso639_2": "deu",
                "name": "German",
                "nativeName": "Deutsch"
            }
        ],
        "name": "Germany"
    },
    {
        "languages": [
            {
                "iso639_1": "de",
                "iso639_2": "deu",
                "name": "German",
                "nativeName": "Deutsch"
            }
        ],
        "name": "Liechtenstein"
    },
    {
        "languages": [
            {
                "iso639_1": "fr",
                "iso639_2": "fra",
                "name": "French",
                "nativeName": "français"
            },
            {
                "iso639_1": "de",
                "iso639_2": "deu",
                "name": "German",
                "nativeName": "Deutsch"
            },
            {
                "iso639_1": "lb",
                "iso639_2": "ltz",
                "name": "Luxembourgish",
                "nativeName": "Lëtzebuergesch"
            }
        ],
        "name": "Luxembourg"
    },
    {
        "languages": [
            {
                "iso639_1": "fr",
                "iso639_2": "fra",
                "name": "French",
                "nativeName": "français"
            }
        ],
        "name": "Monaco"
    },
    {
        "languages": [
            {
                "iso639_1": "nl",
                "iso639_2": "nld",
                "name": "Dutch",
                "nativeName": "Nederlands"
            }
        ],
        "name": "Netherlands"
    },
    {
        "languages": [
            {
                "iso639_1": "de",
                "iso639_2": "deu",
                "name": "German",
                "nativeName": "Deutsch"
            },
            {
                "iso639_1": "fr",
                "iso639_2": "fra",
                "name": "French",
                "nativeName": "français"
            },
            {
                "iso639_1": "it",
                "iso639_2": "ita",
                "name": "Italian",
                "nativeName": "Italiano"
            }
        ],
        "name": "Switzerland"
    }
]
]]></system-out>
  </testcase>
  <testcase name="testV2NameFullTextReturnsLanguageData" classname="ts01glm_5_2.LanguageTest" time="0.002">
    <system-out><![CDATA[Request method:	GET
Request URI:	http://localhost:8080/rest/v2/name/Germany?fullText=true
Proxy:			<none>
Request params:	<none>
Query params:	fullText=true
Form params:	<none>
Path params:	<none>
Headers:		Accept=*/*
Cookies:		<none>
Multiparts:		<none>
Body:			<none>
HTTP/1.1 200 
Content-Type: application/json;charset=utf-8
Content-Length: 966
Date: Sun, 12 Jul 2026 23:40:50 GMT
Keep-Alive: timeout=60
Connection: keep-alive

[
    {
        "name": "Germany",
        "topLevelDomain": [
            ".de"
        ],
        "alpha2Code": "DE",
        "alpha3Code": "DEU",
        "callingCodes": [
            "49"
        ],
        "capital": "Berlin",
        "altSpellings": [
            "DE",
            "Federal Republic of Germany",
            "Bundesrepublik Deutschland"
        ],
        "region": "Europe",
        "subregion": "Western Europe",
        "population": 81770900,
        "latlng": [
            51.0,
            9.0
        ],
        "demonym": "German",
        "area": 357114.0,
        "gini": 28.3,
        "timezones": [
            "UTC+01:00"
        ],
        "borders": [
            "AUT",
            "BEL",
            "CZE",
            "DNK",
            "FRA",
            "LUX",
            "NLD",
            "POL",
            "CHE"
        ],
        "nativeName": "Deutschland",
        "numericCode": "276",
        "currencies": [
            {
                "code": "EUR",
                "name": "Euro",
                "symbol": "€"
            }
        ],
        "languages": [
            {
                "iso639_1": "de",
                "iso639_2": "deu",
                "name": "German",
                "nativeName": "Deutsch"
            }
        ],
        "translations": {
            "de": "Deutschland",
            "es": "Alemania",
            "fr": "Allemagne",
            "ja": "ドイツ",
            "it": "Germania",
            "br": "Alemanha",
            "pt": "Alemanha",
            "nl": "Duitsland",
            "hr": "Njemačka",
            "fa": "آلمان"
        },
        "flag": "https://restcountries.eu/data/deu.svg",
        "regionalBlocs": [
            {
                "acronym": "EU",
                "name": "European Union",
                "otherAcronyms": [
                    
                ],
                "otherNames": [
                    
                ]
            }
        ],
        "cioc": "GER"
    }
]
]]></system-out>
  </testcase>
</testsuite>