<?xml version="1.0" encoding="UTF-8"?>
<testsuite xmlns:xsi="http://www.w3.org/2001/XMLSchema-instance" xsi:noNamespaceSchemaLocation="https://maven.apache.org/surefire/maven-surefire-plugin/xsd/surefire-test-report-3.0.xsd" version="3.0" name="ts01glm_5_2.ProductConfigurationTest" time="0.19" tests="7" errors="0" skipped="0" failures="1">
  <properties>
[...]
</properties>
  <testcase name="testAddFeatureToConfiguration" classname="ts01glm_5_2.ProductConfigurationTest" time="0.022"/>
  <testcase name="testAddNonExistentFeatureToConfiguration" classname="ts01glm_5_2.ProductConfigurationTest" time="0.025"/>
  <testcase name="testGetActiveFeaturesOfConfiguration" classname="ts01glm_5_2.ProductConfigurationTest" time="0.031"/>
  <testcase name="testRemoveFeatureFromConfiguration" classname="ts01glm_5_2.ProductConfigurationTest" time="0.034"/>
  <testcase name="testRemoveNonExistentFeatureFromConfiguration" classname="ts01glm_5_2.ProductConfigurationTest" time="0.044">
    <failure message="1 expectation failed.&#10;Expected status code &lt;204&gt; but was &lt;500&gt;.&#10;" type="java.lang.AssertionError"><![CDATA[java.lang.AssertionError: 
1 expectation failed.
Expected status code <204> but was <500>.

	at sun.reflect.NativeConstructorAccessorImpl.newInstance0(Native Method)
	at sun.reflect.NativeConstructorAccessorImpl.newInstance(NativeConstructorAccessorImpl.java:62)
	at sun.reflect.DelegatingConstructorAccessorImpl.newInstance(DelegatingConstructorAccessorImpl.java:45)
	at java.lang.reflect.Constructor.newInstance(Constructor.java:423)
	at org.codehaus.groovy.reflection.CachedConstructor.invoke(CachedConstructor.java:72)
	at org.codehaus.groovy.reflection.CachedConstructor.doConstructorInvoke(CachedConstructor.java:59)
	at org.codehaus.groovy.runtime.callsite.ConstructorSite$ConstructorSiteNoUnwrap.callConstructor(ConstructorSite.java:84)
	at org.codehaus.groovy.runtime.callsite.AbstractCallSite.callConstructor(AbstractCallSite.java:277)
	at io.restassured.internal.ResponseSpecificationImpl$HamcrestAssertionClosure.validate(ResponseSpecificationImpl.groovy:499)
	at io.restassured.internal.ResponseSpecificationImpl$HamcrestAssertionClosure$validate$1.call(Unknown Source)
	at io.restassured.internal.ResponseSpecificationImpl.validateResponseIfRequired(ResponseSpecificationImpl.groovy:684)
	at sun.reflect.GeneratedMethodAccessor134.invoke(Unknown Source)
	at sun.reflect.DelegatingMethodAccessorImpl.invoke(DelegatingMethodAccessorImpl.java:43)
	at java.lang.reflect.Method.invoke(Method.java:498)
	at org.codehaus.groovy.runtime.callsite.PlainObjectMetaMethodSite.doInvoke(PlainObjectMetaMethodSite.java:43)
	at org.codehaus.groovy.runtime.callsite.PogoMetaMethodSite$PogoCachedMethodSiteNoUnwrapNoCoerce.invoke(PogoMetaMethodSite.java:193)
	at org.codehaus.groovy.runtime.callsite.PogoMetaMethodSite.callCurrent(PogoMetaMethodSite.java:61)
	at org.codehaus.groovy.runtime.callsite.AbstractCallSite.callCurrent(AbstractCallSite.java:185)
	at io.restassured.internal.ResponseSpecificationImpl.statusCode(ResponseSpecificationImpl.groovy:127)
	at io.restassured.specification.ResponseSpecification$statusCode$0.callCurrent(Unknown Source)
	at io.restassured.internal.ResponseSpecificationImpl.statusCode(ResponseSpecificationImpl.groovy:135)
	at io.restassured.internal.ValidatableResponseOptionsImpl.statusCode(ValidatableResponseOptionsImpl.java:89)
	at io.restassured.internal.ValidatableResponseImpl.super$2$statusCode(ValidatableResponseImpl.groovy)
	at sun.reflect.GeneratedMethodAccessor154.invoke(Unknown Source)
	at sun.reflect.DelegatingMethodAccessorImpl.invoke(DelegatingMethodAccessorImpl.java:43)
	at java.lang.reflect.Method.invoke(Method.java:498)
	at org.codehaus.groovy.reflection.CachedMethod.invoke(CachedMethod.java:107)
	at groovy.lang.MetaMethod.doMethodInvoke(MetaMethod.java:323)
	at groovy.lang.MetaClassImpl.invokeMethod(MetaClassImpl.java:1268)
	at org.codehaus.groovy.runtime.ScriptBytecodeAdapter.invokeMethodOnSuperN(ScriptBytecodeAdapter.java:144)
	at io.restassured.internal.ValidatableResponseImpl.statusCode(ValidatableResponseImpl.groovy:142)
	at io.restassured.internal.ValidatableResponseImpl.statusCode(ValidatableResponseImpl.groovy)
	at ts01glm_5_2.ProductConfigurationTest.testRemoveNonExistentFeatureFromConfiguration(ProductConfigurationTest.java:119)
	at sun.reflect.NativeMethodAccessorImpl.invoke0(Native Method)
	at sun.reflect.NativeMethodAccessorImpl.invoke(NativeMethodAccessorImpl.java:62)
	at sun.reflect.DelegatingMethodAccessorImpl.invoke(DelegatingMethodAccessorImpl.java:43)
	at java.lang.reflect.Method.invoke(Method.java:498)
	at org.junit.runners.model.FrameworkMethod$1.runReflectiveCall(FrameworkMethod.java:59)
	at org.junit.internal.runners.model.ReflectiveCallable.run(ReflectiveCallable.java:12)
	at org.junit.runners.model.FrameworkMethod.invokeExplosively(FrameworkMethod.java:56)
	at org.junit.internal.runners.statements.InvokeMethod.evaluate(InvokeMethod.java:17)
	at org.junit.internal.runners.statements.FailOnTimeout$CallableStatement.call(FailOnTimeout.java:299)
	at org.junit.internal.runners.statements.FailOnTimeout$CallableStatement.call(FailOnTimeout.java:293)
	at java.util.concurrent.FutureTask.run(FutureTask.java:266)
	at java.lang.Thread.run(Thread.java:748)
]]></failure>
    <system-out><![CDATA[Request method:	DELETE
Request URI:	http://localhost:8080/products/Product-54ab6949-5cd0-44a2-bdfe-d2f0aa250af5/configurations/Config-1c031488-18b5-4a50-ac07-d89ff05b2eb2/features/NonExistentFeature-acb6d2e3-4faf-40ea-b5b7-bb69fa1ef2df
Proxy:			<none>
Request params:	<none>
Query params:	<none>
Form params:	<none>
Path params:	<none>
Headers:		Accept=*/*
Cookies:		<none>
Multiparts:		<none>
Body:			<none>

HTTP/1.1 500 
Access-Control-Allow-Origin: *
Access-Control-Allow-Methods: POST, PUT, GET, OPTIONS, DELETE
Access-Control-Allow-Headers: x-requested-with
Access-Control-Max-Age: 3600
Content-Type: text/html;charset=utf-8
Content-Language: en
Content-Length: 7084
Date: Sat, 11 Jul 2026 19:11:55 GMT
Connection: close

<html>
  <head>
    <title>Apache Tomcat/8.5.11 - Error report</title>
    <style type="text/css">h1 {font-family:Tahoma,Arial,sans-serif;color:white;background-color:#525D76;font-size:22px;} h2 {font-family:Tahoma,Arial,sans-serif;color:white;background-color:#525D76;font-size:16px;} h3 {font-family:Tahoma,Arial,sans-serif;color:white;background-color:#525D76;font-size:14px;} body {font-family:Tahoma,Arial,sans-serif;color:black;background-color:white;} b {font-family:Tahoma,Arial,sans-serif;color:white;background-color:#525D76;} p {font-family:Tahoma,Arial,sans-serif;background:white;color:black;font-size:12px;} a {color:black;} a.name {color:black;} .line {height:1px;background-color:#525D76;border:none;}</style>
  </head>
  <body>
    <h1>HTTP Status 500 - org.javiermf.features.exceptions.ObjectNotFoundException: Object with id NonExistentFeature-acb6d2e3-4faf-40ea-b5b7-bb69fa1ef2df has not been found</h1>
    <div class="line"/>
    <p>
      <b>type</b>
 Exception report    </p>
    <p>
      <b>message</b>
      <u>org.javiermf.features.exceptions.ObjectNotFoundException: Object with id NonExistentFeature-acb6d2e3-4faf-40ea-b5b7-bb69fa1ef2df has not been found</u>
    </p>
    <p>
      <b>description</b>
      <u>The server encountered an internal error that prevented it from fulfilling this request.</u>
    </p>
    <p>
      <b>exception</b>
    </p>
    <pre>javax.servlet.ServletException: org.javiermf.features.exceptions.ObjectNotFoundException: Object with id NonExistentFeature-acb6d2e3-4faf-40ea-b5b7-bb69fa1ef2df has not been found
	org.glassfish.jersey.servlet.WebComponent.serviceImpl(WebComponent.java:489)
	org.glassfish.jersey.servlet.WebComponent.service(WebComponent.java:427)
	org.glassfish.jersey.servlet.ServletContainer.service(ServletContainer.java:388)
	org.glassfish.jersey.servlet.ServletContainer.service(ServletContainer.java:341)
	org.glassfish.jersey.servlet.ServletContainer.service(ServletContainer.java:228)
	org.apache.tomcat.websocket.server.WsFilter.doFilter(WsFilter.java:52)
	org.springframework.web.filter.RequestContextFilter.doFilterInternal(RequestContextFilter.java:99)
	org.springframework.web.filter.OncePerRequestFilter.doFilter(OncePerRequestFilter.java:107)
	org.springframework.web.filter.CharacterEncodingFilter.doFilterInternal(CharacterEncodingFilter.java:197)
	org.springframework.web.filter.OncePerRequestFilter.doFilter(OncePerRequestFilter.java:107)
	org.javiermf.features.CORSFilter.doFilter(CORSFilter.java:29)
</pre>
    <p>
      <b>root cause</b>
    </p>
    <pre>org.javiermf.features.exceptions.ObjectNotFoundException: Object with id NonExistentFeature-acb6d2e3-4faf-40ea-b5b7-bb69fa1ef2df has not been found
	org.javiermf.features.models.Product.findProductFeatureByName(Product.java:75)
	org.javiermf.features.models.ProductConfiguration.deactive(ProductConfiguration.java:89)
	org.javiermf.features.services.ProductsConfigurationsService.removeFeatureFromConfiguration(ProductsConfigurationsService.java:70)
	org.javiermf.features.services.ProductsConfigurationsService$$FastClassBySpringCGLIB$$d6e55de1.invoke(&lt;generated&gt;)
	org.springframework.cglib.proxy.MethodProxy.invoke(MethodProxy.java:204)
	org.springframework.aop.framework.CglibAopProxy$CglibMethodInvocation.invokeJoinpoint(CglibAopProxy.java:721)
	org.springframework.aop.framework.ReflectiveMethodInvocation.proceed(ReflectiveMethodInvocation.java:157)
	org.springframework.transaction.interceptor.TransactionInterceptor$1.proceedWithInvocation(TransactionInterceptor.java:99)
	org.springframework.transaction.interceptor.TransactionAspectSupport.invokeWithinTransaction(TransactionAspectSupport.java:282)
	org.springframework.transaction.interceptor.TransactionInterceptor.invoke(TransactionInterceptor.java:96)
	org.springframework.aop.framework.ReflectiveMethodInvocation.proceed(ReflectiveMethodInvocation.java:179)
	org.springframework.aop.framework.CglibAopProxy$DynamicAdvisedInterceptor.intercept(CglibAopProxy.java:656)
	org.javiermf.features.services.ProductsConfigurationsService$$EnhancerBySpringCGLIB$$b98154fb.removeFeatureFromConfiguration(&lt;generated&gt;)
	org.javiermf.features.services.rest.ProductsConfigurationFeaturesResource.deleteFeature(ProductsConfigurationFeaturesResource.java:51)
	sun.reflect.GeneratedMethodAccessor72.invoke(Unknown Source)
	sun.reflect.DelegatingMethodAccessorImpl.invoke(DelegatingMethodAccessorImpl.java:43)
	java.lang.reflect.Method.invoke(Method.java:498)
	org.glassfish.jersey.server.model.internal.ResourceMethodInvocationHandlerFactory$1.invoke(ResourceMethodInvocationHandlerFactory.java:81)
	org.glassfish.jersey.server.model.internal.AbstractJavaResourceMethodDispatcher$1.run(AbstractJavaResourceMethodDispatcher.java:144)
	org.glassfish.jersey.server.model.internal.AbstractJavaResourceMethodDispatcher.invoke(AbstractJavaResourceMethodDispatcher.java:161)
	org.glassfish.jersey.server.model.internal.JavaResourceMethodDispatcherProvider$ResponseOutInvoker.doDispatch(JavaResourceMethodDispatcherProvider.java:160)
	org.glassfish.jersey.server.model.internal.AbstractJavaResourceMethodDispatcher.dispatch(AbstractJavaResourceMethodDispatcher.java:99)
	org.glassfish.jersey.server.model.ResourceMethodInvoker.invoke(ResourceMethodInvoker.java:389)
	org.glassfish.jersey.server.model.ResourceMethodInvoker.apply(ResourceMethodInvoker.java:347)
	org.glassfish.jersey.server.model.ResourceMethodInvoker.apply(ResourceMethodInvoker.java:102)
	org.glassfish.jersey.server.ServerRuntime$2.run(ServerRuntime.java:326)
	org.glassfish.jersey.internal.Errors$1.call(Errors.java:271)
	org.glassfish.jersey.internal.Errors$1.call(Errors.java:267)
	org.glassfish.jersey.internal.Errors.process(Errors.java:315)
	org.glassfish.jersey.internal.Errors.process(Errors.java:297)
	org.glassfish.jersey.internal.Errors.process(Errors.java:267)
	org.glassfish.jersey.process.internal.RequestScope.runInScope(RequestScope.java:317)
	org.glassfish.jersey.server.ServerRuntime.process(ServerRuntime.java:305)
	org.glassfish.jersey.server.ApplicationHandler.handle(ApplicationHandler.java:1154)
	org.glassfish.jersey.servlet.WebComponent.serviceImpl(WebComponent.java:473)
	org.glassfish.jersey.servlet.WebComponent.service(WebComponent.java:427)
	org.glassfish.jersey.servlet.ServletContainer.service(ServletContainer.java:388)
	org.glassfish.jersey.servlet.ServletContainer.service(ServletContainer.java:341)
	org.glassfish.jersey.servlet.ServletContainer.service(ServletContainer.java:228)
	org.apache.tomcat.websocket.server.WsFilter.doFilter(WsFilter.java:52)
	org.springframework.web.filter.RequestContextFilter.doFilterInternal(RequestContextFilter.java:99)
	org.springframework.web.filter.OncePerRequestFilter.doFilter(OncePerRequestFilter.java:107)
	org.springframework.web.filter.CharacterEncodingFilter.doFilterInternal(CharacterEncodingFilter.java:197)
	org.springframework.web.filter.OncePerRequestFilter.doFilter(OncePerRequestFilter.java:107)
	org.javiermf.features.CORSFilter.doFilter(CORSFilter.java:29)
</pre>
    <p>
      <b>note</b>
      <u>The full stack trace of the root cause is available in the Apache Tomcat/8.5.11 logs.</u>
    </p>
    <hr class="line"/>
    <h3>Apache Tomcat/8.5.11</h3>
  </body>
</html>
]]></system-out>
  </testcase>
  <testcase name="testGetConfigurationDetails" classname="ts01glm_5_2.ProductConfigurationTest" time="0.009"/>
  <testcase name="testGetConfigurationsForProduct" classname="ts01glm_5_2.ProductConfigurationTest" time="0.023"/>
</testsuite>