<?xml version="1.0" encoding="UTF-8"?>
<testsuite xmlns:xsi="http://www.w3.org/2001/XMLSchema-instance" xsi:noNamespaceSchemaLocation="https://maven.apache.org/surefire/maven-surefire-plugin/xsd/surefire-test-report-3.0.xsd" version="3.0" name="ts01qwen3_7_plus.ExpintTest" time="0.061" tests="6" errors="0" skipped="0" failures="0">
  <properties>
[...]
</properties>
  <testcase name="testExpintNegativeNAndX" classname="ts01qwen3_7_plus.ExpintTest" time="0.007"/>
  <testcase name="testExpintZeroNAndZeroX" classname="ts01qwen3_7_plus.ExpintTest" time="0.01"/>
  <testcase name="testExpintPositiveNXGreaterThanOne" classname="ts01qwen3_7_plus.ExpintTest" time="0.01"/>
  <testcase name="testExpintZeroNPositiveX" classname="ts01qwen3_7_plus.ExpintTest" time="0.011"/>
  <testcase name="testExpintPositiveNXLessThanOrEqualToOne" classname="ts01qwen3_7_plus.ExpintTest" time="0.01"/>
  <testcase name="testExpintPositiveNZeroX" classname="ts01qwen3_7_plus.ExpintTest" time="0.013"/>
</testsuite>